OpenROAD 41a51eaf4ca2171c92ff38afb91eb37bbd3f36da 
This program is licensed under the BSD-3 license. See the LICENSE file for details.
Components of this program may be licensed under more restrictive licenses which must be honored.
[INFO ODB-0222] Reading LEF file: /home/sandeep/low_power_iot/runs/RUN_2026.03.22_16.42.13/tmp/merged.max.lef
[INFO ODB-0223]     Created 14 technology layers
[INFO ODB-0224]     Created 25 technology vias
[INFO ODB-0225]     Created 441 library cells
[INFO ODB-0226] Finished LEF file:  /home/sandeep/low_power_iot/runs/RUN_2026.03.22_16.42.13/tmp/merged.max.lef
[INFO ODB-0127] Reading DEF file: /home/sandeep/low_power_iot/runs/RUN_2026.03.22_16.42.13/results/routing/iot_core_top.def
[INFO ODB-0128] Design: iot_core_top
[INFO ODB-0130]     Created 22 pins.
[INFO ODB-0131]     Created 8267 components and 31344 component-terminals.
[INFO ODB-0132]     Created 2 special nets and 30780 connections.
[INFO ODB-0133]     Created 185 nets and 545 connections.
[INFO ODB-0134] Finished DEF file: /home/sandeep/low_power_iot/runs/RUN_2026.03.22_16.42.13/results/routing/iot_core_top.def
define_corners Typical
read_liberty -corner Typical /home/sandeep/.ciel/sky130A/libs.ref/sky130_fd_sc_hd/lib/sky130_fd_sc_hd__tt_025C_1v80.lib
Using 1e-12 for capacitance...
Using 1e+03 for resistance...
Using 1e-09 for time...
Using 1e+00 for voltage...
Using 1e-03 for current...
Using 1e-09 for power...
Using 1e-06 for distance...
Using RCX ruleset '/home/sandeep/.ciel/sky130A/libs.tech/openlane/rules.openrcx.sky130A.max.calibre'...
[INFO RCX-0431] Defined process_corner X with ext_model_index 0
[INFO RCX-0029] Defined extraction corner X
[INFO RCX-0008] extracting parasitics of iot_core_top ...
[INFO RCX-0435] Reading extraction model file /home/sandeep/.ciel/sky130A/libs.tech/openlane/rules.openrcx.sky130A.max.calibre ...
[INFO RCX-0436] RC segment generation iot_core_top (max_merge_res 50.0) ...
[INFO RCX-0040] Final 792 rc segments
[INFO RCX-0439] Coupling Cap extraction iot_core_top ...
[INFO RCX-0440] Coupling threshhold is 0.1000 fF, coupling capacitance less than 0.1000 fF will be grounded.
[INFO RCX-0043] 1592 wires to be extracted
[INFO RCX-0442] 64% completion -- 1027 wires have been extracted
[INFO RCX-0442] 100% completion -- 1592 wires have been extracted
[INFO RCX-0045] Extract 185 nets, 977 rsegs, 977 caps, 922 ccs
[INFO RCX-0015] Finished extracting iot_core_top.
Writing result to /home/sandeep/low_power_iot/runs/RUN_2026.03.22_16.42.13/results/routing/mca/process_corner_max/iot_core_top.spef...
Setting global connections for newly added cells…
[WARNING] Did not save OpenROAD database!
Writing extracted parasitics to '/home/sandeep/low_power_iot/runs/RUN_2026.03.22_16.42.13/results/routing/mca/process_corner_max/iot_core_top.spef'…
[INFO RCX-0016] Writing SPEF ...
[INFO RCX-0443] 185 nets finished
[INFO RCX-0017] Finished writing SPEF ...
