OpenROAD 41a51eaf4ca2171c92ff38afb91eb37bbd3f36da 
This program is licensed under the BSD-3 license. See the LICENSE file for details.
Components of this program may be licensed under more restrictive licenses which must be honored.
[INFO]: Reading ODB at '/home/sandeep/low_power_iot/runs/RUN_2026.03.22_16.42.13/results/routing/iot_core_top.odb'…
define_corners Typical
read_liberty -corner Typical /home/sandeep/.ciel/sky130A/libs.ref/sky130_fd_sc_hd/lib/sky130_fd_sc_hd__tt_025C_1v80.lib
Using 1e-12 for capacitance...
Using 1e+03 for resistance...
Using 1e-09 for time...
Using 1e+00 for voltage...
Using 1e-03 for current...
Using 1e-09 for power...
Using 1e-06 for distance...
Reading design constraints file at '/home/sandeep/low_power_iot/runs/RUN_2026.03.22_16.42.13/tmp/17-iot_core_top.sdc'…
Net: net3
  Pin: output3/A (sky130_fd_sc_hd__clkbuf_4)
    Layer: met2
      Partial area ratio:   63.56
      Required ratio:    0.00 (Gate area) 
      Partial area ratio:  318.25
      Required ratio: 2753.36 (Side area) 
      Cumulative area ratio:  180.38
      Required ratio:    0.00 (Cumulative area) 
      Cumulative area ratio:  903.76
      Required ratio:    0.00 (Cumulative side area) 

    Layer: met1
      Partial area ratio:  116.82
      Required ratio:    0.00 (Gate area) 
      Partial area ratio:  585.50
      Required ratio:  400.00 (Side area) (VIOLATED)
      Cumulative area ratio:  116.82
      Required ratio:    0.00 (Cumulative area) 
      Cumulative area ratio:  585.50
      Required ratio:    0.00 (Cumulative side area) 

    Layer: li1
      Partial area ratio:    0.00
      Required ratio:    0.00 (Gate area) 
      Partial area ratio:    0.00
      Required ratio:   75.00 (Side area) 
      Cumulative area ratio:    0.00
      Required ratio:    0.00 (Cumulative area) 
      Cumulative area ratio:    0.00
      Required ratio:    0.00 (Cumulative side area) 

    Via: M1M2_PR
      Partial area ratio:    0.11
      Required ratio:    6.00 (Gate area) 
      Cumulative area ratio:    0.24
      Required ratio:    0.00 (Cumulative area) 

    Via: L1M1_PR
      Partial area ratio:    0.14
      Required ratio:    3.00 (Gate area) 
      Cumulative area ratio:    0.14
      Required ratio:    0.00 (Cumulative area) 


Net: net6
  Pin: output6/A (sky130_fd_sc_hd__buf_2)
    Layer: met2
      Partial area ratio:   42.33
      Required ratio:    0.00 (Gate area) 
      Partial area ratio:  212.29
      Required ratio: 2753.36 (Side area) 
      Cumulative area ratio:  160.32
      Required ratio:    0.00 (Cumulative area) 
      Cumulative area ratio:  802.84
      Required ratio:    0.00 (Cumulative side area) 

    Layer: met1
      Partial area ratio:  117.99
      Required ratio:    0.00 (Gate area) 
      Partial area ratio:  590.55
      Required ratio:  400.00 (Side area) (VIOLATED)
      Cumulative area ratio:  117.99
      Required ratio:    0.00 (Cumulative area) 
      Cumulative area ratio:  590.55
      Required ratio:    0.00 (Cumulative side area) 

    Layer: li1
      Partial area ratio:    0.00
      Required ratio:    0.00 (Gate area) 
      Partial area ratio:    0.00
      Required ratio:   75.00 (Side area) 
      Cumulative area ratio:    0.00
      Required ratio:    0.00 (Cumulative area) 
      Cumulative area ratio:    0.00
      Required ratio:    0.00 (Cumulative side area) 

    Via: M1M2_PR
      Partial area ratio:    0.14
      Required ratio:    6.00 (Gate area) 
      Cumulative area ratio:    0.32
      Required ratio:    0.00 (Cumulative area) 

    Via: L1M1_PR
      Partial area ratio:    0.18
      Required ratio:    3.00 (Gate area) 
      Cumulative area ratio:    0.18
      Required ratio:    0.00 (Cumulative area) 


Net: net7
  Pin: output7/A (sky130_fd_sc_hd__clkbuf_4)
    Layer: met2
      Partial area ratio:  104.90
      Required ratio:    0.00 (Gate area) 
      Partial area ratio:  524.97
      Required ratio: 2778.20 (Side area) 
      Cumulative area ratio:  194.50
      Required ratio:    0.00 (Cumulative area) 
      Cumulative area ratio:  973.89
      Required ratio:    0.00 (Cumulative side area) 

    Layer: met1
      Partial area ratio:   89.60
      Required ratio:    0.00 (Gate area) 
      Partial area ratio:  448.92
      Required ratio:  400.00 (Side area) (VIOLATED)
      Cumulative area ratio:   89.60
      Required ratio:    0.00 (Cumulative area) 
      Cumulative area ratio:  448.92
      Required ratio:    0.00 (Cumulative side area) 

    Layer: li1
      Partial area ratio:    0.00
      Required ratio:    0.00 (Gate area) 
      Partial area ratio:    0.00
      Required ratio:   75.00 (Side area) 
      Cumulative area ratio:    0.00
      Required ratio:    0.00 (Cumulative area) 
      Cumulative area ratio:    0.00
      Required ratio:    0.00 (Cumulative side area) 

    Via: M1M2_PR
      Partial area ratio:    0.11
      Required ratio:    6.00 (Gate area) 
      Cumulative area ratio:    0.24
      Required ratio:    0.00 (Cumulative area) 

    Via: L1M1_PR
      Partial area ratio:    0.14
      Required ratio:    3.00 (Gate area) 
      Cumulative area ratio:    0.14
      Required ratio:    0.00 (Cumulative area) 


[INFO ANT-0002] Found 3 net violations.
[INFO ANT-0001] Found 3 pin violations.
