OpenROAD 41a51eaf4ca2171c92ff38afb91eb37bbd3f36da 
This program is licensed under the BSD-3 license. See the LICENSE file for details.
Components of this program may be licensed under more restrictive licenses which must be honored.
define_corners Typical
read_liberty -corner Typical /home/sandeep/.ciel/sky130A/libs.ref/sky130_fd_sc_hd/lib/sky130_fd_sc_hd__tt_025C_1v80.lib
Using 1e-12 for capacitance...
Using 1e+03 for resistance...
Using 1e-09 for time...
Using 1e+00 for voltage...
Using 1e-03 for current...
Using 1e-09 for power...
Using 1e-06 for distance...
[INFO ODB-0222] Reading LEF file: /home/sandeep/low_power_iot/runs/RUN_2026.03.23_04.21.14/tmp/merged.nom.lef
[INFO ODB-0223]     Created 14 technology layers
[INFO ODB-0224]     Created 25 technology vias
[INFO ODB-0225]     Created 441 library cells
[INFO ODB-0226] Finished LEF file:  /home/sandeep/low_power_iot/runs/RUN_2026.03.23_04.21.14/tmp/merged.nom.lef
Reading netlist '/home/sandeep/low_power_iot/runs/RUN_2026.03.23_04.21.14/results/synthesis/iot_core_top.v'…
Reading design constraints file at '/openlane/scripts/base.sdc'…
[INFO]: Setting output delay to: 2.0
[INFO]: Setting input delay to: 2.0
[INFO]: Setting load to: 0.033442
[INFO]: Setting clock uncertainty to: 0.25
[INFO]: Setting clock transition to: 0.15
[INFO]: Setting timing derate to: 5.0 %
[INFO IFP-0001] Added 102 rows of 628 site unithd with height 1.
[INFO IFP-0030] Inserted 0 tiecells using sky130_fd_sc_hd__conb_1/LO.
[INFO IFP-0030] Inserted 0 tiecells using sky130_fd_sc_hd__conb_1/HI.
[INFO] Extracting DIE_AREA and CORE_AREA from the floorplan
[INFO] Floorplanned on a die area of 0.0 0.0 300.0 300.0 (microns). Saving to /home/sandeep/low_power_iot/runs/RUN_2026.03.23_04.21.14/reports/floorplan/3-initial_fp_die_area.rpt.
[INFO] Floorplanned on a core area of 5.52 10.88 294.4 288.32 (microns). Saving to /home/sandeep/low_power_iot/runs/RUN_2026.03.23_04.21.14/reports/floorplan/3-initial_fp_core_area.rpt.
Writing OpenROAD database to '/home/sandeep/low_power_iot/runs/RUN_2026.03.23_04.21.14/tmp/floorplan/3-initial_fp.odb'…
Writing layout to '/home/sandeep/low_power_iot/runs/RUN_2026.03.23_04.21.14/tmp/floorplan/3-initial_fp.def'…
Writing timing constraints to '/home/sandeep/low_power_iot/runs/RUN_2026.03.23_04.21.14/tmp/floorplan/3-initial_fp.sdc'…
