
78. Printing statistics.

=== iot_core_top ===

   Number of wires:                134
   Number of wire bits:            149
   Number of public wires:         134
   Number of public wire bits:     149
   Number of memories:               0
   Number of memory bits:            0
   Number of processes:              0
   Number of cells:                146
     sky130_fd_sc_hd__a211o_2        2
     sky130_fd_sc_hd__a21bo_2        2
     sky130_fd_sc_hd__a21o_2         2
     sky130_fd_sc_hd__a21oi_2       11
     sky130_fd_sc_hd__a22o_2         2
     sky130_fd_sc_hd__a2bb2o_2       3
     sky130_fd_sc_hd__a31o_2         4
     sky130_fd_sc_hd__a31oi_2        3
     sky130_fd_sc_hd__a41o_2         2
     sky130_fd_sc_hd__and2_2         3
     sky130_fd_sc_hd__and2b_2        1
     sky130_fd_sc_hd__and3_2         2
     sky130_fd_sc_hd__and3b_2        1
     sky130_fd_sc_hd__and4_2         5
     sky130_fd_sc_hd__buf_1         15
     sky130_fd_sc_hd__buf_2         16
     sky130_fd_sc_hd__conb_1        17
     sky130_fd_sc_hd__dfrtp_2       16
     sky130_fd_sc_hd__inv_2          5
     sky130_fd_sc_hd__mux2_2         7
     sky130_fd_sc_hd__nand2_2        2
     sky130_fd_sc_hd__nand2b_2       1
     sky130_fd_sc_hd__nand3_2        1
     sky130_fd_sc_hd__nor2_2         7
     sky130_fd_sc_hd__o211a_2        1
     sky130_fd_sc_hd__o21a_2         4
     sky130_fd_sc_hd__o22a_2         5
     sky130_fd_sc_hd__o2bb2a_2       1
     sky130_fd_sc_hd__or2_2          2
     sky130_fd_sc_hd__or3_2          1
     sky130_fd_sc_hd__or3b_2         2

   Chip area for module '\iot_core_top': 1346.291200

