Instance name,  X location,  Y location,  Voltage 
FILLER_0_101_389, 178.74, 282.88, 0.000286894
FILLER_0_99_385, 178.74, 277.44, 0.000280748
FILLER_0_97_385, 178.74, 272, 0.000280663
FILLER_0_95_385, 178.74, 266.56, 0.000280825
FILLER_0_93_385, 178.74, 261.12, 0.000281242
FILLER_0_91_385, 178.74, 255.68, 0.000281922
FILLER_0_89_385, 178.74, 250.24, 0.000282878
FILLER_0_87_385, 178.74, 244.8, 0.000285103
FILLER_0_85_385, 178.74, 239.36, 0.000290959
FILLER_0_83_385, 178.74, 233.92, 0.00028701
FILLER_0_81_385, 178.74, 228.48, 0.000288806
FILLER_0_79_385, 178.74, 223.04, 0.000290975
FILLER_0_77_385, 178.74, 217.6, 0.000293543
FILLER_0_75_385, 178.74, 212.16, 0.00029654
FILLER_0_73_385, 178.74, 206.72, 0.000299998
FILLER_0_71_385, 178.74, 201.28, 0.000312063
FILLER_0_69_385, 178.74, 195.84, 0.000326851
FILLER_0_67_385, 178.74, 190.4, 0.00034717
FILLER_0_65_385, 178.74, 184.96, 0.000346689
FILLER_0_63_385, 178.74, 179.52, 0.000364845
FILLER_0_61_385, 178.74, 174.08, 0.000404203
FILLER_0_59_385, 178.74, 168.64, 0.00054826
FILLER_0_57_381, 178.74, 163.2, 0.0003986
FILLER_0_57_389, 178.74, 163.2, 0.0003986
FILLER_0_55_385, 178.74, 157.76, 0.000377013
FILLER_0_53_385, 178.74, 152.32, 0.000414612
FILLER_0_51_385, 178.74, 146.88, 0.000400466
FILLER_0_49_385, 178.74, 141.44, 0.000376975
FILLER_0_47_385, 178.74, 136, 0.000367269
FILLER_0_45_385, 178.74, 130.56, 0.000366177
FILLER_0_43_385, 178.74, 125.12, 0.000365405
FILLER_0_41_385, 178.74, 119.68, 0.000367187
FILLER_0_39_385, 178.74, 114.24, 0.000364547
FILLER_0_37_385, 178.74, 108.8, 0.000364413
FILLER_0_35_385, 178.74, 103.36, 0.0003645
FILLER_0_33_385, 178.74, 97.92, 0.000364789
FILLER_0_31_385, 178.74, 92.48, 0.000365262
FILLER_0_29_385, 178.74, 87.04, 0.000365901
FILLER_0_27_385, 178.74, 81.6, 0.000366693
FILLER_0_25_385, 178.74, 76.16, 0.000367621
FILLER_0_23_385, 178.74, 70.72, 0.000368673
FILLER_0_21_385, 178.74, 65.28, 0.000369836
FILLER_0_19_385, 178.74, 59.84, 0.000372272
FILLER_0_17_385, 178.74, 54.4, 0.00037231
FILLER_0_15_385, 178.74, 48.96, 0.000373603
FILLER_0_13_385, 178.74, 43.52, 0.00037497
FILLER_0_11_385, 178.74, 38.08, 0.000376405
FILLER_0_9_385, 178.74, 32.64, 0.000377901
FILLER_0_7_385, 178.74, 27.2, 0.000379934
FILLER_0_5_385, 178.74, 21.76, 0.000382262
FILLER_0_3_385, 178.74, 16.32, 0.000384645
output18, 178.74, 10.88, 0.000428437
FILLER_0_0_385, 178.74, 10.88, 0.000428437
FILLER_0_1_385, 178.74, 10.88, 0.000428437
FILLER_0_101_53, 25.14, 282.88, 0.000230798
FILLER_0_99_51, 25.14, 277.44, 0.000212807
FILLER_0_97_51, 25.14, 272, 0.000210965
FILLER_0_95_51, 25.14, 266.56, 0.000208875
FILLER_0_93_51, 25.14, 261.12, 0.000206532
FILLER_0_91_51, 25.14, 255.68, 0.000203924
FILLER_0_89_51, 25.14, 250.24, 0.00020104
FILLER_0_87_45, 25.14, 244.8, 0.000213881
FILLER_0_87_53, 25.14, 244.8, 0.000213881
FILLER_0_85_51, 25.14, 239.36, 0.000193791
FILLER_0_83_51, 25.14, 233.92, 0.000188691
FILLER_0_81_51, 25.14, 228.48, 0.000183573
FILLER_0_79_51, 25.14, 223.04, 0.000178083
FILLER_0_77_51, 25.14, 217.6, 0.000172194
FILLER_0_75_51, 25.14, 212.16, 0.000165876
FILLER_0_73_51, 25.14, 206.72, 0.000159096
FILLER_0_71_51, 25.14, 201.28, 0.000156233
FILLER_0_69_51, 25.14, 195.84, 0.000157138
FILLER_0_67_51, 25.14, 190.4, 0.000161789
FILLER_0_65_51, 25.14, 184.96, 0.000145712
FILLER_0_63_51, 25.14, 179.52, 0.000160454
FILLER_0_61_51, 25.14, 174.08, 0.000202997
FILLER_0_59_51, 25.14, 168.64, 0.000319677
FILLER_0_57_51, 25.14, 163.2, 0.000245309
FILLER_0_55_51, 25.14, 157.76, 0.000234587
FILLER_0_53_51, 25.14, 152.32, 0.000285305
FILLER_0_51_51, 25.14, 146.88, 0.00027067
FILLER_0_49_51, 25.14, 141.44, 0.000268389
FILLER_0_47_51, 25.14, 136, 0.000268377
FILLER_0_45_51, 25.14, 130.56, 0.00027584
FILLER_0_43_51, 25.14, 125.12, 0.000282983
FILLER_0_41_45, 25.14, 119.68, 0.000298566
FILLER_0_41_53, 25.14, 119.68, 0.000298566
FILLER_0_39_51, 25.14, 114.24, 0.00029591
FILLER_0_37_51, 25.14, 108.8, 0.000301742
FILLER_0_35_51, 25.14, 103.36, 0.000307352
FILLER_0_33_51, 25.14, 97.92, 0.00031276
FILLER_0_31_51, 25.14, 92.48, 0.000317985
FILLER_0_29_51, 25.14, 87.04, 0.000323042
FILLER_0_27_51, 25.14, 81.6, 0.000327948
FILLER_0_25_51, 25.14, 76.16, 0.000332717
FILLER_0_23_51, 25.14, 70.72, 0.000337362
FILLER_0_21_51, 25.14, 65.28, 0.000341897
FILLER_0_19_45, 25.14, 59.84, 0.000365552
FILLER_0_19_53, 25.14, 59.84, 0.000365552
FILLER_0_17_51, 25.14, 54.4, 0.000349566
FILLER_0_15_51, 25.14, 48.96, 0.000352719
FILLER_0_13_51, 25.14, 43.52, 0.000355798
FILLER_0_11_51, 25.14, 38.08, 0.000358809
FILLER_0_9_51, 25.14, 32.64, 0.000361758
FILLER_0_7_51, 25.14, 27.2, 0.000364171
FILLER_0_5_51, 25.14, 21.76, 0.00036629
FILLER_0_3_51, 25.14, 16.32, 0.000368352
FILLER_0_0_53, 25.14, 10.88, 0.000401482
FILLER_0_1_51, 25.14, 10.88, 0.000401482
PHY_202, 5.52, 288.32, 0.00021724
PHY_203, 294.4, 288.32, 0.000305264
output3, 294.4, 288.32, 0.000305264
FILLER_0_101_19, 15.33, 288.32, 0.00021724
FILLER_0_101_125, 63.54, 288.32, 0.000243175
output9, 127.54, 288.32, 0.000286402
FILLER_0_101_253, 127.54, 288.32, 0.000286402
output4, 191.591, 288.32, 0.00029157
output17, 242.995, 288.32, 0.000303986
FILLER_0_101_505, 242.995, 288.32, 0.000303986
PHY_198, 5.52, 282.88, 0.000234084
PHY_200, 5.52, 282.88, 0.000234084
input1, 5.52, 282.88, 0.000234084
PHY_199, 294.4, 282.88, 0.000286895
PHY_201, 294.4, 282.88, 0.000286895
FILLER_0_99_617, 294.4, 282.88, 0.000286895
FILLER_0_100_77, 37.94, 282.88, 0.000255179
FILLER_0_101_81, 37.94, 282.88, 0.000255179
FILLER_0_101_109, 50.74, 282.88, 0.000279561
output11, 63.54, 282.88, 0.000303942
FILLER_0_100_133, 63.54, 282.88, 0.000303942
FILLER_0_101_135, 63.54, 282.88, 0.000303942
FILLER_0_101_165, 76.34, 282.88, 0.000302048
FILLER_0_100_189, 89.14, 282.88, 0.000300154
FILLER_0_101_193, 89.14, 282.88, 0.000300154
FILLER_0_101_221, 101.94, 282.88, 0.00029826
FILLER_0_100_245, 114.74, 282.88, 0.000296365
FILLER_0_101_249, 114.74, 282.88, 0.000296365
FILLER_0_100_301, 140.34, 282.88, 0.000292577
FILLER_0_101_305, 140.34, 282.88, 0.000292577
FILLER_0_101_333, 153.14, 282.88, 0.000290683
FILLER_0_100_357, 165.94, 282.88, 0.000288788
FILLER_0_101_361, 165.94, 282.88, 0.000288788
FILLER_0_100_413, 191.591, 282.88, 0.000286894
FILLER_0_101_411, 191.591, 282.88, 0.000286894
FILLER_0_101_445, 204.442, 282.88, 0.000286894
FILLER_0_100_469, 217.293, 282.88, 0.000286894
FILLER_0_101_473, 217.293, 282.88, 0.000286894
FILLER_0_101_501, 230.144, 282.88, 0.000286894
FILLER_0_100_525, 242.995, 282.88, 0.000286894
FILLER_0_101_557, 255.846, 282.88, 0.000286895
FILLER_0_100_581, 268.697, 282.88, 0.000286895
FILLER_0_101_585, 268.697, 282.88, 0.000286895
FILLER_0_101_613, 281.548, 282.88, 0.000286895
PHY_194, 5.52, 277.44, 0.000212808
PHY_196, 5.52, 277.44, 0.000212808
PHY_195, 294.4, 277.44, 0.000280748
PHY_197, 294.4, 277.44, 0.000280748
FILLER_0_97_617, 294.4, 277.44, 0.000280748
FILLER_0_98_77, 37.94, 277.44, 0.000218469
FILLER_0_99_105, 50.74, 277.44, 0.000224131
FILLER_0_98_133, 63.54, 277.44, 0.000229793
FILLER_0_99_161, 76.34, 277.44, 0.000235454
FILLER_0_98_189, 89.14, 277.44, 0.000241116
FILLER_0_99_217, 101.94, 277.44, 0.000246778
FILLER_0_98_245, 114.74, 277.44, 0.000252439
FILLER_0_99_273, 127.54, 277.44, 0.000258101
FILLER_0_98_301, 140.34, 277.44, 0.000263763
FILLER_0_99_329, 153.14, 277.44, 0.000269424
FILLER_0_98_357, 165.94, 277.44, 0.000275086
FILLER_0_98_413, 191.591, 277.44, 0.000280748
FILLER_0_99_441, 204.442, 277.44, 0.000280748
FILLER_0_98_469, 217.293, 277.44, 0.000280748
FILLER_0_99_497, 230.144, 277.44, 0.000280748
FILLER_0_98_525, 242.995, 277.44, 0.000280748
FILLER_0_99_553, 255.846, 277.44, 0.000280748
FILLER_0_98_581, 268.697, 277.44, 0.000280748
FILLER_0_99_609, 281.548, 277.44, 0.000280748
PHY_190, 5.52, 272, 0.000210965
PHY_192, 5.52, 272, 0.000210965
PHY_191, 294.4, 272, 0.000280664
PHY_193, 294.4, 272, 0.000280664
FILLER_0_95_617, 294.4, 272, 0.000280664
FILLER_0_96_77, 37.94, 272, 0.000216773
FILLER_0_97_105, 50.74, 272, 0.000222581
FILLER_0_96_133, 63.54, 272, 0.000228389
FILLER_0_97_161, 76.34, 272, 0.000234198
FILLER_0_96_189, 89.14, 272, 0.000240006
FILLER_0_97_217, 101.94, 272, 0.000245814
FILLER_0_96_245, 114.74, 272, 0.000251622
FILLER_0_97_273, 127.54, 272, 0.000257431
FILLER_0_96_301, 140.34, 272, 0.000263239
FILLER_0_97_329, 153.14, 272, 0.000269047
FILLER_0_96_357, 165.94, 272, 0.000274855
FILLER_0_96_413, 191.591, 272, 0.000280663
FILLER_0_97_441, 204.442, 272, 0.000280664
FILLER_0_96_469, 217.293, 272, 0.000280664
FILLER_0_97_497, 230.144, 272, 0.000280664
FILLER_0_96_525, 242.995, 272, 0.000280664
FILLER_0_97_553, 255.846, 272, 0.000280664
FILLER_0_96_581, 268.697, 272, 0.000280664
FILLER_0_97_609, 281.548, 272, 0.000280664
PHY_186, 5.52, 266.56, 0.000208875
PHY_188, 5.52, 266.56, 0.000208875
PHY_187, 294.4, 266.56, 0.000280826
PHY_189, 294.4, 266.56, 0.000280826
FILLER_0_93_617, 294.4, 266.56, 0.000280826
FILLER_0_94_77, 37.94, 266.56, 0.000214871
FILLER_0_95_105, 50.74, 266.56, 0.000220867
FILLER_0_94_133, 63.54, 266.56, 0.000226863
FILLER_0_95_161, 76.34, 266.56, 0.000232859
FILLER_0_94_189, 89.14, 266.56, 0.000238855
FILLER_0_95_217, 101.94, 266.56, 0.00024485
FILLER_0_94_245, 114.74, 266.56, 0.000250846
FILLER_0_95_273, 127.54, 266.56, 0.000256842
FILLER_0_94_301, 140.34, 266.56, 0.000262838
FILLER_0_95_329, 153.14, 266.56, 0.000268834
FILLER_0_94_357, 165.94, 266.56, 0.00027483
FILLER_0_94_413, 191.591, 266.56, 0.000280825
FILLER_0_95_441, 204.442, 266.56, 0.000280826
FILLER_0_94_469, 217.293, 266.56, 0.000280826
FILLER_0_95_497, 230.144, 266.56, 0.000280826
FILLER_0_94_525, 242.995, 266.56, 0.000280826
FILLER_0_95_553, 255.846, 266.56, 0.000280826
FILLER_0_94_581, 268.697, 266.56, 0.000280826
FILLER_0_95_609, 281.548, 266.56, 0.000280826
PHY_182, 5.52, 261.12, 0.000206532
PHY_184, 5.52, 261.12, 0.000206532
PHY_183, 294.4, 261.12, 0.000281242
PHY_185, 294.4, 261.12, 0.000281242
FILLER_0_91_617, 294.4, 261.12, 0.000281242
FILLER_0_92_77, 37.94, 261.12, 0.000212757
FILLER_0_93_105, 50.74, 261.12, 0.000218983
FILLER_0_92_133, 63.54, 261.12, 0.000225209
FILLER_0_93_161, 76.34, 261.12, 0.000231435
FILLER_0_92_189, 89.14, 261.12, 0.000237661
FILLER_0_93_217, 101.94, 261.12, 0.000243887
FILLER_0_92_245, 114.74, 261.12, 0.000250113
FILLER_0_93_273, 127.54, 261.12, 0.000256338
FILLER_0_92_301, 140.34, 261.12, 0.000262564
FILLER_0_93_329, 153.14, 261.12, 0.00026879
FILLER_0_92_357, 165.94, 261.12, 0.000275016
FILLER_0_92_413, 191.591, 261.12, 0.000281242
FILLER_0_93_441, 204.442, 261.12, 0.000281242
FILLER_0_92_469, 217.293, 261.12, 0.000281242
FILLER_0_93_497, 230.144, 261.12, 0.000281242
FILLER_0_92_525, 242.995, 261.12, 0.000281242
FILLER_0_93_553, 255.846, 261.12, 0.000281242
FILLER_0_92_581, 268.697, 261.12, 0.000281242
FILLER_0_93_609, 281.548, 261.12, 0.000281242
PHY_178, 5.52, 255.68, 0.000203924
PHY_180, 5.52, 255.68, 0.000203924
PHY_179, 294.4, 255.68, 0.000281923
PHY_181, 294.4, 255.68, 0.000281923
FILLER_0_89_617, 294.4, 255.68, 0.000281923
FILLER_0_90_77, 37.94, 255.68, 0.000210424
FILLER_0_91_105, 50.74, 255.68, 0.000216924
FILLER_0_90_133, 63.54, 255.68, 0.000223424
FILLER_0_91_161, 76.34, 255.68, 0.000229923
FILLER_0_90_189, 89.14, 255.68, 0.000236423
FILLER_0_91_217, 101.94, 255.68, 0.000242923
FILLER_0_90_245, 114.74, 255.68, 0.000249423
FILLER_0_91_273, 127.54, 255.68, 0.000255923
FILLER_0_90_301, 140.34, 255.68, 0.000262423
FILLER_0_91_329, 153.14, 255.68, 0.000268922
FILLER_0_90_357, 165.94, 255.68, 0.000275422
FILLER_0_90_413, 191.591, 255.68, 0.000281922
FILLER_0_91_441, 204.442, 255.68, 0.000281922
FILLER_0_90_469, 217.293, 255.68, 0.000281922
FILLER_0_91_497, 230.144, 255.68, 0.000281922
FILLER_0_90_525, 242.995, 255.68, 0.000281923
FILLER_0_91_553, 255.846, 255.68, 0.000281923
FILLER_0_90_581, 268.697, 255.68, 0.000281923
FILLER_0_91_609, 281.548, 255.68, 0.000281923
PHY_174, 5.52, 250.24, 0.00020104
PHY_176, 5.52, 250.24, 0.00020104
PHY_175, 294.4, 250.24, 0.000282879
PHY_177, 294.4, 250.24, 0.000282879
FILLER_0_87_617, 294.4, 250.24, 0.000282879
FILLER_0_88_77, 37.94, 250.24, 0.00020786
FILLER_0_89_105, 50.74, 250.24, 0.00021468
FILLER_0_88_133, 63.54, 250.24, 0.0002215
FILLER_0_89_161, 76.34, 250.24, 0.00022832
FILLER_0_88_189, 89.14, 250.24, 0.00023514
FILLER_0_89_217, 101.94, 250.24, 0.000241959
FILLER_0_88_245, 114.74, 250.24, 0.000248779
FILLER_0_89_273, 127.54, 250.24, 0.000255599
FILLER_0_88_301, 140.34, 250.24, 0.000262419
FILLER_0_89_329, 153.14, 250.24, 0.000269239
FILLER_0_88_357, 165.94, 250.24, 0.000276058
FILLER_0_88_413, 191.591, 250.24, 0.000282878
FILLER_0_89_441, 204.442, 250.24, 0.000282878
FILLER_0_88_469, 217.293, 250.24, 0.000282878
FILLER_0_89_497, 230.144, 250.24, 0.000282879
FILLER_0_88_525, 242.995, 250.24, 0.000282879
FILLER_0_89_553, 255.846, 250.24, 0.000282879
FILLER_0_88_581, 268.697, 250.24, 0.000282879
FILLER_0_89_609, 281.548, 250.24, 0.000282879
PHY_170, 5.52, 244.8, 0.000247208
PHY_172, 5.52, 244.8, 0.000247208
output8, 5.52, 244.8, 0.000247208
PHY_171, 294.4, 244.8, 0.000285103
PHY_173, 294.4, 244.8, 0.000285103
FILLER_0_85_617, 294.4, 244.8, 0.000285103
FILLER_0_86_77, 37.94, 244.8, 0.000219816
FILLER_0_87_105, 50.74, 244.8, 0.000225751
FILLER_0_86_133, 63.54, 244.8, 0.000231686
FILLER_0_87_161, 76.34, 244.8, 0.000237621
FILLER_0_86_189, 89.14, 244.8, 0.000243557
FILLER_0_87_217, 101.94, 244.8, 0.000249492
FILLER_0_86_245, 114.74, 244.8, 0.000255427
FILLER_0_87_273, 127.54, 244.8, 0.000261362
FILLER_0_86_301, 140.34, 244.8, 0.000267297
FILLER_0_87_329, 153.14, 244.8, 0.000273232
FILLER_0_86_357, 165.94, 244.8, 0.000279167
FILLER_0_86_413, 191.591, 244.8, 0.000285103
FILLER_0_87_441, 204.442, 244.8, 0.000285103
FILLER_0_86_469, 217.293, 244.8, 0.000285103
FILLER_0_87_497, 230.144, 244.8, 0.000285103
FILLER_0_86_525, 242.995, 244.8, 0.000285103
FILLER_0_87_553, 255.846, 244.8, 0.000285103
FILLER_0_86_581, 268.697, 244.8, 0.000285103
FILLER_0_87_609, 281.548, 244.8, 0.000285103
PHY_166, 5.52, 239.36, 0.000193791
PHY_168, 5.52, 239.36, 0.000193791
PHY_167, 294.4, 239.36, 0.000357201
PHY_169, 294.4, 239.36, 0.000357201
output6, 294.4, 239.36, 0.000357201
FILLER_0_83_617, 294.4, 239.36, 0.000357201
FILLER_0_84_77, 37.94, 239.36, 0.000201889
FILLER_0_85_105, 50.74, 239.36, 0.000209986
FILLER_0_84_133, 63.54, 239.36, 0.000218083
FILLER_0_85_161, 76.34, 239.36, 0.000226181
FILLER_0_84_189, 89.14, 239.36, 0.000234278
FILLER_0_85_217, 101.94, 239.36, 0.000242375
FILLER_0_84_245, 114.74, 239.36, 0.000250473
FILLER_0_85_273, 127.54, 239.36, 0.00025857
FILLER_0_84_301, 140.34, 239.36, 0.000266667
FILLER_0_85_329, 153.14, 239.36, 0.000274765
FILLER_0_84_357, 165.94, 239.36, 0.000282862
FILLER_0_84_413, 191.591, 239.36, 0.00029832
FILLER_0_85_441, 204.442, 239.36, 0.00030568
FILLER_0_84_469, 217.293, 239.36, 0.00031304
FILLER_0_85_497, 230.144, 239.36, 0.0003204
FILLER_0_84_525, 242.995, 239.36, 0.00032776
FILLER_0_85_553, 255.846, 239.36, 0.00033512
FILLER_0_84_581, 268.697, 239.36, 0.00034248
FILLER_0_84_613, 281.548, 239.36, 0.00034984
FILLER_0_85_609, 281.548, 239.36, 0.00034984
PHY_162, 5.52, 233.92, 0.000188691
PHY_164, 5.52, 233.92, 0.000188691
PHY_163, 294.4, 233.92, 0.00028701
PHY_165, 294.4, 233.92, 0.00028701
FILLER_0_81_617, 294.4, 233.92, 0.00028701
FILLER_0_82_77, 37.94, 233.92, 0.000196884
FILLER_0_83_105, 50.74, 233.92, 0.000205077
FILLER_0_82_133, 63.54, 233.92, 0.000213271
FILLER_0_83_161, 76.34, 233.92, 0.000221464
FILLER_0_82_189, 89.14, 233.92, 0.000229657
FILLER_0_83_217, 101.94, 233.92, 0.00023785
FILLER_0_82_245, 114.74, 233.92, 0.000246044
FILLER_0_83_273, 127.54, 233.92, 0.000254237
FILLER_0_82_301, 140.34, 233.92, 0.00026243
FILLER_0_83_329, 153.14, 233.92, 0.000270623
FILLER_0_82_357, 165.94, 233.92, 0.000278817
FILLER_0_82_413, 191.591, 233.92, 0.00028701
FILLER_0_83_441, 204.442, 233.92, 0.00028701
FILLER_0_82_469, 217.293, 233.92, 0.00028701
FILLER_0_83_497, 230.144, 233.92, 0.00028701
FILLER_0_82_525, 242.995, 233.92, 0.00028701
FILLER_0_83_553, 255.846, 233.92, 0.00028701
FILLER_0_82_581, 268.697, 233.92, 0.00028701
FILLER_0_83_609, 281.548, 233.92, 0.00028701
PHY_158, 5.52, 228.48, 0.000183573
PHY_160, 5.52, 228.48, 0.000183573
PHY_159, 294.4, 228.48, 0.000288807
PHY_161, 294.4, 228.48, 0.000288807
FILLER_0_79_617, 294.4, 228.48, 0.000288807
FILLER_0_80_77, 37.94, 228.48, 0.000192342
FILLER_0_81_105, 50.74, 228.48, 0.000201112
FILLER_0_80_133, 63.54, 228.48, 0.000209881
FILLER_0_81_161, 76.34, 228.48, 0.000218651
FILLER_0_80_189, 89.14, 228.48, 0.00022742
FILLER_0_81_217, 101.94, 228.48, 0.00023619
FILLER_0_80_245, 114.74, 228.48, 0.000244959
FILLER_0_81_273, 127.54, 228.48, 0.000253729
FILLER_0_80_301, 140.34, 228.48, 0.000262498
FILLER_0_81_329, 153.14, 228.48, 0.000271268
FILLER_0_80_357, 165.94, 228.48, 0.000280037
FILLER_0_80_413, 191.591, 228.48, 0.000288807
FILLER_0_81_441, 204.442, 228.48, 0.000288807
FILLER_0_80_469, 217.293, 228.48, 0.000288807
FILLER_0_81_497, 230.144, 228.48, 0.000288807
FILLER_0_80_525, 242.995, 228.48, 0.000288807
FILLER_0_81_553, 255.846, 228.48, 0.000288807
FILLER_0_80_581, 268.697, 228.48, 0.000288807
FILLER_0_81_609, 281.548, 228.48, 0.000288807
PHY_154, 5.52, 223.04, 0.000178083
PHY_156, 5.52, 223.04, 0.000178083
PHY_155, 294.4, 223.04, 0.000290976
PHY_157, 294.4, 223.04, 0.000290976
FILLER_0_77_617, 294.4, 223.04, 0.000290976
FILLER_0_78_77, 37.94, 223.04, 0.000187491
FILLER_0_79_105, 50.74, 223.04, 0.000196898
FILLER_0_78_133, 63.54, 223.04, 0.000206306
FILLER_0_79_161, 76.34, 223.04, 0.000215714
FILLER_0_78_189, 89.14, 223.04, 0.000225121
FILLER_0_79_217, 101.94, 223.04, 0.000234529
FILLER_0_78_245, 114.74, 223.04, 0.000243937
FILLER_0_79_273, 127.54, 223.04, 0.000253345
FILLER_0_78_301, 140.34, 223.04, 0.000262752
FILLER_0_79_329, 153.14, 223.04, 0.00027216
FILLER_0_78_357, 165.94, 223.04, 0.000281568
FILLER_0_78_413, 191.591, 223.04, 0.000290975
FILLER_0_79_441, 204.442, 223.04, 0.000290975
FILLER_0_78_469, 217.293, 223.04, 0.000290976
FILLER_0_79_497, 230.144, 223.04, 0.000290976
FILLER_0_78_525, 242.995, 223.04, 0.000290976
FILLER_0_79_553, 255.846, 223.04, 0.000290976
FILLER_0_78_581, 268.697, 223.04, 0.000290976
FILLER_0_79_609, 281.548, 223.04, 0.000290976
PHY_150, 5.52, 217.6, 0.000172194
PHY_152, 5.52, 217.6, 0.000172194
PHY_151, 294.4, 217.6, 0.000293544
PHY_153, 294.4, 217.6, 0.000293544
FILLER_0_75_617, 294.4, 217.6, 0.000293544
FILLER_0_76_77, 37.94, 217.6, 0.000182306
FILLER_0_77_105, 50.74, 217.6, 0.000192419
FILLER_0_76_133, 63.54, 217.6, 0.000202531
FILLER_0_77_161, 76.34, 217.6, 0.000212644
FILLER_0_76_189, 89.14, 217.6, 0.000222756
FILLER_0_77_217, 101.94, 217.6, 0.000232869
FILLER_0_76_245, 114.74, 217.6, 0.000242981
FILLER_0_77_273, 127.54, 217.6, 0.000253093
FILLER_0_76_301, 140.34, 217.6, 0.000263206
FILLER_0_77_329, 153.14, 217.6, 0.000273318
FILLER_0_76_357, 165.94, 217.6, 0.000283431
FILLER_0_76_413, 191.591, 217.6, 0.000293543
FILLER_0_77_441, 204.442, 217.6, 0.000293543
FILLER_0_76_469, 217.293, 217.6, 0.000293543
FILLER_0_77_497, 230.144, 217.6, 0.000293543
FILLER_0_76_525, 242.995, 217.6, 0.000293543
FILLER_0_77_553, 255.846, 217.6, 0.000293543
FILLER_0_76_581, 268.697, 217.6, 0.000293544
FILLER_0_77_609, 281.548, 217.6, 0.000293544
PHY_146, 5.52, 212.16, 0.000165876
PHY_148, 5.52, 212.16, 0.000165876
PHY_147, 294.4, 212.16, 0.00029654
PHY_149, 294.4, 212.16, 0.00029654
FILLER_0_73_617, 294.4, 212.16, 0.00029654
FILLER_0_74_77, 37.94, 212.16, 0.000176765
FILLER_0_75_105, 50.74, 212.16, 0.000187653
FILLER_0_74_133, 63.54, 212.16, 0.000198542
FILLER_0_75_161, 76.34, 212.16, 0.000209431
FILLER_0_74_189, 89.14, 212.16, 0.000220319
FILLER_0_75_217, 101.94, 212.16, 0.000231208
FILLER_0_74_245, 114.74, 212.16, 0.000242097
FILLER_0_75_273, 127.54, 212.16, 0.000252985
FILLER_0_74_301, 140.34, 212.16, 0.000263874
FILLER_0_75_329, 153.14, 212.16, 0.000274762
FILLER_0_74_357, 165.94, 212.16, 0.000285651
FILLER_0_74_413, 191.591, 212.16, 0.00029654
FILLER_0_75_441, 204.442, 212.16, 0.00029654
FILLER_0_74_469, 217.293, 212.16, 0.00029654
FILLER_0_75_497, 230.144, 212.16, 0.00029654
FILLER_0_74_525, 242.995, 212.16, 0.00029654
FILLER_0_75_553, 255.846, 212.16, 0.00029654
FILLER_0_74_581, 268.697, 212.16, 0.00029654
FILLER_0_75_609, 281.548, 212.16, 0.00029654
PHY_142, 5.52, 206.72, 0.000159096
PHY_144, 5.52, 206.72, 0.000159096
PHY_143, 294.4, 206.72, 0.000299999
PHY_145, 294.4, 206.72, 0.000299999
FILLER_0_71_617, 294.4, 206.72, 0.000299999
FILLER_0_72_77, 37.94, 206.72, 0.000170838
FILLER_0_73_105, 50.74, 206.72, 0.00018258
FILLER_0_72_133, 63.54, 206.72, 0.000194322
FILLER_0_73_161, 76.34, 206.72, 0.000206064
FILLER_0_72_189, 89.14, 206.72, 0.000217806
FILLER_0_73_217, 101.94, 206.72, 0.000229547
FILLER_0_72_245, 114.74, 206.72, 0.000241289
FILLER_0_73_273, 127.54, 206.72, 0.000253031
FILLER_0_72_301, 140.34, 206.72, 0.000264773
FILLER_0_73_329, 153.14, 206.72, 0.000276515
FILLER_0_72_357, 165.94, 206.72, 0.000288256
FILLER_0_72_413, 191.591, 206.72, 0.000299998
FILLER_0_73_441, 204.442, 206.72, 0.000299998
FILLER_0_72_469, 217.293, 206.72, 0.000299998
FILLER_0_73_497, 230.144, 206.72, 0.000299998
FILLER_0_72_525, 242.995, 206.72, 0.000299999
FILLER_0_73_553, 255.846, 206.72, 0.000299999
FILLER_0_72_581, 268.697, 206.72, 0.000299999
FILLER_0_73_609, 281.548, 206.72, 0.000299999
PHY_138, 5.52, 201.28, 0.000156233
PHY_140, 5.52, 201.28, 0.000156233
PHY_139, 294.4, 201.28, 0.000312064
PHY_141, 294.4, 201.28, 0.000312064
FILLER_0_69_617, 294.4, 201.28, 0.000312064
FILLER_0_70_77, 37.94, 201.28, 0.000174561
FILLER_0_71_105, 50.74, 201.28, 0.000192888
FILLER_0_70_133, 63.54, 201.28, 0.000211215
FILLER_0_71_161, 76.34, 201.28, 0.000229543
FILLER_0_70_189, 89.14, 201.28, 0.00024787
FILLER_0_71_217, 101.94, 201.28, 0.000266197
FILLER_0_70_245, 114.74, 201.28, 0.000284525
_51_, 127.54, 201.28, 0.000302852
_52_, 127.54, 201.28, 0.000302852
FILLER_0_71_273, 127.54, 201.28, 0.000302852
FILLER_0_70_301, 140.34, 201.28, 0.000305155
FILLER_0_71_329, 153.14, 201.28, 0.000307457
FILLER_0_70_357, 165.94, 201.28, 0.00030976
FILLER_0_70_413, 191.591, 201.28, 0.000312063
FILLER_0_71_441, 204.442, 201.28, 0.000312063
FILLER_0_70_469, 217.293, 201.28, 0.000312063
FILLER_0_71_497, 230.144, 201.28, 0.000312063
FILLER_0_70_525, 242.995, 201.28, 0.000312063
FILLER_0_71_553, 255.846, 201.28, 0.000312063
FILLER_0_70_581, 268.697, 201.28, 0.000312063
FILLER_0_71_609, 281.548, 201.28, 0.000312063
PHY_134, 5.52, 195.84, 0.000157138
PHY_136, 5.52, 195.84, 0.000157138
PHY_135, 294.4, 195.84, 0.000326851
PHY_137, 294.4, 195.84, 0.000326851
FILLER_0_67_617, 294.4, 195.84, 0.000326851
FILLER_0_68_77, 37.94, 195.84, 0.000187996
FILLER_0_69_105, 50.74, 195.84, 0.000218854
FILLER_0_68_133, 63.54, 195.84, 0.000249712
FILLER_0_69_161, 76.34, 195.84, 0.000280569
_39_, 89.14, 195.84, 0.000311427
FILLER_0_67_169, 89.14, 195.84, 0.000311427
FILLER_0_67_177, 89.14, 195.84, 0.000311427
FILLER_0_68_189, 89.14, 195.84, 0.000311427
FILLER_0_69_217, 101.94, 195.84, 0.000331891
fanout21, 114.74, 195.84, 0.000352356
FILLER_0_67_231, 114.74, 195.84, 0.000352356
FILLER_0_68_245, 114.74, 195.84, 0.000352356
FILLER_0_69_249, 114.74, 195.84, 0.000352356
u_pc._182_, 127.54, 195.84, 0.000368768
fanout22, 127.54, 195.84, 0.000368768
FILLER_0_68_265, 127.54, 195.84, 0.000368768
FILLER_0_68_302, 140.34, 195.84, 0.000358289
FILLER_0_69_329, 153.14, 195.84, 0.000347809
FILLER_0_68_357, 165.94, 195.84, 0.00033733
FILLER_0_68_413, 191.591, 195.84, 0.000326851
FILLER_0_69_441, 204.442, 195.84, 0.000326851
FILLER_0_68_469, 217.293, 195.84, 0.000326851
FILLER_0_69_497, 230.144, 195.84, 0.000326851
FILLER_0_68_525, 242.995, 195.84, 0.000326851
FILLER_0_69_553, 255.846, 195.84, 0.000326851
FILLER_0_68_581, 268.697, 195.84, 0.000326851
FILLER_0_69_609, 281.548, 195.84, 0.000326851
PHY_130, 5.52, 190.4, 0.000161789
PHY_132, 5.52, 190.4, 0.000161789
PHY_131, 294.4, 190.4, 0.000347171
PHY_133, 294.4, 190.4, 0.000347171
FILLER_0_65_617, 294.4, 190.4, 0.000347171
FILLER_0_66_77, 37.94, 190.4, 0.000211865
FILLER_0_67_105, 50.74, 190.4, 0.00026194
FILLER_0_66_133, 63.54, 190.4, 0.000312016
FILLER_0_67_161, 76.34, 190.4, 0.000362091
FILLER_0_65_181, 89.14, 190.4, 0.000412167
FILLER_0_66_189, 89.14, 190.4, 0.000412167
u_imem._07_, 101.94, 190.4, 0.000462242
u_pc._170_, 101.94, 190.4, 0.000462242
FILLER_0_66_209, 101.94, 190.4, 0.000462242
FILLER_0_67_219, 101.94, 190.4, 0.000462242
_37_, 114.74, 190.4, 0.00047471
u_pc._099_, 114.74, 190.4, 0.00047471
u_pc._183_, 114.74, 190.4, 0.00047471
hold2, 114.74, 190.4, 0.00047471
FILLER_0_66_235, 114.74, 190.4, 0.00047471
u_pc._164__38, 127.54, 190.4, 0.00046112
u_pc._161_, 127.54, 190.4, 0.00046112
u_pc._162_, 127.54, 190.4, 0.00046112
u_pc._165_, 127.54, 190.4, 0.00046112
u_pc._166_, 127.54, 190.4, 0.00046112
hold1, 127.54, 190.4, 0.00046112
FILLER_0_65_293, 140.34, 190.4, 0.000435128
FILLER_0_66_305, 140.34, 190.4, 0.000435128
_49_, 153.14, 190.4, 0.000409135
FILLER_0_66_321, 153.14, 190.4, 0.000409135
FILLER_0_67_329, 153.14, 190.4, 0.000409135
FILLER_0_66_356, 165.94, 190.4, 0.000378153
FILLER_0_66_413, 191.591, 190.4, 0.00034717
FILLER_0_67_441, 204.442, 190.4, 0.00034717
FILLER_0_66_469, 217.293, 190.4, 0.00034717
FILLER_0_67_497, 230.144, 190.4, 0.00034717
FILLER_0_66_525, 242.995, 190.4, 0.000347171
FILLER_0_67_553, 255.846, 190.4, 0.000347171
FILLER_0_66_581, 268.697, 190.4, 0.000347171
FILLER_0_67_609, 281.548, 190.4, 0.000347171
PHY_126, 5.52, 184.96, 0.000149723
PHY_128, 5.52, 184.96, 0.000149723
output19, 5.52, 184.96, 0.000149723
PHY_127, 294.4, 184.96, 0.000346689
PHY_129, 294.4, 184.96, 0.000346689
FILLER_0_63_617, 294.4, 184.96, 0.000346689
FILLER_0_64_21, 15.33, 184.96, 0.000147718
FILLER_0_64_77, 37.94, 184.96, 0.000188938
FILLER_0_65_105, 50.74, 184.96, 0.000232163
FILLER_0_64_133, 63.54, 184.96, 0.000275388
FILLER_0_65_161, 76.34, 184.96, 0.000318614
u_decoder._03_, 89.14, 184.96, 0.000361839
u_imem._05_, 89.14, 184.96, 0.000361839
u_imem._08_, 89.14, 184.96, 0.000361839
u_imem._15_, 89.14, 184.96, 0.000361839
FILLER_0_63_181, 89.14, 184.96, 0.000361839
FILLER_0_64_177, 89.14, 184.96, 0.000361839
u_imem._10_, 101.94, 184.96, 0.000394593
u_imem._12_, 101.94, 184.96, 0.000394593
u_imem._16_, 101.94, 184.96, 0.000394593
u_pc._100_, 101.94, 184.96, 0.000394593
FILLER_0_64_216, 101.94, 184.96, 0.000394593
FILLER_0_65_213, 101.94, 184.96, 0.000394593
FILLER_0_65_219, 101.94, 184.96, 0.000394593
u_pc._098__25, 114.74, 184.96, 0.000416196
u_pc._098_, 114.74, 184.96, 0.000416196
u_pc._167_, 114.74, 184.96, 0.000416196
FILLER_0_64_224, 114.74, 184.96, 0.000416196
FILLER_0_64_242, 114.74, 184.96, 0.000416196
FILLER_0_65_238, 114.74, 184.96, 0.000416196
u_pc._158_, 127.54, 184.96, 0.000427904
u_pc._159_, 127.54, 184.96, 0.000427904
u_pc._160_, 127.54, 184.96, 0.000427904
u_pc._163_, 127.54, 184.96, 0.000427904
u_pc._164_, 127.54, 184.96, 0.000427904
FILLER_0_63_256, 127.54, 184.96, 0.000427904
FILLER_0_64_258, 127.54, 184.96, 0.000427904
FILLER_0_65_272, 127.54, 184.96, 0.000427904
u_pc._160__37, 140.34, 184.96, 0.000426998
u_pc._150_, 140.34, 184.96, 0.000426998
u_pc._151_, 140.34, 184.96, 0.000426998
u_pc._152_, 140.34, 184.96, 0.000426998
u_pc._153_, 140.34, 184.96, 0.000426998
u_pc._180_, 140.34, 184.96, 0.000426998
FILLER_0_64_286, 140.34, 184.96, 0.000426998
FILLER_0_64_357, 165.94, 184.96, 0.000373458
FILLER_0_64_413, 191.591, 184.96, 0.000346689
FILLER_0_65_441, 204.442, 184.96, 0.000346689
FILLER_0_64_469, 217.293, 184.96, 0.000346689
FILLER_0_65_497, 230.144, 184.96, 0.000346689
FILLER_0_64_525, 242.995, 184.96, 0.000346689
FILLER_0_65_553, 255.846, 184.96, 0.000346689
FILLER_0_64_581, 268.697, 184.96, 0.000346689
FILLER_0_65_609, 281.548, 184.96, 0.000346689
PHY_122, 5.52, 179.52, 0.000160454
PHY_124, 5.52, 179.52, 0.000160454
PHY_123, 294.4, 179.52, 0.000571368
PHY_125, 294.4, 179.52, 0.000571368
output15, 294.4, 179.52, 0.000571368
FILLER_0_61_617, 294.4, 179.52, 0.000571368
FILLER_0_62_77, 37.94, 179.52, 0.000196666
FILLER_0_63_105, 50.74, 179.52, 0.000232877
FILLER_0_62_133, 63.54, 179.52, 0.000269089
FILLER_0_63_161, 76.34, 179.52, 0.0003053
u_imem._13_, 89.14, 179.52, 0.000341512
u_imem._14_, 89.14, 179.52, 0.000341512
FILLER_0_62_189, 89.14, 179.52, 0.000341512
_18_, 101.94, 179.52, 0.000367966
u_decoder._04_, 101.94, 179.52, 0.000367966
u_pc._096_, 101.94, 179.52, 0.000367966
u_pc._097_, 101.94, 179.52, 0.000367966
FILLER_0_62_197, 101.94, 179.52, 0.000367966
FILLER_0_62_205, 101.94, 179.52, 0.000367966
_19_, 114.74, 179.52, 0.000377252
u_pc._101_, 114.74, 179.52, 0.000377252
FILLER_0_61_225, 114.74, 179.52, 0.000377252
FILLER_0_61_233, 114.74, 179.52, 0.000377252
FILLER_0_62_247, 114.74, 179.52, 0.000377252
u_pc._087_, 127.54, 179.52, 0.000383215
u_pc._105_, 127.54, 179.52, 0.000383215
u_pc._159__41, 127.54, 179.52, 0.000383215
FILLER_0_61_263, 127.54, 179.52, 0.000383215
FILLER_0_62_272, 127.54, 179.52, 0.000383215
FILLER_0_63_276, 127.54, 179.52, 0.000383215
u_pc._151__35, 140.34, 179.52, 0.000387447
u_pc._155__36, 140.34, 179.52, 0.000387447
u_pc._149_, 140.34, 179.52, 0.000387447
u_pc._157_, 140.34, 179.52, 0.000387447
hold5, 140.34, 179.52, 0.000387447
FILLER_0_61_291, 140.34, 179.52, 0.000387447
FILLER_0_63_333, 153.14, 179.52, 0.000379913
FILLER_0_62_357, 165.94, 179.52, 0.000372379
FILLER_0_62_413, 191.591, 179.52, 0.000387792
FILLER_0_63_441, 204.442, 179.52, 0.000410739
FILLER_0_62_469, 217.293, 179.52, 0.000433686
FILLER_0_63_497, 230.144, 179.52, 0.000456633
FILLER_0_62_525, 242.995, 179.52, 0.000479579
FILLER_0_63_553, 255.846, 179.52, 0.000502526
FILLER_0_62_581, 268.697, 179.52, 0.000525473
FILLER_0_63_609, 281.548, 179.52, 0.00054842
PHY_118, 5.52, 174.08, 0.000202997
PHY_120, 5.52, 174.08, 0.000202997
PHY_119, 294.4, 174.08, 0.000404204
PHY_121, 294.4, 174.08, 0.000404204
FILLER_0_59_617, 294.4, 174.08, 0.000404204
FILLER_0_60_77, 37.94, 174.08, 0.000257293
FILLER_0_61_105, 50.74, 174.08, 0.000311589
FILLER_0_60_133, 63.54, 174.08, 0.000365884
FILLER_0_61_161, 76.34, 174.08, 0.00042018
FILLER_0_59_181, 89.14, 174.08, 0.000474476
FILLER_0_60_189, 89.14, 174.08, 0.000474476
u_pc._089_, 101.94, 174.08, 0.000528772
u_pc._090_, 101.94, 174.08, 0.000528772
fanout20, 101.94, 174.08, 0.000528772
u_pc._090__23, 101.94, 174.08, 0.000528772
FILLER_0_60_222, 101.94, 174.08, 0.000528772
FILLER_0_61_217, 101.94, 174.08, 0.000528772
u_pc._106__26, 114.74, 174.08, 0.000582037
u_pc._092_, 114.74, 174.08, 0.000582037
u_pc._102_, 114.74, 174.08, 0.000582037
u_pc._103_, 114.74, 174.08, 0.000582037
u_pc._106_, 114.74, 174.08, 0.000582037
u_pc._107_, 114.74, 174.08, 0.000582037
u_pc._171_, 114.74, 174.08, 0.000582037
FILLER_0_60_249, 114.74, 174.08, 0.000582037
u_pc._084_, 127.54, 174.08, 0.00058189
u_pc._154_, 127.54, 174.08, 0.00058189
u_pc._155_, 127.54, 174.08, 0.00058189
hold3, 127.54, 174.08, 0.00058189
FILLER_0_60_266, 127.54, 174.08, 0.00058189
u_pc._122_, 140.34, 174.08, 0.0005672
u_pc._156_, 140.34, 174.08, 0.0005672
u_pc._181_, 140.34, 174.08, 0.0005672
FILLER_0_59_281, 140.34, 174.08, 0.0005672
FILLER_0_59_292, 140.34, 174.08, 0.0005672
FILLER_0_60_298, 140.34, 174.08, 0.0005672
_43_, 153.14, 174.08, 0.000522736
FILLER_0_59_320, 153.14, 174.08, 0.000522736
FILLER_0_60_321, 153.14, 174.08, 0.000522736
FILLER_0_61_328, 153.14, 174.08, 0.000522736
FILLER_0_60_358, 165.94, 174.08, 0.00046347
FILLER_0_60_413, 191.591, 174.08, 0.000404204
FILLER_0_61_441, 204.442, 174.08, 0.000404204
FILLER_0_60_469, 217.293, 174.08, 0.000404204
FILLER_0_61_497, 230.144, 174.08, 0.000404204
FILLER_0_60_525, 242.995, 174.08, 0.000404204
FILLER_0_61_553, 255.846, 174.08, 0.000404204
FILLER_0_60_581, 268.697, 174.08, 0.000404204
FILLER_0_61_609, 281.548, 174.08, 0.000404204
PHY_114, 5.52, 168.64, 0.000319677
PHY_116, 5.52, 168.64, 0.000319677
PHY_115, 294.4, 168.64, 0.000548261
PHY_117, 294.4, 168.64, 0.000548261
FILLER_0_57_617, 294.4, 168.64, 0.000548261
FILLER_0_58_77, 37.94, 168.64, 0.000490253
FILLER_0_59_105, 50.74, 168.64, 0.000660829
FILLER_0_58_133, 63.54, 168.64, 0.000831405
FILLER_0_59_161, 76.34, 168.64, 0.00100198
u_pc._095_, 89.14, 168.64, 0.00117256
u_pc._168_, 89.14, 168.64, 0.00117256
FILLER_0_57_181, 89.14, 168.64, 0.00117256
u_pc._094__24, 101.94, 168.64, 0.00132358
u_pc._091_, 101.94, 168.64, 0.00132358
u_pc._093_, 101.94, 168.64, 0.00132358
u_pc._094_, 101.94, 168.64, 0.00132358
clkbuf_1_0__f_clk, 101.94, 168.64, 0.00132358
clkbuf_0_clk, 114.74, 168.64, 0.00137408
u_pc._086_, 114.74, 168.64, 0.00137408
FILLER_0_57_225, 114.74, 168.64, 0.00137408
FILLER_0_58_246, 114.74, 168.64, 0.00137408
u_pc._084__39, 127.54, 168.64, 0.00134739
_40_, 127.54, 168.64, 0.00134739
u_pc._104_, 127.54, 168.64, 0.00134739
u_pc._119_, 127.54, 168.64, 0.00134739
u_pc._120_, 127.54, 168.64, 0.00134739
u_pc._119__40, 127.54, 168.64, 0.00134739
clkbuf_1_1__f_clk, 127.54, 168.64, 0.00134739
FILLER_0_57_264, 127.54, 168.64, 0.00134739
FILLER_0_58_260, 127.54, 168.64, 0.00134739
FILLER_0_59_274, 127.54, 168.64, 0.00134739
u_pc._120__29, 140.34, 168.64, 0.0011895
u_pc._121_, 140.34, 168.64, 0.0011895
u_pc._174_, 140.34, 168.64, 0.0011895
_50_, 153.14, 168.64, 0.000997439
u_pc._176_, 153.14, 168.64, 0.000997439
FILLER_0_58_333, 153.14, 168.64, 0.000997439
FILLER_0_59_327, 153.14, 168.64, 0.000997439
_45_, 165.94, 168.64, 0.00077401
_47_, 165.94, 168.64, 0.00077401
FILLER_0_57_337, 165.94, 168.64, 0.00077401
FILLER_0_58_355, 165.94, 168.64, 0.00077401
FILLER_0_58_413, 191.591, 168.64, 0.00054826
FILLER_0_59_441, 204.442, 168.64, 0.00054826
FILLER_0_58_469, 217.293, 168.64, 0.00054826
FILLER_0_59_497, 230.144, 168.64, 0.00054826
FILLER_0_58_525, 242.995, 168.64, 0.00054826
FILLER_0_59_553, 255.846, 168.64, 0.000548261
FILLER_0_58_581, 268.697, 168.64, 0.000548261
FILLER_0_59_609, 281.548, 168.64, 0.000548261
PHY_110, 5.52, 163.2, 0.000245309
PHY_112, 5.52, 163.2, 0.000245309
PHY_111, 294.4, 163.2, 0.0003986
PHY_113, 294.4, 163.2, 0.0003986
FILLER_0_55_617, 294.4, 163.2, 0.0003986
FILLER_0_56_77, 37.94, 163.2, 0.000298167
FILLER_0_57_105, 50.74, 163.2, 0.000351025
FILLER_0_56_133, 63.54, 163.2, 0.000403882
FILLER_0_57_161, 76.34, 163.2, 0.00045674
_38_, 89.14, 163.2, 0.000509597
u_pc._169_, 89.14, 163.2, 0.000509597
FILLER_0_56_177, 89.14, 163.2, 0.000509597
FILLER_0_56_185, 89.14, 163.2, 0.000509597
FILLER_0_56_193, 89.14, 163.2, 0.000509597
FILLER_0_57_213, 101.94, 163.2, 0.000503918
FILLER_0_57_221, 101.94, 163.2, 0.000503918
u_pc._085_, 114.74, 163.2, 0.000498238
u_pc._117_, 114.74, 163.2, 0.000498238
FILLER_0_55_237, 114.74, 163.2, 0.000498238
FILLER_0_56_233, 114.74, 163.2, 0.000498238
FILLER_0_56_242, 114.74, 163.2, 0.000498238
FILLER_0_57_249, 114.74, 163.2, 0.000498238
u_pc._088_, 127.54, 163.2, 0.000488376
FILLER_0_57_273, 127.54, 163.2, 0.000488376
u_pc._131__31, 140.34, 163.2, 0.000475522
u_pc._129_, 140.34, 163.2, 0.000475522
u_pc._130_, 140.34, 163.2, 0.000475522
u_pc._131_, 140.34, 163.2, 0.000475522
u_pc._132_, 140.34, 163.2, 0.000475522
u_pc._133_, 140.34, 163.2, 0.000475522
FILLER_0_57_302, 140.34, 163.2, 0.000475522
u_pc._142_, 153.14, 163.2, 0.00045909
u_pc._178_, 153.14, 163.2, 0.00045909
FILLER_0_56_357, 165.94, 163.2, 0.000428845
FILLER_0_56_413, 191.591, 163.2, 0.0003986
FILLER_0_57_441, 204.442, 163.2, 0.0003986
FILLER_0_56_469, 217.293, 163.2, 0.0003986
FILLER_0_57_497, 230.144, 163.2, 0.0003986
FILLER_0_56_525, 242.995, 163.2, 0.0003986
FILLER_0_57_553, 255.846, 163.2, 0.0003986
FILLER_0_56_581, 268.697, 163.2, 0.0003986
FILLER_0_57_609, 281.548, 163.2, 0.0003986
PHY_106, 5.52, 157.76, 0.000234587
PHY_108, 5.52, 157.76, 0.000234587
PHY_107, 294.4, 157.76, 0.000377013
PHY_109, 294.4, 157.76, 0.000377013
FILLER_0_53_617, 294.4, 157.76, 0.000377013
FILLER_0_54_77, 37.94, 157.76, 0.000254407
FILLER_0_55_105, 50.74, 157.76, 0.000274228
FILLER_0_54_133, 63.54, 157.76, 0.000294048
FILLER_0_55_161, 76.34, 157.76, 0.000313869
FILLER_0_53_181, 89.14, 157.76, 0.00033369
FILLER_0_54_189, 89.14, 157.76, 0.00033369
u_pc._108__27, 101.94, 157.76, 0.00035351
u_pc._115__28, 101.94, 157.76, 0.00035351
u_pc._108_, 101.94, 157.76, 0.00035351
u_pc._112_, 101.94, 157.76, 0.00035351
FILLER_0_54_208, 101.94, 157.76, 0.00035351
FILLER_0_55_217, 101.94, 157.76, 0.00035351
u_pc._114_, 114.74, 157.76, 0.000371506
u_pc._115_, 114.74, 157.76, 0.000371506
u_pc._118_, 114.74, 157.76, 0.000371506
u_pc._123_, 114.74, 157.76, 0.000371506
u_pc._124_, 114.74, 157.76, 0.000371506
FILLER_0_53_232, 114.74, 157.76, 0.000371506
FILLER_0_54_225, 114.74, 157.76, 0.000371506
u_pc._145__34, 127.54, 157.76, 0.000376873
u_pc._125_, 127.54, 157.76, 0.000376873
u_pc._144_, 127.54, 157.76, 0.000376873
u_pc._145_, 127.54, 157.76, 0.000376873
u_pc._146_, 127.54, 157.76, 0.000376873
FILLER_0_53_253, 127.54, 157.76, 0.000376873
FILLER_0_54_258, 127.54, 157.76, 0.000376873
FILLER_0_54_265, 127.54, 157.76, 0.000376873
FILLER_0_54_279, 127.54, 157.76, 0.000376873
FILLER_0_55_273, 127.54, 157.76, 0.000376873
u_pc._140__33, 140.34, 157.76, 0.000378441
u_pc._134_, 140.34, 157.76, 0.000378441
u_pc._139_, 140.34, 157.76, 0.000378441
u_pc._140_, 140.34, 157.76, 0.000378441
u_pc._141_, 140.34, 157.76, 0.000378441
u_pc._143_, 140.34, 157.76, 0.000378441
FILLER_0_55_332, 153.14, 157.76, 0.000377965
FILLER_0_54_357, 165.94, 157.76, 0.000377489
FILLER_0_54_413, 191.591, 157.76, 0.000377013
FILLER_0_55_441, 204.442, 157.76, 0.000377013
FILLER_0_54_469, 217.293, 157.76, 0.000377013
FILLER_0_55_497, 230.144, 157.76, 0.000377013
FILLER_0_54_525, 242.995, 157.76, 0.000377013
FILLER_0_55_553, 255.846, 157.76, 0.000377013
FILLER_0_54_581, 268.697, 157.76, 0.000377013
FILLER_0_55_609, 281.548, 157.76, 0.000377013
PHY_102, 5.52, 152.32, 0.000285305
PHY_104, 5.52, 152.32, 0.000285305
PHY_103, 294.4, 152.32, 0.000414612
PHY_105, 294.4, 152.32, 0.000414612
FILLER_0_51_617, 294.4, 152.32, 0.000414612
FILLER_0_52_77, 37.94, 152.32, 0.000351924
FILLER_0_53_105, 50.74, 152.32, 0.000418542
FILLER_0_52_133, 63.54, 152.32, 0.000485161
FILLER_0_53_161, 76.34, 152.32, 0.00055178
u_pc._172_, 89.14, 152.32, 0.000618399
FILLER_0_52_189, 89.14, 152.32, 0.000618399
_41_, 101.94, 152.32, 0.000663799
u_pc._109_, 101.94, 152.32, 0.000663799
u_pc._110_, 101.94, 152.32, 0.000663799
u_pc._111_, 101.94, 152.32, 0.000663799
u_pc._116_, 101.94, 152.32, 0.000663799
u_pc._173_, 101.94, 152.32, 0.000663799
hold6, 101.94, 152.32, 0.000663799
hold8, 101.94, 152.32, 0.000663799
FILLER_0_51_200, 101.94, 152.32, 0.000663799
FILLER_0_52_197, 101.94, 152.32, 0.000663799
u_pc._127__30, 114.74, 152.32, 0.000638132
u_pc._113_, 114.74, 152.32, 0.000638132
u_pc._126_, 114.74, 152.32, 0.000638132
u_pc._127_, 114.74, 152.32, 0.000638132
u_pc._128_, 114.74, 152.32, 0.000638132
FILLER_0_51_237, 114.74, 152.32, 0.000638132
FILLER_0_52_235, 114.74, 152.32, 0.000638132
FILLER_0_53_243, 114.74, 152.32, 0.000638132
u_pc._135_, 127.54, 152.32, 0.000597904
u_pc._136_, 127.54, 152.32, 0.000597904
u_pc._147_, 127.54, 152.32, 0.000597904
u_pc._148_, 127.54, 152.32, 0.000597904
hold4, 127.54, 152.32, 0.000597904
FILLER_0_52_265, 127.54, 152.32, 0.000597904
u_pc._135__32, 140.34, 152.32, 0.000554023
u_pc._137_, 140.34, 152.32, 0.000554023
u_pc._138_, 140.34, 152.32, 0.000554023
hold7, 140.34, 152.32, 0.000554023
FILLER_0_52_300, 140.34, 152.32, 0.000554023
FILLER_0_53_325, 153.14, 152.32, 0.000507552
FILLER_0_53_333, 153.14, 152.32, 0.000507552
FILLER_0_52_357, 165.94, 152.32, 0.000461082
FILLER_0_52_413, 191.591, 152.32, 0.000414612
FILLER_0_53_441, 204.442, 152.32, 0.000414612
FILLER_0_52_469, 217.293, 152.32, 0.000414612
FILLER_0_53_497, 230.144, 152.32, 0.000414612
FILLER_0_52_525, 242.995, 152.32, 0.000414612
FILLER_0_53_553, 255.846, 152.32, 0.000414612
FILLER_0_52_581, 268.697, 152.32, 0.000414612
FILLER_0_53_609, 281.548, 152.32, 0.000414612
PHY_98, 5.52, 146.88, 0.000272593
PHY_100, 5.52, 146.88, 0.000272593
PHY_99, 294.4, 146.88, 0.000400467
PHY_101, 294.4, 146.88, 0.000400467
FILLER_0_49_617, 294.4, 146.88, 0.000400467
_44_, 15.33, 146.88, 0.000272593
FILLER_0_50_77, 37.94, 146.88, 0.000302042
FILLER_0_51_105, 50.74, 146.88, 0.000333413
FILLER_0_50_133, 63.54, 146.88, 0.000364785
FILLER_0_51_161, 76.34, 146.88, 0.000396156
FILLER_0_50_189, 89.14, 146.88, 0.000427528
FILLER_0_51_193, 89.14, 146.88, 0.000427528
FILLER_0_49_205, 101.94, 146.88, 0.000458899
FILLER_0_50_221, 101.94, 146.88, 0.000458899
u_pc._175_, 114.74, 146.88, 0.000490271
hold9, 114.74, 146.88, 0.000490271
FILLER_0_51_245, 114.74, 146.88, 0.000490271
u_pc._179_, 127.54, 146.88, 0.000495167
FILLER_0_49_257, 127.54, 146.88, 0.000495167
FILLER_0_50_277, 127.54, 146.88, 0.000495167
u_pc._177_, 140.34, 146.88, 0.000485074
_46_, 153.14, 146.88, 0.000458675
FILLER_0_51_329, 153.14, 146.88, 0.000458675
FILLER_0_50_357, 165.94, 146.88, 0.000429571
FILLER_0_50_413, 191.591, 146.88, 0.000400467
FILLER_0_51_441, 204.442, 146.88, 0.000400467
FILLER_0_50_469, 217.293, 146.88, 0.000400467
FILLER_0_51_497, 230.144, 146.88, 0.000400467
FILLER_0_50_525, 242.995, 146.88, 0.000400467
FILLER_0_51_553, 255.846, 146.88, 0.000400467
FILLER_0_50_581, 268.697, 146.88, 0.000400467
FILLER_0_51_609, 281.548, 146.88, 0.000400467
PHY_94, 5.52, 141.44, 0.000268389
PHY_96, 5.52, 141.44, 0.000268389
FILLER_0_49_3, 5.52, 141.44, 0.000268389
PHY_95, 294.4, 141.44, 0.000376976
PHY_97, 294.4, 141.44, 0.000376976
FILLER_0_47_617, 294.4, 141.44, 0.000376976
FILLER_0_48_77, 37.94, 141.44, 0.000287415
FILLER_0_49_105, 50.74, 141.44, 0.00030644
FILLER_0_48_133, 63.54, 141.44, 0.000325465
FILLER_0_49_161, 76.34, 141.44, 0.000344491
FILLER_0_48_189, 89.14, 141.44, 0.000363516
_42_, 101.94, 141.44, 0.000382541
FILLER_0_49_216, 101.94, 141.44, 0.000382541
FILLER_0_48_245, 114.74, 141.44, 0.000382886
FILLER_0_49_249, 114.74, 141.44, 0.000382886
_48_, 127.54, 141.44, 0.000383231
FILLER_0_48_253, 127.54, 141.44, 0.000383231
FILLER_0_48_302, 140.34, 141.44, 0.000381667
FILLER_0_49_305, 140.34, 141.44, 0.000381667
FILLER_0_49_328, 153.14, 141.44, 0.000380103
FILLER_0_48_357, 165.94, 141.44, 0.000378539
FILLER_0_48_413, 191.591, 141.44, 0.000376975
FILLER_0_49_441, 204.442, 141.44, 0.000376975
FILLER_0_48_469, 217.293, 141.44, 0.000376975
FILLER_0_49_497, 230.144, 141.44, 0.000376975
FILLER_0_48_525, 242.995, 141.44, 0.000376976
FILLER_0_49_553, 255.846, 141.44, 0.000376976
FILLER_0_48_581, 268.697, 141.44, 0.000376976
FILLER_0_49_609, 281.548, 141.44, 0.000376976
PHY_90, 5.52, 136, 0.000268377
PHY_92, 5.52, 136, 0.000268377
PHY_91, 294.4, 136, 0.00036727
PHY_93, 294.4, 136, 0.00036727
FILLER_0_45_617, 294.4, 136, 0.00036727
FILLER_0_46_77, 37.94, 136, 0.000276618
FILLER_0_47_105, 50.74, 136, 0.000284859
FILLER_0_46_133, 63.54, 136, 0.0002931
FILLER_0_47_161, 76.34, 136, 0.000301341
FILLER_0_46_189, 89.14, 136, 0.000309582
FILLER_0_47_217, 101.94, 136, 0.000317823
FILLER_0_46_245, 114.74, 136, 0.000326064
FILLER_0_47_273, 127.54, 136, 0.000334305
FILLER_0_46_301, 140.34, 136, 0.000342546
FILLER_0_47_329, 153.14, 136, 0.000350787
FILLER_0_46_357, 165.94, 136, 0.000359028
FILLER_0_46_413, 191.591, 136, 0.000367269
FILLER_0_47_441, 204.442, 136, 0.000367269
FILLER_0_46_469, 217.293, 136, 0.000367269
FILLER_0_47_497, 230.144, 136, 0.000367269
FILLER_0_46_525, 242.995, 136, 0.000367269
FILLER_0_47_553, 255.846, 136, 0.000367269
FILLER_0_46_581, 268.697, 136, 0.000367269
FILLER_0_47_609, 281.548, 136, 0.000367269
PHY_86, 5.52, 130.56, 0.00027584
PHY_88, 5.52, 130.56, 0.00027584
PHY_87, 294.4, 130.56, 0.000366178
PHY_89, 294.4, 130.56, 0.000366178
FILLER_0_43_617, 294.4, 130.56, 0.000366178
FILLER_0_44_77, 37.94, 130.56, 0.000283368
FILLER_0_45_105, 50.74, 130.56, 0.000290896
FILLER_0_44_133, 63.54, 130.56, 0.000298424
FILLER_0_45_161, 76.34, 130.56, 0.000305952
FILLER_0_44_189, 89.14, 130.56, 0.000313481
FILLER_0_45_217, 101.94, 130.56, 0.000321009
FILLER_0_44_245, 114.74, 130.56, 0.000328537
FILLER_0_45_273, 127.54, 130.56, 0.000336065
FILLER_0_44_301, 140.34, 130.56, 0.000343593
FILLER_0_45_329, 153.14, 130.56, 0.000351121
FILLER_0_44_357, 165.94, 130.56, 0.000358649
FILLER_0_44_413, 191.591, 130.56, 0.000366177
FILLER_0_45_441, 204.442, 130.56, 0.000366178
FILLER_0_44_469, 217.293, 130.56, 0.000366178
FILLER_0_45_497, 230.144, 130.56, 0.000366178
FILLER_0_44_525, 242.995, 130.56, 0.000366178
FILLER_0_45_553, 255.846, 130.56, 0.000366178
FILLER_0_44_581, 268.697, 130.56, 0.000366178
FILLER_0_45_609, 281.548, 130.56, 0.000366178
PHY_82, 5.52, 125.12, 0.000282984
PHY_84, 5.52, 125.12, 0.000282984
PHY_83, 294.4, 125.12, 0.000365406
PHY_85, 294.4, 125.12, 0.000365406
FILLER_0_41_617, 294.4, 125.12, 0.000365406
FILLER_0_42_77, 37.94, 125.12, 0.000289852
FILLER_0_43_105, 50.74, 125.12, 0.000296721
FILLER_0_42_133, 63.54, 125.12, 0.000303589
FILLER_0_43_161, 76.34, 125.12, 0.000310458
FILLER_0_42_189, 89.14, 125.12, 0.000317326
FILLER_0_43_217, 101.94, 125.12, 0.000324195
FILLER_0_42_245, 114.74, 125.12, 0.000331063
FILLER_0_43_273, 127.54, 125.12, 0.000337931
FILLER_0_42_301, 140.34, 125.12, 0.0003448
FILLER_0_43_329, 153.14, 125.12, 0.000351668
FILLER_0_42_357, 165.94, 125.12, 0.000358537
FILLER_0_42_413, 191.591, 125.12, 0.000365405
FILLER_0_43_441, 204.442, 125.12, 0.000365405
FILLER_0_42_469, 217.293, 125.12, 0.000365405
FILLER_0_43_497, 230.144, 125.12, 0.000365406
FILLER_0_42_525, 242.995, 125.12, 0.000365406
FILLER_0_43_553, 255.846, 125.12, 0.000365406
FILLER_0_42_581, 268.697, 125.12, 0.000365406
FILLER_0_43_609, 281.548, 125.12, 0.000365406
PHY_78, 5.52, 119.68, 0.000316515
PHY_80, 5.52, 119.68, 0.000316515
output16, 5.52, 119.68, 0.000316515
PHY_79, 294.4, 119.68, 0.000388474
PHY_81, 294.4, 119.68, 0.000388474
input2, 294.4, 119.68, 0.000388474
FILLER_0_39_617, 294.4, 119.68, 0.000388474
FILLER_0_40_77, 37.94, 119.68, 0.000304285
FILLER_0_41_105, 50.74, 119.68, 0.000310003
FILLER_0_40_133, 63.54, 119.68, 0.000315721
FILLER_0_41_161, 76.34, 119.68, 0.00032144
FILLER_0_40_189, 89.14, 119.68, 0.000327158
FILLER_0_41_217, 101.94, 119.68, 0.000332877
FILLER_0_40_245, 114.74, 119.68, 0.000338595
FILLER_0_41_273, 127.54, 119.68, 0.000344313
FILLER_0_40_301, 140.34, 119.68, 0.000350032
FILLER_0_41_329, 153.14, 119.68, 0.00035575
FILLER_0_40_357, 165.94, 119.68, 0.000361468
FILLER_0_40_413, 191.591, 119.68, 0.000369552
FILLER_0_41_441, 204.442, 119.68, 0.000371917
FILLER_0_40_469, 217.293, 119.68, 0.000374282
FILLER_0_41_497, 230.144, 119.68, 0.000376647
FILLER_0_40_525, 242.995, 119.68, 0.000379013
FILLER_0_41_553, 255.846, 119.68, 0.000381378
FILLER_0_40_581, 268.697, 119.68, 0.000383743
FILLER_0_41_609, 281.548, 119.68, 0.000386108
PHY_74, 5.52, 114.24, 0.00029591
PHY_76, 5.52, 114.24, 0.00029591
PHY_75, 294.4, 114.24, 0.000364548
PHY_77, 294.4, 114.24, 0.000364548
FILLER_0_37_617, 294.4, 114.24, 0.000364548
FILLER_0_38_77, 37.94, 114.24, 0.00030163
FILLER_0_39_105, 50.74, 114.24, 0.00030735
FILLER_0_38_133, 63.54, 114.24, 0.00031307
FILLER_0_39_161, 76.34, 114.24, 0.000318789
FILLER_0_38_189, 89.14, 114.24, 0.000324509
FILLER_0_39_217, 101.94, 114.24, 0.000330229
FILLER_0_38_245, 114.74, 114.24, 0.000335949
FILLER_0_39_273, 127.54, 114.24, 0.000341668
FILLER_0_38_301, 140.34, 114.24, 0.000347388
FILLER_0_39_329, 153.14, 114.24, 0.000353108
FILLER_0_38_357, 165.94, 114.24, 0.000358827
FILLER_0_38_413, 191.591, 114.24, 0.000364547
FILLER_0_39_441, 204.442, 114.24, 0.000364547
FILLER_0_38_469, 217.293, 114.24, 0.000364547
FILLER_0_39_497, 230.144, 114.24, 0.000364548
FILLER_0_38_525, 242.995, 114.24, 0.000364548
FILLER_0_39_553, 255.846, 114.24, 0.000364548
FILLER_0_38_581, 268.697, 114.24, 0.000364548
FILLER_0_39_609, 281.548, 114.24, 0.000364548
PHY_70, 5.52, 108.8, 0.000301742
PHY_72, 5.52, 108.8, 0.000301742
PHY_71, 294.4, 108.8, 0.000364413
PHY_73, 294.4, 108.8, 0.000364413
FILLER_0_35_617, 294.4, 108.8, 0.000364413
FILLER_0_36_77, 37.94, 108.8, 0.000306965
FILLER_0_37_105, 50.74, 108.8, 0.000312187
FILLER_0_36_133, 63.54, 108.8, 0.00031741
FILLER_0_37_161, 76.34, 108.8, 0.000322632
FILLER_0_36_189, 89.14, 108.8, 0.000327855
FILLER_0_37_217, 101.94, 108.8, 0.000333078
FILLER_0_36_245, 114.74, 108.8, 0.0003383
FILLER_0_37_273, 127.54, 108.8, 0.000343523
FILLER_0_36_301, 140.34, 108.8, 0.000348745
FILLER_0_37_329, 153.14, 108.8, 0.000353968
FILLER_0_36_357, 165.94, 108.8, 0.00035919
FILLER_0_36_413, 191.591, 108.8, 0.000364413
FILLER_0_37_441, 204.442, 108.8, 0.000364413
FILLER_0_36_469, 217.293, 108.8, 0.000364413
FILLER_0_37_497, 230.144, 108.8, 0.000364413
FILLER_0_36_525, 242.995, 108.8, 0.000364413
FILLER_0_37_553, 255.846, 108.8, 0.000364413
FILLER_0_36_581, 268.697, 108.8, 0.000364413
FILLER_0_37_609, 281.548, 108.8, 0.000364413
PHY_66, 5.52, 103.36, 0.000307352
PHY_68, 5.52, 103.36, 0.000307352
PHY_67, 294.4, 103.36, 0.0003645
PHY_69, 294.4, 103.36, 0.0003645
FILLER_0_33_617, 294.4, 103.36, 0.0003645
FILLER_0_34_77, 37.94, 103.36, 0.000312115
FILLER_0_35_105, 50.74, 103.36, 0.000316877
FILLER_0_34_133, 63.54, 103.36, 0.000321639
FILLER_0_35_161, 76.34, 103.36, 0.000326402
FILLER_0_34_189, 89.14, 103.36, 0.000331164
FILLER_0_35_217, 101.94, 103.36, 0.000335926
FILLER_0_34_245, 114.74, 103.36, 0.000340688
FILLER_0_35_273, 127.54, 103.36, 0.000345451
FILLER_0_34_301, 140.34, 103.36, 0.000350213
FILLER_0_35_329, 153.14, 103.36, 0.000354975
FILLER_0_34_357, 165.94, 103.36, 0.000359737
FILLER_0_34_413, 191.591, 103.36, 0.0003645
FILLER_0_35_441, 204.442, 103.36, 0.0003645
FILLER_0_34_469, 217.293, 103.36, 0.0003645
FILLER_0_35_497, 230.144, 103.36, 0.0003645
FILLER_0_34_525, 242.995, 103.36, 0.0003645
FILLER_0_35_553, 255.846, 103.36, 0.0003645
FILLER_0_34_581, 268.697, 103.36, 0.0003645
FILLER_0_35_609, 281.548, 103.36, 0.0003645
PHY_62, 5.52, 97.92, 0.000312761
PHY_64, 5.52, 97.92, 0.000312761
PHY_63, 294.4, 97.92, 0.000364789
PHY_65, 294.4, 97.92, 0.000364789
FILLER_0_31_617, 294.4, 97.92, 0.000364789
FILLER_0_32_77, 37.94, 97.92, 0.000317096
FILLER_0_33_105, 50.74, 97.92, 0.000321432
FILLER_0_32_133, 63.54, 97.92, 0.000325768
FILLER_0_33_161, 76.34, 97.92, 0.000330103
FILLER_0_32_189, 89.14, 97.92, 0.000334439
FILLER_0_33_217, 101.94, 97.92, 0.000338775
FILLER_0_32_245, 114.74, 97.92, 0.00034311
FILLER_0_33_273, 127.54, 97.92, 0.000347446
FILLER_0_32_301, 140.34, 97.92, 0.000351782
FILLER_0_33_329, 153.14, 97.92, 0.000356117
FILLER_0_32_357, 165.94, 97.92, 0.000360453
FILLER_0_32_413, 191.591, 97.92, 0.000364789
FILLER_0_33_441, 204.442, 97.92, 0.000364789
FILLER_0_32_469, 217.293, 97.92, 0.000364789
FILLER_0_33_497, 230.144, 97.92, 0.000364789
FILLER_0_32_525, 242.995, 97.92, 0.000364789
FILLER_0_33_553, 255.846, 97.92, 0.000364789
FILLER_0_32_581, 268.697, 97.92, 0.000364789
FILLER_0_33_609, 281.548, 97.92, 0.000364789
PHY_58, 5.52, 92.48, 0.000317985
PHY_60, 5.52, 92.48, 0.000317985
PHY_59, 294.4, 92.48, 0.000365262
PHY_61, 294.4, 92.48, 0.000365262
FILLER_0_29_617, 294.4, 92.48, 0.000365262
FILLER_0_30_77, 37.94, 92.48, 0.000321925
FILLER_0_31_105, 50.74, 92.48, 0.000325864
FILLER_0_30_133, 63.54, 92.48, 0.000329804
FILLER_0_31_161, 76.34, 92.48, 0.000333744
FILLER_0_30_189, 89.14, 92.48, 0.000337684
FILLER_0_31_217, 101.94, 92.48, 0.000341623
FILLER_0_30_245, 114.74, 92.48, 0.000345563
FILLER_0_31_273, 127.54, 92.48, 0.000349503
FILLER_0_30_301, 140.34, 92.48, 0.000353442
FILLER_0_31_329, 153.14, 92.48, 0.000357382
FILLER_0_30_357, 165.94, 92.48, 0.000361322
FILLER_0_30_413, 191.591, 92.48, 0.000365262
FILLER_0_31_441, 204.442, 92.48, 0.000365262
FILLER_0_30_469, 217.293, 92.48, 0.000365262
FILLER_0_31_497, 230.144, 92.48, 0.000365262
FILLER_0_30_525, 242.995, 92.48, 0.000365262
FILLER_0_31_553, 255.846, 92.48, 0.000365262
FILLER_0_30_581, 268.697, 92.48, 0.000365262
FILLER_0_31_609, 281.548, 92.48, 0.000365262
PHY_54, 5.52, 87.04, 0.000323042
PHY_56, 5.52, 87.04, 0.000323042
PHY_55, 294.4, 87.04, 0.000365902
PHY_57, 294.4, 87.04, 0.000365902
FILLER_0_27_617, 294.4, 87.04, 0.000365902
FILLER_0_28_77, 37.94, 87.04, 0.000326614
FILLER_0_29_105, 50.74, 87.04, 0.000330185
FILLER_0_28_133, 63.54, 87.04, 0.000333757
FILLER_0_29_161, 76.34, 87.04, 0.000337329
FILLER_0_28_189, 89.14, 87.04, 0.0003409
FILLER_0_29_217, 101.94, 87.04, 0.000344472
FILLER_0_28_245, 114.74, 87.04, 0.000348044
FILLER_0_29_273, 127.54, 87.04, 0.000351615
FILLER_0_28_301, 140.34, 87.04, 0.000355187
FILLER_0_29_329, 153.14, 87.04, 0.000358758
FILLER_0_28_357, 165.94, 87.04, 0.00036233
FILLER_0_28_413, 191.591, 87.04, 0.000365902
FILLER_0_29_441, 204.442, 87.04, 0.000365902
FILLER_0_28_469, 217.293, 87.04, 0.000365902
FILLER_0_29_497, 230.144, 87.04, 0.000365902
FILLER_0_28_525, 242.995, 87.04, 0.000365902
FILLER_0_29_553, 255.846, 87.04, 0.000365902
FILLER_0_28_581, 268.697, 87.04, 0.000365902
FILLER_0_29_609, 281.548, 87.04, 0.000365902
PHY_50, 5.52, 81.6, 0.000327948
PHY_52, 5.52, 81.6, 0.000327948
PHY_51, 294.4, 81.6, 0.000366694
PHY_53, 294.4, 81.6, 0.000366694
FILLER_0_25_617, 294.4, 81.6, 0.000366694
FILLER_0_26_77, 37.94, 81.6, 0.000331177
FILLER_0_27_105, 50.74, 81.6, 0.000334405
FILLER_0_26_133, 63.54, 81.6, 0.000337634
FILLER_0_27_161, 76.34, 81.6, 0.000340863
FILLER_0_26_189, 89.14, 81.6, 0.000344092
FILLER_0_27_217, 101.94, 81.6, 0.000347321
FILLER_0_26_245, 114.74, 81.6, 0.000350549
FILLER_0_27_273, 127.54, 81.6, 0.000353778
FILLER_0_26_301, 140.34, 81.6, 0.000357007
FILLER_0_27_329, 153.14, 81.6, 0.000360236
FILLER_0_26_357, 165.94, 81.6, 0.000363464
FILLER_0_26_413, 191.591, 81.6, 0.000366693
FILLER_0_27_441, 204.442, 81.6, 0.000366693
FILLER_0_26_469, 217.293, 81.6, 0.000366693
FILLER_0_27_497, 230.144, 81.6, 0.000366693
FILLER_0_26_525, 242.995, 81.6, 0.000366693
FILLER_0_27_553, 255.846, 81.6, 0.000366693
FILLER_0_26_581, 268.697, 81.6, 0.000366694
FILLER_0_27_609, 281.548, 81.6, 0.000366694
PHY_46, 5.52, 76.16, 0.000332717
PHY_48, 5.52, 76.16, 0.000332717
PHY_47, 294.4, 76.16, 0.000367622
PHY_49, 294.4, 76.16, 0.000367622
FILLER_0_23_617, 294.4, 76.16, 0.000367622
FILLER_0_24_77, 37.94, 76.16, 0.000335625
FILLER_0_25_105, 50.74, 76.16, 0.000338534
FILLER_0_24_133, 63.54, 76.16, 0.000341443
FILLER_0_25_161, 76.34, 76.16, 0.000344352
FILLER_0_24_189, 89.14, 76.16, 0.00034726
FILLER_0_25_217, 101.94, 76.16, 0.000350169
FILLER_0_24_245, 114.74, 76.16, 0.000353078
FILLER_0_25_273, 127.54, 76.16, 0.000355987
FILLER_0_24_301, 140.34, 76.16, 0.000358895
FILLER_0_25_329, 153.14, 76.16, 0.000361804
FILLER_0_24_357, 165.94, 76.16, 0.000364713
FILLER_0_24_413, 191.591, 76.16, 0.000367621
FILLER_0_25_441, 204.442, 76.16, 0.000367622
FILLER_0_24_469, 217.293, 76.16, 0.000367622
FILLER_0_25_497, 230.144, 76.16, 0.000367622
FILLER_0_24_525, 242.995, 76.16, 0.000367622
FILLER_0_25_553, 255.846, 76.16, 0.000367622
FILLER_0_24_581, 268.697, 76.16, 0.000367622
FILLER_0_25_609, 281.548, 76.16, 0.000367622
PHY_42, 5.52, 70.72, 0.000337362
PHY_44, 5.52, 70.72, 0.000337362
PHY_43, 294.4, 70.72, 0.000368674
PHY_45, 294.4, 70.72, 0.000368674
FILLER_0_21_617, 294.4, 70.72, 0.000368674
FILLER_0_22_77, 37.94, 70.72, 0.000339971
FILLER_0_23_105, 50.74, 70.72, 0.000342581
FILLER_0_22_133, 63.54, 70.72, 0.00034519
FILLER_0_23_161, 76.34, 70.72, 0.000347799
FILLER_0_22_189, 89.14, 70.72, 0.000350408
FILLER_0_23_217, 101.94, 70.72, 0.000353018
FILLER_0_22_245, 114.74, 70.72, 0.000355627
FILLER_0_23_273, 127.54, 70.72, 0.000358236
FILLER_0_22_301, 140.34, 70.72, 0.000360845
FILLER_0_23_329, 153.14, 70.72, 0.000363455
FILLER_0_22_357, 165.94, 70.72, 0.000366064
FILLER_0_22_413, 191.591, 70.72, 0.000368673
FILLER_0_23_441, 204.442, 70.72, 0.000368673
FILLER_0_22_469, 217.293, 70.72, 0.000368673
FILLER_0_23_497, 230.144, 70.72, 0.000368674
FILLER_0_22_525, 242.995, 70.72, 0.000368674
FILLER_0_23_553, 255.846, 70.72, 0.000368674
FILLER_0_22_581, 268.697, 70.72, 0.000368674
FILLER_0_23_609, 281.548, 70.72, 0.000368674
PHY_38, 5.52, 65.28, 0.000341897
PHY_40, 5.52, 65.28, 0.000341897
PHY_39, 294.4, 65.28, 0.000369836
PHY_41, 294.4, 65.28, 0.000369836
FILLER_0_19_617, 294.4, 65.28, 0.000369836
FILLER_0_20_77, 37.94, 65.28, 0.000344225
FILLER_0_21_105, 50.74, 65.28, 0.000346553
FILLER_0_20_133, 63.54, 65.28, 0.000348881
FILLER_0_21_161, 76.34, 65.28, 0.00035121
FILLER_0_20_189, 89.14, 65.28, 0.000353538
FILLER_0_21_217, 101.94, 65.28, 0.000355866
FILLER_0_20_245, 114.74, 65.28, 0.000358194
FILLER_0_21_273, 127.54, 65.28, 0.000360523
FILLER_0_20_301, 140.34, 65.28, 0.000362851
FILLER_0_21_329, 153.14, 65.28, 0.000365179
FILLER_0_20_357, 165.94, 65.28, 0.000367507
FILLER_0_20_413, 191.591, 65.28, 0.000369836
FILLER_0_21_441, 204.442, 65.28, 0.000369836
FILLER_0_20_469, 217.293, 65.28, 0.000369836
FILLER_0_21_497, 230.144, 65.28, 0.000369836
FILLER_0_20_525, 242.995, 65.28, 0.000369836
FILLER_0_21_553, 255.846, 65.28, 0.000369836
FILLER_0_20_581, 268.697, 65.28, 0.000369836
FILLER_0_21_609, 281.548, 65.28, 0.000369836
PHY_34, 5.52, 59.84, 0.000405553
PHY_36, 5.52, 59.84, 0.000405553
output14, 5.52, 59.84, 0.000405553
PHY_35, 294.4, 59.84, 0.000372272
PHY_37, 294.4, 59.84, 0.000372272
FILLER_0_17_617, 294.4, 59.84, 0.000372272
FILLER_0_18_77, 37.94, 59.84, 0.000366112
FILLER_0_19_105, 50.74, 59.84, 0.000366672
FILLER_0_18_133, 63.54, 59.84, 0.000367232
FILLER_0_19_161, 76.34, 59.84, 0.000367792
FILLER_0_18_189, 89.14, 59.84, 0.000368352
FILLER_0_19_217, 101.94, 59.84, 0.000368912
FILLER_0_18_245, 114.74, 59.84, 0.000369472
FILLER_0_19_273, 127.54, 59.84, 0.000370032
FILLER_0_18_301, 140.34, 59.84, 0.000370592
FILLER_0_19_329, 153.14, 59.84, 0.000371152
FILLER_0_18_357, 165.94, 59.84, 0.000371712
FILLER_0_18_413, 191.591, 59.84, 0.000372272
FILLER_0_19_441, 204.442, 59.84, 0.000372272
FILLER_0_18_469, 217.293, 59.84, 0.000372272
FILLER_0_19_497, 230.144, 59.84, 0.000372272
FILLER_0_18_525, 242.995, 59.84, 0.000372272
FILLER_0_19_553, 255.846, 59.84, 0.000372272
FILLER_0_18_581, 268.697, 59.84, 0.000372272
FILLER_0_19_609, 281.548, 59.84, 0.000372272
PHY_30, 5.52, 54.4, 0.000349566
PHY_32, 5.52, 54.4, 0.000349566
PHY_31, 294.4, 54.4, 0.00037231
PHY_33, 294.4, 54.4, 0.00037231
FILLER_0_15_617, 294.4, 54.4, 0.00037231
FILLER_0_16_77, 37.94, 54.4, 0.000351461
FILLER_0_17_105, 50.74, 54.4, 0.000353356
FILLER_0_16_133, 63.54, 54.4, 0.000355252
FILLER_0_17_161, 76.34, 54.4, 0.000357147
FILLER_0_16_189, 89.14, 54.4, 0.000359043
FILLER_0_17_217, 101.94, 54.4, 0.000360938
FILLER_0_16_245, 114.74, 54.4, 0.000362833
FILLER_0_17_273, 127.54, 54.4, 0.000364728
FILLER_0_16_301, 140.34, 54.4, 0.000366624
FILLER_0_17_329, 153.14, 54.4, 0.000368519
FILLER_0_16_357, 165.94, 54.4, 0.000370414
FILLER_0_16_413, 191.591, 54.4, 0.00037231
FILLER_0_17_441, 204.442, 54.4, 0.00037231
FILLER_0_16_469, 217.293, 54.4, 0.00037231
FILLER_0_17_497, 230.144, 54.4, 0.00037231
FILLER_0_16_525, 242.995, 54.4, 0.00037231
FILLER_0_17_553, 255.846, 54.4, 0.00037231
FILLER_0_16_581, 268.697, 54.4, 0.00037231
FILLER_0_17_609, 281.548, 54.4, 0.00037231
PHY_26, 5.52, 48.96, 0.000352719
PHY_28, 5.52, 48.96, 0.000352719
PHY_27, 294.4, 48.96, 0.000373603
PHY_29, 294.4, 48.96, 0.000373603
FILLER_0_13_617, 294.4, 48.96, 0.000373603
FILLER_0_14_77, 37.94, 48.96, 0.000354459
FILLER_0_15_105, 50.74, 48.96, 0.000356199
FILLER_0_14_133, 63.54, 48.96, 0.00035794
FILLER_0_15_161, 76.34, 48.96, 0.00035968
FILLER_0_14_189, 89.14, 48.96, 0.00036142
FILLER_0_15_217, 101.94, 48.96, 0.000363161
FILLER_0_14_245, 114.74, 48.96, 0.000364901
FILLER_0_15_273, 127.54, 48.96, 0.000366642
FILLER_0_14_301, 140.34, 48.96, 0.000368382
FILLER_0_15_329, 153.14, 48.96, 0.000370122
FILLER_0_14_357, 165.94, 48.96, 0.000371862
FILLER_0_14_413, 191.591, 48.96, 0.000373603
FILLER_0_15_441, 204.442, 48.96, 0.000373603
FILLER_0_14_469, 217.293, 48.96, 0.000373603
FILLER_0_15_497, 230.144, 48.96, 0.000373603
FILLER_0_14_525, 242.995, 48.96, 0.000373603
FILLER_0_15_553, 255.846, 48.96, 0.000373603
FILLER_0_14_581, 268.697, 48.96, 0.000373603
FILLER_0_15_609, 281.548, 48.96, 0.000373603
PHY_22, 5.52, 43.52, 0.000355798
PHY_24, 5.52, 43.52, 0.000355798
PHY_23, 294.4, 43.52, 0.00037497
PHY_25, 294.4, 43.52, 0.00037497
FILLER_0_11_617, 294.4, 43.52, 0.00037497
FILLER_0_12_77, 37.94, 43.52, 0.000357395
FILLER_0_13_105, 50.74, 43.52, 0.000358993
FILLER_0_12_133, 63.54, 43.52, 0.000360591
FILLER_0_13_161, 76.34, 43.52, 0.000362188
FILLER_0_12_189, 89.14, 43.52, 0.000363786
FILLER_0_13_217, 101.94, 43.52, 0.000365384
FILLER_0_12_245, 114.74, 43.52, 0.000366982
FILLER_0_13_273, 127.54, 43.52, 0.000368579
FILLER_0_12_301, 140.34, 43.52, 0.000370177
FILLER_0_13_329, 153.14, 43.52, 0.000371774
FILLER_0_12_357, 165.94, 43.52, 0.000373372
FILLER_0_12_413, 191.591, 43.52, 0.00037497
FILLER_0_13_441, 204.442, 43.52, 0.00037497
FILLER_0_12_469, 217.293, 43.52, 0.00037497
FILLER_0_13_497, 230.144, 43.52, 0.00037497
FILLER_0_12_525, 242.995, 43.52, 0.00037497
FILLER_0_13_553, 255.846, 43.52, 0.00037497
FILLER_0_12_581, 268.697, 43.52, 0.00037497
FILLER_0_13_609, 281.548, 43.52, 0.00037497
PHY_18, 5.52, 38.08, 0.000358809
PHY_20, 5.52, 38.08, 0.000358809
PHY_19, 294.4, 38.08, 0.000376405
PHY_21, 294.4, 38.08, 0.000376405
FILLER_0_9_617, 294.4, 38.08, 0.000376405
FILLER_0_10_77, 37.94, 38.08, 0.000360275
FILLER_0_11_105, 50.74, 38.08, 0.000361742
FILLER_0_10_133, 63.54, 38.08, 0.000363208
FILLER_0_11_161, 76.34, 38.08, 0.000364674
FILLER_0_10_189, 89.14, 38.08, 0.000366141
FILLER_0_11_217, 101.94, 38.08, 0.000367607
FILLER_0_10_245, 114.74, 38.08, 0.000369073
FILLER_0_11_273, 127.54, 38.08, 0.000370539
FILLER_0_10_301, 140.34, 38.08, 0.000372006
FILLER_0_11_329, 153.14, 38.08, 0.000373472
FILLER_0_10_357, 165.94, 38.08, 0.000374938
FILLER_0_10_413, 191.591, 38.08, 0.000376405
FILLER_0_11_441, 204.442, 38.08, 0.000376405
FILLER_0_10_469, 217.293, 38.08, 0.000376405
FILLER_0_11_497, 230.144, 38.08, 0.000376405
FILLER_0_10_525, 242.995, 38.08, 0.000376405
FILLER_0_11_553, 255.846, 38.08, 0.000376405
FILLER_0_10_581, 268.697, 38.08, 0.000376405
FILLER_0_11_609, 281.548, 38.08, 0.000376405
PHY_14, 5.52, 32.64, 0.000361758
PHY_16, 5.52, 32.64, 0.000361758
PHY_15, 294.4, 32.64, 0.000377902
PHY_17, 294.4, 32.64, 0.000377902
FILLER_0_7_617, 294.4, 32.64, 0.000377902
FILLER_0_8_77, 37.94, 32.64, 0.000363103
FILLER_0_9_105, 50.74, 32.64, 0.000364449
FILLER_0_8_133, 63.54, 32.64, 0.000365794
FILLER_0_9_161, 76.34, 32.64, 0.000367139
FILLER_0_8_189, 89.14, 32.64, 0.000368485
FILLER_0_9_217, 101.94, 32.64, 0.00036983
FILLER_0_8_245, 114.74, 32.64, 0.000371175
FILLER_0_9_273, 127.54, 32.64, 0.00037252
FILLER_0_8_301, 140.34, 32.64, 0.000373866
FILLER_0_9_329, 153.14, 32.64, 0.000375211
FILLER_0_8_357, 165.94, 32.64, 0.000376556
FILLER_0_8_413, 191.591, 32.64, 0.000377902
FILLER_0_9_441, 204.442, 32.64, 0.000377902
FILLER_0_8_469, 217.293, 32.64, 0.000377902
FILLER_0_9_497, 230.144, 32.64, 0.000377902
FILLER_0_8_525, 242.995, 32.64, 0.000377902
FILLER_0_9_553, 255.846, 32.64, 0.000377902
FILLER_0_8_581, 268.697, 32.64, 0.000377902
FILLER_0_9_609, 281.548, 32.64, 0.000377902
PHY_10, 5.52, 27.2, 0.000364171
PHY_12, 5.52, 27.2, 0.000364171
PHY_11, 294.4, 27.2, 0.000379935
PHY_13, 294.4, 27.2, 0.000379935
FILLER_0_5_617, 294.4, 27.2, 0.000379935
FILLER_0_6_77, 37.94, 27.2, 0.000365485
FILLER_0_7_105, 50.74, 27.2, 0.000366798
FILLER_0_6_133, 63.54, 27.2, 0.000368112
FILLER_0_7_161, 76.34, 27.2, 0.000369426
FILLER_0_6_189, 89.14, 27.2, 0.000370739
FILLER_0_7_217, 101.94, 27.2, 0.000372053
FILLER_0_6_245, 114.74, 27.2, 0.000373366
FILLER_0_7_273, 127.54, 27.2, 0.00037468
FILLER_0_6_301, 140.34, 27.2, 0.000375994
FILLER_0_7_329, 153.14, 27.2, 0.000377307
FILLER_0_6_357, 165.94, 27.2, 0.000378621
FILLER_0_6_413, 191.591, 27.2, 0.000379934
FILLER_0_7_441, 204.442, 27.2, 0.000379935
FILLER_0_6_469, 217.293, 27.2, 0.000379935
FILLER_0_7_497, 230.144, 27.2, 0.000379935
FILLER_0_6_525, 242.995, 27.2, 0.000379935
FILLER_0_7_553, 255.846, 27.2, 0.000379935
FILLER_0_6_581, 268.697, 27.2, 0.000379935
FILLER_0_7_609, 281.548, 27.2, 0.000379935
PHY_6, 5.52, 21.76, 0.00036629
PHY_8, 5.52, 21.76, 0.00036629
PHY_7, 294.4, 21.76, 0.000382262
PHY_9, 294.4, 21.76, 0.000382262
FILLER_0_3_617, 294.4, 21.76, 0.000382262
FILLER_0_4_77, 37.94, 21.76, 0.000367621
FILLER_0_5_105, 50.74, 21.76, 0.000368952
FILLER_0_4_133, 63.54, 21.76, 0.000370283
FILLER_0_5_161, 76.34, 21.76, 0.000371614
FILLER_0_4_189, 89.14, 21.76, 0.000372945
FILLER_0_5_217, 101.94, 21.76, 0.000374276
FILLER_0_4_245, 114.74, 21.76, 0.000375607
FILLER_0_5_273, 127.54, 21.76, 0.000376938
FILLER_0_4_301, 140.34, 21.76, 0.000378269
FILLER_0_5_329, 153.14, 21.76, 0.0003796
FILLER_0_4_357, 165.94, 21.76, 0.000380931
FILLER_0_4_413, 191.591, 21.76, 0.000382262
FILLER_0_5_441, 204.442, 21.76, 0.000382262
FILLER_0_4_469, 217.293, 21.76, 0.000382262
FILLER_0_5_497, 230.144, 21.76, 0.000382262
FILLER_0_4_525, 242.995, 21.76, 0.000382262
FILLER_0_5_553, 255.846, 21.76, 0.000382262
FILLER_0_4_581, 268.697, 21.76, 0.000382262
FILLER_0_5_609, 281.548, 21.76, 0.000382262
PHY_2, 5.52, 16.32, 0.000368352
PHY_4, 5.52, 16.32, 0.000368352
PHY_3, 294.4, 16.32, 0.000384646
PHY_5, 294.4, 16.32, 0.000384646
FILLER_0_1_617, 294.4, 16.32, 0.000384646
FILLER_0_2_77, 37.94, 16.32, 0.00036971
FILLER_0_3_105, 50.74, 16.32, 0.000371068
FILLER_0_2_133, 63.54, 16.32, 0.000372425
FILLER_0_3_161, 76.34, 16.32, 0.000373783
FILLER_0_2_189, 89.14, 16.32, 0.000375141
FILLER_0_3_217, 101.94, 16.32, 0.000376499
FILLER_0_2_245, 114.74, 16.32, 0.000377857
FILLER_0_3_273, 127.54, 16.32, 0.000379214
FILLER_0_2_301, 140.34, 16.32, 0.000380572
FILLER_0_3_329, 153.14, 16.32, 0.00038193
FILLER_0_2_357, 165.94, 16.32, 0.000383288
FILLER_0_2_413, 191.591, 16.32, 0.000384645
FILLER_0_3_441, 204.442, 16.32, 0.000384646
FILLER_0_2_469, 217.293, 16.32, 0.000384646
FILLER_0_3_497, 230.144, 16.32, 0.000384646
FILLER_0_2_525, 242.995, 16.32, 0.000384646
FILLER_0_3_553, 255.846, 16.32, 0.000384646
FILLER_0_2_581, 268.697, 16.32, 0.000384646
FILLER_0_3_609, 281.548, 16.32, 0.000384646
PHY_0, 5.52, 10.88, 0.000441815
output10, 5.52, 10.88, 0.000441815
PHY_1, 294.4, 10.88, 0.000711541
output7, 294.4, 10.88, 0.000711541
FILLER_0_0_21, 15.33, 10.88, 0.000421648
FILLER_0_0_81, 37.94, 10.88, 0.000416391
FILLER_0_0_109, 50.74, 10.88, 0.000431299
FILLER_0_1_105, 50.74, 10.88, 0.000431299
output13, 63.54, 10.88, 0.000446208
FILLER_0_0_131, 63.54, 10.88, 0.000446208
FILLER_0_0_165, 76.34, 10.88, 0.000446367
FILLER_0_1_161, 76.34, 10.88, 0.000446367
FILLER_0_0_193, 89.14, 10.88, 0.000446526
FILLER_0_0_221, 101.94, 10.88, 0.000446685
FILLER_0_1_217, 101.94, 10.88, 0.000446685
output5, 114.74, 10.88, 0.000446844
FILLER_0_0_245, 114.74, 10.88, 0.000446844
FILLER_0_0_277, 127.54, 10.88, 0.000443163
FILLER_0_1_273, 127.54, 10.88, 0.000443163
FILLER_0_0_305, 140.34, 10.88, 0.000439482
FILLER_0_0_333, 153.14, 10.88, 0.0004358
FILLER_0_1_329, 153.14, 10.88, 0.0004358
FILLER_0_0_361, 165.94, 10.88, 0.000432119
FILLER_0_0_417, 191.591, 10.88, 0.000471696
FILLER_0_0_445, 204.442, 10.88, 0.000514955
FILLER_0_1_441, 204.442, 10.88, 0.000514955
FILLER_0_0_473, 217.293, 10.88, 0.000558214
FILLER_0_0_501, 230.144, 10.88, 0.000601474
FILLER_0_1_497, 230.144, 10.88, 0.000601474
output12, 242.995, 10.88, 0.000644733
FILLER_0_0_523, 242.995, 10.88, 0.000644733
FILLER_0_0_557, 255.846, 10.88, 0.000661434
FILLER_0_1_553, 255.846, 10.88, 0.000661434
FILLER_0_0_585, 268.697, 10.88, 0.000678136
FILLER_0_0_613, 281.548, 10.88, 0.000694838
FILLER_0_1_609, 281.548, 10.88, 0.000694838

