
===========================================================================
 report_power
============================================================================
======================= Fastest Corner ===================================

Group                  Internal  Switching    Leakage      Total
                          Power      Power      Power      Power (Watts)
----------------------------------------------------------------
Sequential             9.33e-05   3.15e-05   7.82e-08   1.25e-04  27.9%
Combinational          1.56e-04   1.67e-04   5.89e-09   3.23e-04  72.1%
Macro                  0.00e+00   0.00e+00   0.00e+00   0.00e+00   0.0%
Pad                    0.00e+00   0.00e+00   0.00e+00   0.00e+00   0.0%
----------------------------------------------------------------
Total                  2.50e-04   1.98e-04   8.41e-08   4.48e-04 100.0%
                          55.8%      44.2%       0.0%

======================= Slowest Corner ===================================

Group                  Internal  Switching    Leakage      Total
                          Power      Power      Power      Power (Watts)
----------------------------------------------------------------
Sequential             6.24e-05   2.05e-05   3.12e-07   8.33e-05  27.1%
Combinational          1.13e-04   1.10e-04   7.36e-07   2.24e-04  72.9%
Macro                  0.00e+00   0.00e+00   0.00e+00   0.00e+00   0.0%
Pad                    0.00e+00   0.00e+00   0.00e+00   0.00e+00   0.0%
----------------------------------------------------------------
Total                  1.76e-04   1.31e-04   1.05e-06   3.08e-04 100.0%
                          57.1%      42.5%       0.3%

======================= Typical Corner ===================================

Group                  Internal  Switching    Leakage      Total
                          Power      Power      Power      Power (Watts)
----------------------------------------------------------------
Sequential             8.05e-05   2.64e-05   7.82e-08   1.07e-04  27.6%
Combinational          1.39e-04   1.41e-04   5.11e-09   2.80e-04  72.4%
Macro                  0.00e+00   0.00e+00   0.00e+00   0.00e+00   0.0%
Pad                    0.00e+00   0.00e+00   0.00e+00   0.00e+00   0.0%
----------------------------------------------------------------
Total                  2.20e-04   1.67e-04   8.33e-08   3.87e-04 100.0%
                          56.8%      43.2%       0.0%

