
===========================================================================
report_checks -unconstrained
===========================================================================
======================= Typical Corner ===================================

Startpoint: rst_n (input port clocked by clk)
Endpoint: u_pc._180_ (recovery check against rising-edge clock clk)
Path Group: asynchronous
Path Type: max

Fanout     Cap    Slew   Delay    Time   Description
-----------------------------------------------------------------------------
                          0.00    0.00   clock clk (rise edge)
                          0.00    0.00   clock network delay (propagated)
                          2.00    2.00 ^ input external delay
                  0.04    0.02    2.02 ^ rst_n (in)
     1    0.01                           rst_n (net)
                  0.04    0.00    2.02 ^ input1/A (sky130_fd_sc_hd__clkbuf_2)
                  0.04    0.10    2.12 ^ input1/X (sky130_fd_sc_hd__clkbuf_2)
     2    0.00                           net1 (net)
                  0.04    0.00    2.12 ^ fanout22/A (sky130_fd_sc_hd__buf_2)
                  0.15    0.19    2.31 ^ fanout22/X (sky130_fd_sc_hd__buf_2)
     6    0.03                           net22 (net)
                  0.15    0.00    2.31 ^ u_pc._180_/RESET_B (sky130_fd_sc_hd__dfrtp_4)
                                  2.31   data arrival time

                         10.00   10.00   clock clk (rise edge)
                          0.00   10.00   clock source latency
                  0.04    0.03   10.03 ^ clk (in)
     1    0.01                           clk (net)
                  0.04    0.00   10.03 ^ clkbuf_0_clk/A (sky130_fd_sc_hd__clkbuf_16)
                  0.04    0.12   10.14 ^ clkbuf_0_clk/X (sky130_fd_sc_hd__clkbuf_16)
     2    0.02                           clknet_0_clk (net)
                  0.04    0.00   10.14 ^ clkbuf_1_1__f_clk/A (sky130_fd_sc_hd__clkbuf_16)
                  0.04    0.11   10.26 ^ clkbuf_1_1__f_clk/X (sky130_fd_sc_hd__clkbuf_16)
     8    0.01                           clknet_1_1__leaf_clk (net)
                  0.04    0.00   10.26 ^ u_pc._180_/CLK (sky130_fd_sc_hd__dfrtp_4)
                         -0.25   10.01   clock uncertainty
                          0.00   10.01   clock reconvergence pessimism
                          0.18   10.19   library recovery time
                                 10.19   data required time
-----------------------------------------------------------------------------
                                 10.19   data required time
                                 -2.31   data arrival time
-----------------------------------------------------------------------------
                                  7.87   slack (MET)


Startpoint: u_pc._168_ (rising edge-triggered flip-flop clocked by clk)
Endpoint: is_sleeping (output port clocked by clk)
Path Group: clk
Path Type: max

Fanout     Cap    Slew   Delay    Time   Description
-----------------------------------------------------------------------------
                          0.00    0.00   clock clk (rise edge)
                          0.00    0.00   clock source latency
                  0.04    0.03    0.03 ^ clk (in)
     1    0.01                           clk (net)
                  0.04    0.00    0.03 ^ clkbuf_0_clk/A (sky130_fd_sc_hd__clkbuf_16)
                  0.04    0.13    0.16 ^ clkbuf_0_clk/X (sky130_fd_sc_hd__clkbuf_16)
     2    0.02                           clknet_0_clk (net)
                  0.04    0.00    0.16 ^ clkbuf_1_0__f_clk/A (sky130_fd_sc_hd__clkbuf_16)
                  0.05    0.14    0.30 ^ clkbuf_1_0__f_clk/X (sky130_fd_sc_hd__clkbuf_16)
     8    0.03                           clknet_1_0__leaf_clk (net)
                  0.05    0.00    0.30 ^ u_pc._168_/CLK (sky130_fd_sc_hd__dfrtp_1)
                  0.06    0.40    0.69 v u_pc._168_/Q (sky130_fd_sc_hd__dfrtp_1)
     3    0.01                           u_imem.pc_addr[0] (net)
                  0.06    0.00    0.69 v fanout20/A (sky130_fd_sc_hd__buf_2)
                  0.08    0.19    0.88 v fanout20/X (sky130_fd_sc_hd__buf_2)
    10    0.03                           net20 (net)
                  0.08    0.00    0.88 v u_imem._12_/A (sky130_fd_sc_hd__or3b_1)
                  0.07    0.40    1.29 v u_imem._12_/X (sky130_fd_sc_hd__or3b_1)
     1    0.00                           u_imem._02_ (net)
                  0.07    0.00    1.29 v u_imem._13_/C (sky130_fd_sc_hd__nand3_1)
                  0.06    0.09    1.38 ^ u_imem._13_/Y (sky130_fd_sc_hd__nand3_1)
     1    0.00                           u_decoder.instruction[13] (net)
                  0.06    0.00    1.38 ^ u_decoder._03_/A (sky130_fd_sc_hd__and4_1)
                  0.06    0.18    1.56 ^ u_decoder._03_/X (sky130_fd_sc_hd__and4_1)
     1    0.00                           u_decoder._01_ (net)
                  0.06    0.00    1.56 ^ u_decoder._04_/A (sky130_fd_sc_hd__buf_1)
                  0.16    0.18    1.73 ^ u_decoder._04_/X (sky130_fd_sc_hd__buf_1)
     2    0.01                           net19 (net)
                  0.16    0.00    1.73 ^ output19/A (sky130_fd_sc_hd__clkbuf_4)
                  0.11    0.24    1.97 ^ output19/X (sky130_fd_sc_hd__clkbuf_4)
     1    0.03                           is_sleeping (net)
                  0.11    0.00    1.97 ^ is_sleeping (out)
                                  1.97   data arrival time

                         10.00   10.00   clock clk (rise edge)
                          0.00   10.00   clock network delay (propagated)
                         -0.25    9.75   clock uncertainty
                          0.00    9.75   clock reconvergence pessimism
                         -2.00    7.75   output external delay
                                  7.75   data required time
-----------------------------------------------------------------------------
                                  7.75   data required time
                                 -1.97   data arrival time
-----------------------------------------------------------------------------
                                  5.78   slack (MET)




===========================================================================
report_checks --slack_max -0.01
============================================================================
======================= Typical Corner ===================================

No paths found.


===========================================================================
 report_check_types -max_slew -max_cap -max_fanout -violators
============================================================================
======================= Typical Corner ===================================



===========================================================================
report_parasitic_annotation -report_unannotated
============================================================================
Found 204 unannotated drivers.
 clk
 rst_n
 wake_up
 _18_/X
 _19_/X
 _37_/X
 _38_/X
 _39_/X
 _40_/X
 _41_/X
 _42_/X
 _43_/X
 _44_/X
 _45_/X
 _46_/X
 _47_/X
 _48_/X
 _49_/X
 _50_/X
 _51_/X
 _52_/X
 clkbuf_0_clk/X
 clkbuf_1_0__f_clk/X
 clkbuf_1_1__f_clk/X
 fanout20/X
 fanout21/X
 fanout22/X
 hold1/X
 hold2/X
 hold3/X
 hold4/X
 hold5/X
 hold6/X
 hold7/X
 hold8/X
 hold9/X
 input1/X
 input2/X
 output10/X
 output11/X
 output12/X
 output13/X
 output14/X
 output15/X
 output16/X
 output17/X
 output18/X
 output19/X
 output3/X
 output4/X
 output5/X
 output6/X
 output7/X
 output8/X
 output9/X
 u_decoder._03_/X
 u_decoder._04_/X
 u_imem._05_/Y
 u_imem._07_/Y
 u_imem._08_/X
 u_imem._10_/Y
 u_imem._12_/X
 u_imem._13_/Y
 u_imem._14_/X
 u_imem._15_/X
 u_imem._16_/X
 u_pc._084_/X
 u_pc._084__39/HI
 u_pc._084__39/LO
 u_pc._085_/X
 u_pc._086_/X
 u_pc._087_/Y
 u_pc._088_/X
 u_pc._089_/X
 u_pc._090_/Y
 u_pc._090__23/HI
 u_pc._090__23/LO
 u_pc._091_/X
 u_pc._092_/X
 u_pc._093_/Y
 u_pc._094_/X
 u_pc._094__24/HI
 u_pc._094__24/LO
 u_pc._095_/X
 u_pc._096_/X
 u_pc._097_/Y
 u_pc._098_/X
 u_pc._098__25/HI
 u_pc._098__25/LO
 u_pc._099_/X
 u_pc._100_/X
 u_pc._101_/Y
 u_pc._102_/X
 u_pc._103_/X
 u_pc._104_/Y
 u_pc._105_/Y
 u_pc._106_/X
 u_pc._106__26/HI
 u_pc._106__26/LO
 u_pc._107_/X
 u_pc._108_/X
 u_pc._108__27/HI
 u_pc._108__27/LO
 u_pc._109_/Y
 u_pc._110_/X
 u_pc._111_/X
 u_pc._112_/Y
 u_pc._113_/X
 u_pc._114_/Y
 u_pc._115_/X
 u_pc._115__28/HI
 u_pc._115__28/LO
 u_pc._116_/X
 u_pc._117_/Y
 u_pc._118_/X
 u_pc._119_/X
 u_pc._119__40/HI
 u_pc._119__40/LO
 u_pc._120_/X
 u_pc._120__29/HI
 u_pc._120__29/LO
 u_pc._121_/X
 u_pc._122_/X
 u_pc._123_/X
 u_pc._124_/X
 u_pc._125_/X
 u_pc._126_/Y
 u_pc._127_/X
 u_pc._127__30/HI
 u_pc._127__30/LO
 u_pc._128_/X
 u_pc._129_/Y
 u_pc._130_/X
 u_pc._131_/X
 u_pc._131__31/HI
 u_pc._131__31/LO
 u_pc._132_/X
 u_pc._133_/X
 u_pc._134_/X
 u_pc._135_/Y
 u_pc._135__32/HI
 u_pc._135__32/LO
 u_pc._136_/Y
 u_pc._137_/Y
 u_pc._138_/Y
 u_pc._139_/X
 u_pc._140_/X
 u_pc._140__33/HI
 u_pc._140__33/LO
 u_pc._141_/X
 u_pc._142_/X
 u_pc._143_/X
 u_pc._144_/X
 u_pc._145_/Y
 u_pc._145__34/HI
 u_pc._145__34/LO
 u_pc._146_/X
 u_pc._147_/Y
 u_pc._148_/Y
 u_pc._149_/Y
 u_pc._150_/X
 u_pc._151_/X
 u_pc._151__35/HI
 u_pc._151__35/LO
 u_pc._152_/X
 u_pc._153_/X
 u_pc._154_/X
 u_pc._155_/X
 u_pc._155__36/HI
 u_pc._155__36/LO
 u_pc._156_/Y
 u_pc._157_/X
 u_pc._158_/Y
 u_pc._159_/X
 u_pc._159__41/HI
 u_pc._159__41/LO
 u_pc._160_/X
 u_pc._160__37/HI
 u_pc._160__37/LO
 u_pc._161_/X
 u_pc._162_/X
 u_pc._163_/X
 u_pc._164_/Y
 u_pc._164__38/HI
 u_pc._164__38/LO
 u_pc._165_/X
 u_pc._166_/Y
 u_pc._167_/Y
 u_pc._168_/Q
 u_pc._169_/Q
 u_pc._170_/Q
 u_pc._171_/Q
 u_pc._172_/Q
 u_pc._173_/Q
 u_pc._174_/Q
 u_pc._175_/Q
 u_pc._176_/Q
 u_pc._177_/Q
 u_pc._178_/Q
 u_pc._179_/Q
 u_pc._180_/Q
 u_pc._181_/Q
 u_pc._182_/Q
 u_pc._183_/Q
Found 0 partially unannotated drivers.

===========================================================================
max slew violation count 0
max fanout violation count 0
max cap violation count 0
============================================================================

===========================================================================
check_setup -verbose -unconstrained_endpoints -multiple_clock -no_clock -no_input_delay -loops -generated_clocks
===========================================================================
