
===========================================================================
report_checks -unconstrained
===========================================================================
======================= Fastest Corner ===================================

Startpoint: rst_n (input port clocked by clk)
Endpoint: u_pc._176_ (recovery check against rising-edge clock clk)
Path Group: asynchronous
Path Type: max
Corner: Fastest

Fanout     Cap    Slew   Delay    Time   Description
-----------------------------------------------------------------------------
                          0.00    0.00   clock clk (rise edge)
                          0.00    0.00   clock network delay (propagated)
                          2.00    2.00 ^ input external delay
                  0.02    0.01    2.01 ^ rst_n (in)
     1    0.00                           rst_n (net)
                  0.02    0.00    2.01 ^ input1/A (sky130_fd_sc_hd__clkbuf_2)
                  0.12    0.13    2.14 ^ input1/X (sky130_fd_sc_hd__clkbuf_2)
     2    0.03                           net1 (net)
                  0.12    0.00    2.14 ^ fanout21/A (sky130_fd_sc_hd__buf_4)
                  0.12    0.17    2.31 ^ fanout21/X (sky130_fd_sc_hd__buf_4)
    10    0.06                           net21 (net)
                  0.12    0.00    2.31 ^ u_pc._176_/RESET_B (sky130_fd_sc_hd__dfrtp_4)
                                  2.31   data arrival time

                         10.00   10.00   clock clk (rise edge)
                          0.00   10.00   clock source latency
                  0.12    0.08   10.08 ^ clk (in)
     1    0.03                           clk (net)
                  0.12    0.00   10.08 ^ clkbuf_0_clk/A (sky130_fd_sc_hd__clkbuf_16)
                  0.03    0.10   10.18 ^ clkbuf_0_clk/X (sky130_fd_sc_hd__clkbuf_16)
     2    0.02                           clknet_0_clk (net)
                  0.03    0.00   10.18 ^ clkbuf_1_1__f_clk/A (sky130_fd_sc_hd__clkbuf_16)
                  0.04    0.09   10.27 ^ clkbuf_1_1__f_clk/X (sky130_fd_sc_hd__clkbuf_16)
     8    0.03                           clknet_1_1__leaf_clk (net)
                  0.04    0.00   10.27 ^ u_pc._176_/CLK (sky130_fd_sc_hd__dfrtp_4)
                         -0.25   10.02   clock uncertainty
                          0.00   10.02   clock reconvergence pessimism
                          0.10   10.12   library recovery time
                                 10.12   data required time
-----------------------------------------------------------------------------
                                 10.12   data required time
                                 -2.31   data arrival time
-----------------------------------------------------------------------------
                                  7.81   slack (MET)


Startpoint: u_pc._168_ (rising edge-triggered flip-flop clocked by clk)
Endpoint: is_sleeping (output port clocked by clk)
Path Group: clk
Path Type: max
Corner: Fastest

Fanout     Cap    Slew   Delay    Time   Description
-----------------------------------------------------------------------------
                          0.00    0.00   clock clk (rise edge)
                          0.00    0.00   clock source latency
                  0.12    0.09    0.09 ^ clk (in)
     1    0.03                           clk (net)
                  0.12    0.00    0.09 ^ clkbuf_0_clk/A (sky130_fd_sc_hd__clkbuf_16)
                  0.03    0.11    0.20 ^ clkbuf_0_clk/X (sky130_fd_sc_hd__clkbuf_16)
     2    0.02                           clknet_0_clk (net)
                  0.03    0.00    0.20 ^ clkbuf_1_0__f_clk/A (sky130_fd_sc_hd__clkbuf_16)
                  0.04    0.10    0.30 ^ clkbuf_1_0__f_clk/X (sky130_fd_sc_hd__clkbuf_16)
     8    0.03                           clknet_1_0__leaf_clk (net)
                  0.04    0.00    0.30 ^ u_pc._168_/CLK (sky130_fd_sc_hd__dfrtp_1)
                  0.07    0.24    0.54 ^ u_pc._168_/Q (sky130_fd_sc_hd__dfrtp_1)
     3    0.01                           u_imem.pc_addr[0] (net)
                  0.07    0.00    0.54 ^ fanout20/A (sky130_fd_sc_hd__buf_2)
                  0.13    0.15    0.69 ^ fanout20/X (sky130_fd_sc_hd__buf_2)
    10    0.03                           net20 (net)
                  0.13    0.00    0.69 ^ u_imem._05_/A_N (sky130_fd_sc_hd__nand2b_1)
                  0.08    0.12    0.81 ^ u_imem._05_/Y (sky130_fd_sc_hd__nand2b_1)
     2    0.01                           u_imem._00_ (net)
                  0.08    0.00    0.81 ^ u_imem._07_/A (sky130_fd_sc_hd__inv_2)
                  0.02    0.02    0.83 v u_imem._07_/Y (sky130_fd_sc_hd__inv_2)
     2    0.00                           u_decoder.instruction[15] (net)
                  0.02    0.00    0.83 v u_imem._15_/A (sky130_fd_sc_hd__or2_1)
                  0.03    0.14    0.96 v u_imem._15_/X (sky130_fd_sc_hd__or2_1)
     1    0.00                           u_imem._04_ (net)
                  0.03    0.00    0.96 v u_imem._16_/A (sky130_fd_sc_hd__clkbuf_1)
                  0.02    0.06    1.03 v u_imem._16_/X (sky130_fd_sc_hd__clkbuf_1)
     1    0.00                           u_decoder.instruction[14] (net)
                  0.02    0.00    1.03 v u_decoder._03_/D (sky130_fd_sc_hd__and4_1)
                  0.03    0.13    1.16 v u_decoder._03_/X (sky130_fd_sc_hd__and4_1)
     1    0.00                           u_decoder._01_ (net)
                  0.03    0.00    1.16 v u_decoder._04_/A (sky130_fd_sc_hd__buf_1)
                  0.06    0.10    1.26 v u_decoder._04_/X (sky130_fd_sc_hd__buf_1)
     2    0.02                           net19 (net)
                  0.06    0.00    1.26 v output19/A (sky130_fd_sc_hd__clkbuf_4)
                  0.06    0.14    1.40 v output19/X (sky130_fd_sc_hd__clkbuf_4)
     1    0.03                           is_sleeping (net)
                  0.06    0.00    1.40 v is_sleeping (out)
                                  1.40   data arrival time

                         10.00   10.00   clock clk (rise edge)
                          0.00   10.00   clock network delay (propagated)
                         -0.25    9.75   clock uncertainty
                          0.00    9.75   clock reconvergence pessimism
                         -2.00    7.75   output external delay
                                  7.75   data required time
-----------------------------------------------------------------------------
                                  7.75   data required time
                                 -1.40   data arrival time
-----------------------------------------------------------------------------
                                  6.35   slack (MET)



======================= Slowest Corner ===================================

Startpoint: rst_n (input port clocked by clk)
Endpoint: u_pc._176_ (recovery check against rising-edge clock clk)
Path Group: asynchronous
Path Type: max
Corner: Slowest

Fanout     Cap    Slew   Delay    Time   Description
-----------------------------------------------------------------------------
                          0.00    0.00   clock clk (rise edge)
                          0.00    0.00   clock network delay (propagated)
                          2.00    2.00 ^ input external delay
                  0.03    0.02    2.02 ^ rst_n (in)
     1    0.00                           rst_n (net)
                  0.03    0.00    2.02 ^ input1/A (sky130_fd_sc_hd__clkbuf_2)
                  0.25    0.32    2.34 ^ input1/X (sky130_fd_sc_hd__clkbuf_2)
     2    0.03                           net1 (net)
                  0.25    0.00    2.34 ^ fanout21/A (sky130_fd_sc_hd__buf_4)
                  0.24    0.44    2.78 ^ fanout21/X (sky130_fd_sc_hd__buf_4)
    10    0.05                           net21 (net)
                  0.24    0.00    2.78 ^ u_pc._176_/RESET_B (sky130_fd_sc_hd__dfrtp_4)
                                  2.78   data arrival time

                         10.00   10.00   clock clk (rise edge)
                          0.00   10.00   clock source latency
                  0.25    0.17   10.17 ^ clk (in)
     1    0.03                           clk (net)
                  0.25    0.00   10.17 ^ clkbuf_0_clk/A (sky130_fd_sc_hd__clkbuf_16)
                  0.07    0.29   10.45 ^ clkbuf_0_clk/X (sky130_fd_sc_hd__clkbuf_16)
     2    0.02                           clknet_0_clk (net)
                  0.07    0.00   10.45 ^ clkbuf_1_1__f_clk/A (sky130_fd_sc_hd__clkbuf_16)
                  0.08    0.22   10.67 ^ clkbuf_1_1__f_clk/X (sky130_fd_sc_hd__clkbuf_16)
     8    0.03                           clknet_1_1__leaf_clk (net)
                  0.08    0.00   10.67 ^ u_pc._176_/CLK (sky130_fd_sc_hd__dfrtp_4)
                         -0.25   10.42   clock uncertainty
                          0.00   10.42   clock reconvergence pessimism
                          0.36   10.79   library recovery time
                                 10.79   data required time
-----------------------------------------------------------------------------
                                 10.79   data required time
                                 -2.78   data arrival time
-----------------------------------------------------------------------------
                                  8.00   slack (MET)


Startpoint: u_pc._168_ (rising edge-triggered flip-flop clocked by clk)
Endpoint: is_sleeping (output port clocked by clk)
Path Group: clk
Path Type: max
Corner: Slowest

Fanout     Cap    Slew   Delay    Time   Description
-----------------------------------------------------------------------------
                          0.00    0.00   clock clk (rise edge)
                          0.00    0.00   clock source latency
                  0.25    0.18    0.18 ^ clk (in)
     1    0.03                           clk (net)
                  0.25    0.00    0.18 ^ clkbuf_0_clk/A (sky130_fd_sc_hd__clkbuf_16)
                  0.07    0.32    0.50 ^ clkbuf_0_clk/X (sky130_fd_sc_hd__clkbuf_16)
     2    0.02                           clknet_0_clk (net)
                  0.07    0.00    0.50 ^ clkbuf_1_0__f_clk/A (sky130_fd_sc_hd__clkbuf_16)
                  0.08    0.24    0.75 ^ clkbuf_1_0__f_clk/X (sky130_fd_sc_hd__clkbuf_16)
     8    0.03                           clknet_1_0__leaf_clk (net)
                  0.08    0.00    0.75 ^ u_pc._168_/CLK (sky130_fd_sc_hd__dfrtp_1)
                  0.12    0.83    1.58 v u_pc._168_/Q (sky130_fd_sc_hd__dfrtp_1)
     3    0.01                           u_imem.pc_addr[0] (net)
                  0.12    0.00    1.58 v fanout20/A (sky130_fd_sc_hd__buf_2)
                  0.15    0.38    1.95 v fanout20/X (sky130_fd_sc_hd__buf_2)
    10    0.03                           net20 (net)
                  0.15    0.00    1.95 v u_imem._12_/A (sky130_fd_sc_hd__or3b_1)
                  0.14    0.92    2.87 v u_imem._12_/X (sky130_fd_sc_hd__or3b_1)
     1    0.00                           u_imem._02_ (net)
                  0.14    0.00    2.87 v u_imem._13_/C (sky130_fd_sc_hd__nand3_1)
                  0.09    0.16    3.03 ^ u_imem._13_/Y (sky130_fd_sc_hd__nand3_1)
     1    0.00                           u_decoder.instruction[13] (net)
                  0.09    0.00    3.03 ^ u_decoder._03_/A (sky130_fd_sc_hd__and4_1)
                  0.12    0.39    3.42 ^ u_decoder._03_/X (sky130_fd_sc_hd__and4_1)
     1    0.00                           u_decoder._01_ (net)
                  0.12    0.00    3.42 ^ u_decoder._04_/A (sky130_fd_sc_hd__buf_1)
                  0.30    0.35    3.77 ^ u_decoder._04_/X (sky130_fd_sc_hd__buf_1)
     2    0.02                           net19 (net)
                  0.30    0.00    3.77 ^ output19/A (sky130_fd_sc_hd__clkbuf_4)
                  0.18    0.45    4.22 ^ output19/X (sky130_fd_sc_hd__clkbuf_4)
     1    0.03                           is_sleeping (net)
                  0.18    0.00    4.22 ^ is_sleeping (out)
                                  4.22   data arrival time

                         10.00   10.00   clock clk (rise edge)
                          0.00   10.00   clock network delay (propagated)
                         -0.25    9.75   clock uncertainty
                          0.00    9.75   clock reconvergence pessimism
                         -2.00    7.75   output external delay
                                  7.75   data required time
-----------------------------------------------------------------------------
                                  7.75   data required time
                                 -4.22   data arrival time
-----------------------------------------------------------------------------
                                  3.53   slack (MET)



======================= Typical Corner ===================================

Startpoint: rst_n (input port clocked by clk)
Endpoint: u_pc._176_ (recovery check against rising-edge clock clk)
Path Group: asynchronous
Path Type: max
Corner: Typical

Fanout     Cap    Slew   Delay    Time   Description
-----------------------------------------------------------------------------
                          0.00    0.00   clock clk (rise edge)
                          0.00    0.00   clock network delay (propagated)
                          2.00    2.00 ^ input external delay
                  0.02    0.01    2.01 ^ rst_n (in)
     1    0.00                           rst_n (net)
                  0.02    0.00    2.01 ^ input1/A (sky130_fd_sc_hd__clkbuf_2)
                  0.16    0.19    2.20 ^ input1/X (sky130_fd_sc_hd__clkbuf_2)
     2    0.03                           net1 (net)
                  0.16    0.00    2.20 ^ fanout21/A (sky130_fd_sc_hd__buf_4)
                  0.16    0.25    2.45 ^ fanout21/X (sky130_fd_sc_hd__buf_4)
    10    0.06                           net21 (net)
                  0.16    0.00    2.45 ^ u_pc._176_/RESET_B (sky130_fd_sc_hd__dfrtp_4)
                                  2.45   data arrival time

                         10.00   10.00   clock clk (rise edge)
                          0.00   10.00   clock source latency
                  0.16    0.11   10.11 ^ clk (in)
     1    0.03                           clk (net)
                  0.16    0.00   10.11 ^ clkbuf_0_clk/A (sky130_fd_sc_hd__clkbuf_16)
                  0.04    0.16   10.26 ^ clkbuf_0_clk/X (sky130_fd_sc_hd__clkbuf_16)
     2    0.02                           clknet_0_clk (net)
                  0.04    0.00   10.26 ^ clkbuf_1_1__f_clk/A (sky130_fd_sc_hd__clkbuf_16)
                  0.05    0.12   10.39 ^ clkbuf_1_1__f_clk/X (sky130_fd_sc_hd__clkbuf_16)
     8    0.03                           clknet_1_1__leaf_clk (net)
                  0.05    0.00   10.39 ^ u_pc._176_/CLK (sky130_fd_sc_hd__dfrtp_4)
                         -0.25   10.14   clock uncertainty
                          0.00   10.14   clock reconvergence pessimism
                          0.18   10.32   library recovery time
                                 10.32   data required time
-----------------------------------------------------------------------------
                                 10.32   data required time
                                 -2.45   data arrival time
-----------------------------------------------------------------------------
                                  7.87   slack (MET)


Startpoint: u_pc._168_ (rising edge-triggered flip-flop clocked by clk)
Endpoint: is_sleeping (output port clocked by clk)
Path Group: clk
Path Type: max
Corner: Typical

Fanout     Cap    Slew   Delay    Time   Description
-----------------------------------------------------------------------------
                          0.00    0.00   clock clk (rise edge)
                          0.00    0.00   clock source latency
                  0.16    0.12    0.12 ^ clk (in)
     1    0.03                           clk (net)
                  0.16    0.00    0.12 ^ clkbuf_0_clk/A (sky130_fd_sc_hd__clkbuf_16)
                  0.04    0.17    0.29 ^ clkbuf_0_clk/X (sky130_fd_sc_hd__clkbuf_16)
     2    0.02                           clknet_0_clk (net)
                  0.04    0.00    0.29 ^ clkbuf_1_0__f_clk/A (sky130_fd_sc_hd__clkbuf_16)
                  0.05    0.14    0.43 ^ clkbuf_1_0__f_clk/X (sky130_fd_sc_hd__clkbuf_16)
     8    0.03                           clknet_1_0__leaf_clk (net)
                  0.05    0.00    0.43 ^ u_pc._168_/CLK (sky130_fd_sc_hd__dfrtp_1)
                  0.07    0.40    0.84 v u_pc._168_/Q (sky130_fd_sc_hd__dfrtp_1)
     3    0.01                           u_imem.pc_addr[0] (net)
                  0.07    0.00    0.84 v fanout20/A (sky130_fd_sc_hd__buf_2)
                  0.08    0.19    1.03 v fanout20/X (sky130_fd_sc_hd__buf_2)
    10    0.03                           net20 (net)
                  0.08    0.00    1.03 v u_imem._12_/A (sky130_fd_sc_hd__or3b_1)
                  0.06    0.39    1.42 v u_imem._12_/X (sky130_fd_sc_hd__or3b_1)
     1    0.00                           u_imem._02_ (net)
                  0.06    0.00    1.42 v u_imem._13_/C (sky130_fd_sc_hd__nand3_1)
                  0.06    0.09    1.51 ^ u_imem._13_/Y (sky130_fd_sc_hd__nand3_1)
     1    0.00                           u_decoder.instruction[13] (net)
                  0.06    0.00    1.51 ^ u_decoder._03_/A (sky130_fd_sc_hd__and4_1)
                  0.07    0.18    1.69 ^ u_decoder._03_/X (sky130_fd_sc_hd__and4_1)
     1    0.00                           u_decoder._01_ (net)
                  0.07    0.00    1.69 ^ u_decoder._04_/A (sky130_fd_sc_hd__buf_1)
                  0.19    0.20    1.89 ^ u_decoder._04_/X (sky130_fd_sc_hd__buf_1)
     2    0.02                           net19 (net)
                  0.19    0.00    1.89 ^ output19/A (sky130_fd_sc_hd__clkbuf_4)
                  0.11    0.25    2.14 ^ output19/X (sky130_fd_sc_hd__clkbuf_4)
     1    0.03                           is_sleeping (net)
                  0.11    0.00    2.14 ^ is_sleeping (out)
                                  2.14   data arrival time

                         10.00   10.00   clock clk (rise edge)
                          0.00   10.00   clock network delay (propagated)
                         -0.25    9.75   clock uncertainty
                          0.00    9.75   clock reconvergence pessimism
                         -2.00    7.75   output external delay
                                  7.75   data required time
-----------------------------------------------------------------------------
                                  7.75   data required time
                                 -2.14   data arrival time
-----------------------------------------------------------------------------
                                  5.61   slack (MET)




===========================================================================
report_checks --slack_max -0.01
============================================================================
======================= Fastest Corner ===================================

No paths found.

======================= Slowest Corner ===================================

No paths found.

======================= Typical Corner ===================================

No paths found.


===========================================================================
 report_check_types -max_slew -max_cap -max_fanout -violators
============================================================================
======================= Fastest Corner ===================================


======================= Slowest Corner ===================================


======================= Typical Corner ===================================



===========================================================================
report_parasitic_annotation -report_unannotated
============================================================================
Found 19 unannotated drivers.
 u_pc._084__39/HI
 u_pc._090__23/HI
 u_pc._094__24/HI
 u_pc._098__25/HI
 u_pc._106__26/HI
 u_pc._108__27/HI
 u_pc._115__28/HI
 u_pc._119__40/HI
 u_pc._120__29/HI
 u_pc._127__30/HI
 u_pc._131__31/HI
 u_pc._135__32/HI
 u_pc._140__33/HI
 u_pc._145__34/HI
 u_pc._151__35/HI
 u_pc._155__36/HI
 u_pc._159__41/HI
 u_pc._160__37/HI
 u_pc._164__38/HI
Found 0 partially unannotated drivers.

===========================================================================
max slew violation count 0
max fanout violation count 0
max cap violation count 0
============================================================================

===========================================================================
check_setup -verbose -unconstrained_endpoints -multiple_clock -no_clock -no_input_delay -loops -generated_clocks
===========================================================================
