OpenROAD 41a51eaf4ca2171c92ff38afb91eb37bbd3f36da 
This program is licensed under the BSD-3 license. See the LICENSE file for details.
Components of this program may be licensed under more restrictive licenses which must be honored.
[INFO]: Reading ODB at '/home/sandeep/low_power_iot/runs/RUN_2026.03.23_04.21.14/tmp/routing/22-fill.odb'…
define_corners Typical
read_liberty -corner Typical /home/sandeep/.ciel/sky130A/libs.ref/sky130_fd_sc_hd/lib/sky130_fd_sc_hd__tt_025C_1v80.lib
Using 1e-12 for capacitance...
Using 1e+03 for resistance...
Using 1e-09 for time...
Using 1e+00 for voltage...
Using 1e-03 for current...
Using 1e-09 for power...
Using 1e-06 for distance...
Reading design constraints file at '/home/sandeep/low_power_iot/runs/RUN_2026.03.23_04.21.14/tmp/17-iot_core_top.sdc'…
[INFO ORD-0030] Using 2 thread(s).
[INFO DRT-0149] Reading tech and libs.

Units:                1000
Number of layers:     13
Number of macros:     441
Number of vias:       25
Number of viarulegen: 25

[INFO DRT-0150] Reading design.

Design:                   iot_core_top
Die area:                 ( 0 0 ) ( 300000 300000 )
Number of track patterns: 12
Number of DEF vias:       0
Number of components:     8267
Number of terminals:      22
Number of snets:          2
Number of nets:           185

[INFO DRT-0167] List of default vias:
  Layer mcon
    default via: L1M1_PR
  Layer via
    default via: M1M2_PR
  Layer via2
    default via: M2M3_PR
  Layer via3
    default via: M3M4_PR
  Layer via4
    default via: M4M5_PR
[INFO DRT-0162] Library cell analysis.
[INFO DRT-0163] Instance analysis.
[INFO DRT-0164] Number of unique instances = 107.
[INFO DRT-0168] Init region query.
[INFO DRT-0024]   Complete FR_MASTERSLICE.
[INFO DRT-0024]   Complete licon.
[INFO DRT-0024]   Complete li1.
[INFO DRT-0024]   Complete mcon.
[INFO DRT-0024]   Complete met1.
[INFO DRT-0024]   Complete via.
[INFO DRT-0024]   Complete met2.
[INFO DRT-0024]   Complete via2.
[INFO DRT-0024]   Complete met3.
[INFO DRT-0024]   Complete via3.
[INFO DRT-0024]   Complete met4.
[INFO DRT-0024]   Complete via4.
[INFO DRT-0024]   Complete met5.
[INFO DRT-0033] FR_MASTERSLICE shape region query size = 0.
[INFO DRT-0033] licon shape region query size = 0.
[INFO DRT-0033] li1 shape region query size = 46230.
[INFO DRT-0033] mcon shape region query size = 105624.
[INFO DRT-0033] met1 shape region query size = 17163.
[INFO DRT-0033] via shape region query size = 1030.
[INFO DRT-0033] met2 shape region query size = 630.
[INFO DRT-0033] via2 shape region query size = 824.
[INFO DRT-0033] met3 shape region query size = 626.
[INFO DRT-0033] via3 shape region query size = 824.
[INFO DRT-0033] met4 shape region query size = 222.
[INFO DRT-0033] via4 shape region query size = 8.
[INFO DRT-0033] met5 shape region query size = 16.
[INFO DRT-0165] Start pin access.
[INFO DRT-0076]   Complete 100 pins.
[INFO DRT-0076]   Complete 200 pins.
[INFO DRT-0078]   Complete 299 pins.
[INFO DRT-0081]   Complete 89 unique inst patterns.
[INFO DRT-0084]   Complete 127 groups.
#scanned instances     = 8267
#unique  instances     = 107
#stdCellGenAp          = 2343
#stdCellValidPlanarAp  = 20
#stdCellValidViaAp     = 1784
#stdCellPinNoAp        = 0
#stdCellPinCnt         = 545
#instTermValidViaApCnt = 0
#macroGenAp            = 0
#macroValidPlanarAp    = 0
#macroValidViaAp       = 0
#macroNoAp             = 0
[INFO DRT-0166] Complete pin access.
[INFO DRT-0267] cpu time = 00:00:05, elapsed time = 00:00:02, memory = 132.80 (MB), peak = 133.50 (MB)

Number of guides:     1160

[INFO DRT-0169] Post process guides.
[INFO DRT-0176] GCELLGRID X 0 DO 43 STEP 6900 ;
[INFO DRT-0177] GCELLGRID Y 0 DO 43 STEP 6900 ;
[INFO DRT-0028]   Complete FR_MASTERSLICE.
[INFO DRT-0028]   Complete licon.
[INFO DRT-0028]   Complete li1.
[INFO DRT-0028]   Complete mcon.
[INFO DRT-0028]   Complete met1.
[INFO DRT-0028]   Complete via.
[INFO DRT-0028]   Complete met2.
[INFO DRT-0028]   Complete via2.
[INFO DRT-0028]   Complete met3.
[INFO DRT-0028]   Complete via3.
[INFO DRT-0028]   Complete met4.
[INFO DRT-0028]   Complete via4.
[INFO DRT-0028]   Complete met5.
[INFO DRT-0178] Init guide query.
[INFO DRT-0035]   Complete FR_MASTERSLICE (guide).
[INFO DRT-0035]   Complete licon (guide).
[INFO DRT-0035]   Complete li1 (guide).
[INFO DRT-0035]   Complete mcon (guide).
[INFO DRT-0035]   Complete met1 (guide).
[INFO DRT-0035]   Complete via (guide).
[INFO DRT-0035]   Complete met2 (guide).
[INFO DRT-0035]   Complete via2 (guide).
[INFO DRT-0035]   Complete met3 (guide).
[INFO DRT-0035]   Complete via3 (guide).
[INFO DRT-0035]   Complete met4 (guide).
[INFO DRT-0035]   Complete via4 (guide).
[INFO DRT-0035]   Complete met5 (guide).
[INFO DRT-0036] FR_MASTERSLICE guide region query size = 0.
[INFO DRT-0036] licon guide region query size = 0.
[INFO DRT-0036] li1 guide region query size = 401.
[INFO DRT-0036] mcon guide region query size = 0.
[INFO DRT-0036] met1 guide region query size = 293.
[INFO DRT-0036] via guide region query size = 0.
[INFO DRT-0036] met2 guide region query size = 158.
[INFO DRT-0036] via2 guide region query size = 0.
[INFO DRT-0036] met3 guide region query size = 10.
[INFO DRT-0036] via3 guide region query size = 0.
[INFO DRT-0036] met4 guide region query size = 1.
[INFO DRT-0036] via4 guide region query size = 0.
[INFO DRT-0036] met5 guide region query size = 0.
[INFO DRT-0179] Init gr pin query.
[INFO DRT-0245] skipped writing guide updates to database.
[INFO DRT-0185] Post process initialize RPin region query.
[INFO DRT-0181] Start track assignment.
[INFO DRT-0184] Done with 560 vertical wires in 1 frboxes and 303 horizontal wires in 1 frboxes.
[INFO DRT-0186] Done with 23 vertical wires in 1 frboxes and 72 horizontal wires in 1 frboxes.
[INFO DRT-0182] Complete track assignment.
[INFO DRT-0267] cpu time = 00:00:00, elapsed time = 00:00:00, memory = 138.20 (MB), peak = 155.64 (MB)
[INFO DRT-0187] Start routing data preparation.
[INFO DRT-0267] cpu time = 00:00:00, elapsed time = 00:00:00, memory = 138.20 (MB), peak = 155.64 (MB)
[INFO DRT-0194] Start detail routing.
[INFO DRT-0195] Start 0th optimization iteration.
    Completing 10% with 0 violations.
    elapsed time = 00:00:00, memory = 178.45 (MB).
    Completing 20% with 0 violations.
    elapsed time = 00:00:00, memory = 226.08 (MB).
    Completing 30% with 0 violations.
    elapsed time = 00:00:00, memory = 232.95 (MB).
    Completing 40% with 0 violations.
    elapsed time = 00:00:00, memory = 205.20 (MB).
    Completing 50% with 0 violations.
    elapsed time = 00:00:00, memory = 253.57 (MB).
    Completing 60% with 23 violations.
    elapsed time = 00:00:01, memory = 258.00 (MB).
    Completing 70% with 23 violations.
    elapsed time = 00:00:01, memory = 258.00 (MB).
    Completing 80% with 23 violations.
    elapsed time = 00:00:01, memory = 258.00 (MB).
    Completing 90% with 24 violations.
    elapsed time = 00:00:02, memory = 217.45 (MB).
    Completing 100% with 25 violations.
    elapsed time = 00:00:02, memory = 205.31 (MB).
[INFO DRT-0199]   Number of violations = 55.
Viol/Layer        met1   met2   met3
Metal Spacing        6      0      4
Min Hole             2      0      0
Recheck             22      7      1
Short               13      0      0
[INFO DRT-0267] cpu time = 00:00:03, elapsed time = 00:00:02, memory = 499.11 (MB), peak = 511.06 (MB)
Total wire length = 6452 um.
Total wire length on LAYER li1 = 0 um.
Total wire length on LAYER met1 = 3199 um.
Total wire length on LAYER met2 = 2930 um.
Total wire length on LAYER met3 = 199 um.
Total wire length on LAYER met4 = 121 um.
Total wire length on LAYER met5 = 0 um.
Total number of vias = 1063.
Up-via summary (total 1063):.

-----------------------
 FR_MASTERSLICE       0
            li1     529
           met1     524
           met2       8
           met3       2
           met4       0
-----------------------
                   1063


[INFO DRT-0195] Start 1st optimization iteration.
    Completing 10% with 55 violations.
    elapsed time = 00:00:00, memory = 500.29 (MB).
    Completing 20% with 55 violations.
    elapsed time = 00:00:00, memory = 519.16 (MB).
    Completing 30% with 55 violations.
    elapsed time = 00:00:00, memory = 519.54 (MB).
    Completing 40% with 35 violations.
    elapsed time = 00:00:00, memory = 514.89 (MB).
    Completing 50% with 35 violations.
    elapsed time = 00:00:00, memory = 524.89 (MB).
    Completing 60% with 11 violations.
    elapsed time = 00:00:00, memory = 497.20 (MB).
    Completing 70% with 11 violations.
    elapsed time = 00:00:00, memory = 520.08 (MB).
    Completing 80% with 11 violations.
    elapsed time = 00:00:01, memory = 530.58 (MB).
    Completing 90% with 11 violations.
    elapsed time = 00:00:01, memory = 520.77 (MB).
    Completing 100% with 0 violations.
    elapsed time = 00:00:01, memory = 547.40 (MB).
[INFO DRT-0199]   Number of violations = 9.
Viol/Layer        met1   met2
Recheck              8      1
[INFO DRT-0267] cpu time = 00:00:02, elapsed time = 00:00:01, memory = 559.40 (MB), peak = 559.40 (MB)
Total wire length = 6445 um.
Total wire length on LAYER li1 = 0 um.
Total wire length on LAYER met1 = 3214 um.
Total wire length on LAYER met2 = 2916 um.
Total wire length on LAYER met3 = 192 um.
Total wire length on LAYER met4 = 121 um.
Total wire length on LAYER met5 = 0 um.
Total number of vias = 1062.
Up-via summary (total 1062):.

-----------------------
 FR_MASTERSLICE       0
            li1     529
           met1     523
           met2       8
           met3       2
           met4       0
-----------------------
                   1062


[INFO DRT-0195] Start 2nd optimization iteration.
    Completing 10% with 9 violations.
    elapsed time = 00:00:00, memory = 559.40 (MB).
    Completing 20% with 9 violations.
    elapsed time = 00:00:00, memory = 559.40 (MB).
    Completing 30% with 9 violations.
    elapsed time = 00:00:00, memory = 495.91 (MB).
    Completing 40% with 4 violations.
    elapsed time = 00:00:00, memory = 495.91 (MB).
    Completing 50% with 4 violations.
    elapsed time = 00:00:00, memory = 495.91 (MB).
    Completing 60% with 4 violations.
    elapsed time = 00:00:00, memory = 495.91 (MB).
    Completing 70% with 4 violations.
    elapsed time = 00:00:00, memory = 495.91 (MB).
    Completing 80% with 4 violations.
    elapsed time = 00:00:00, memory = 521.27 (MB).
    Completing 90% with 2 violations.
    elapsed time = 00:00:00, memory = 496.32 (MB).
    Completing 100% with 2 violations.
    elapsed time = 00:00:00, memory = 495.96 (MB).
[INFO DRT-0199]   Number of violations = 73.
Viol/Layer        met1
Recheck             73
[INFO DRT-0267] cpu time = 00:00:01, elapsed time = 00:00:00, memory = 495.96 (MB), peak = 559.40 (MB)
Total wire length = 6442 um.
Total wire length on LAYER li1 = 0 um.
Total wire length on LAYER met1 = 3214 um.
Total wire length on LAYER met2 = 2913 um.
Total wire length on LAYER met3 = 192 um.
Total wire length on LAYER met4 = 121 um.
Total wire length on LAYER met5 = 0 um.
Total number of vias = 1065.
Up-via summary (total 1065):.

-----------------------
 FR_MASTERSLICE       0
            li1     529
           met1     526
           met2       8
           met3       2
           met4       0
-----------------------
                   1065


[INFO DRT-0195] Start 3rd optimization iteration.
    Completing 10% with 73 violations.
    elapsed time = 00:00:00, memory = 495.96 (MB).
    Completing 20% with 73 violations.
    elapsed time = 00:00:00, memory = 495.96 (MB).
    Completing 30% with 73 violations.
    elapsed time = 00:00:00, memory = 495.96 (MB).
    Completing 40% with 73 violations.
    elapsed time = 00:00:00, memory = 495.96 (MB).
    Completing 50% with 73 violations.
    elapsed time = 00:00:00, memory = 495.96 (MB).
    Completing 60% with 0 violations.
    elapsed time = 00:00:00, memory = 496.53 (MB).
    Completing 70% with 0 violations.
    elapsed time = 00:00:00, memory = 496.53 (MB).
    Completing 80% with 0 violations.
    elapsed time = 00:00:00, memory = 496.53 (MB).
    Completing 90% with 0 violations.
    elapsed time = 00:00:00, memory = 496.53 (MB).
    Completing 100% with 0 violations.
    elapsed time = 00:00:00, memory = 496.53 (MB).
[INFO DRT-0199]   Number of violations = 0.
[INFO DRT-0267] cpu time = 00:00:00, elapsed time = 00:00:00, memory = 496.53 (MB), peak = 559.40 (MB)
Total wire length = 6442 um.
Total wire length on LAYER li1 = 0 um.
Total wire length on LAYER met1 = 3214 um.
Total wire length on LAYER met2 = 2913 um.
Total wire length on LAYER met3 = 192 um.
Total wire length on LAYER met4 = 121 um.
Total wire length on LAYER met5 = 0 um.
Total number of vias = 1065.
Up-via summary (total 1065):.

-----------------------
 FR_MASTERSLICE       0
            li1     529
           met1     526
           met2       8
           met3       2
           met4       0
-----------------------
                   1065


[INFO DRT-0198] Complete detail routing.
Total wire length = 6442 um.
Total wire length on LAYER li1 = 0 um.
Total wire length on LAYER met1 = 3214 um.
Total wire length on LAYER met2 = 2913 um.
Total wire length on LAYER met3 = 192 um.
Total wire length on LAYER met4 = 121 um.
Total wire length on LAYER met5 = 0 um.
Total number of vias = 1065.
Up-via summary (total 1065):.

-----------------------
 FR_MASTERSLICE       0
            li1     529
           met1     526
           met2       8
           met3       2
           met4       0
-----------------------
                   1065


[INFO DRT-0267] cpu time = 00:00:07, elapsed time = 00:00:05, memory = 496.53 (MB), peak = 559.40 (MB)

[INFO DRT-0180] Post processing.
Setting global connections for newly added cells…
Writing OpenROAD database to '/home/sandeep/low_power_iot/runs/RUN_2026.03.23_04.21.14/results/routing/iot_core_top.odb'…
Writing netlist to '/home/sandeep/low_power_iot/runs/RUN_2026.03.23_04.21.14/results/routing/iot_core_top.nl.v'…
Writing powered netlist to '/home/sandeep/low_power_iot/runs/RUN_2026.03.23_04.21.14/results/routing/iot_core_top.pnl.v'…
Writing layout to '/home/sandeep/low_power_iot/runs/RUN_2026.03.23_04.21.14/results/routing/iot_core_top.def'…
