OpenROAD 41a51eaf4ca2171c92ff38afb91eb37bbd3f36da 
This program is licensed under the BSD-3 license. See the LICENSE file for details.
Components of this program may be licensed under more restrictive licenses which must be honored.
[INFO ODB-0222] Reading LEF file: /home/sandeep/low_power_iot/runs/RUN_2026.03.23_04.21.14/tmp/merged.nom.lef
[INFO ODB-0223]     Created 14 technology layers
[INFO ODB-0224]     Created 25 technology vias
[INFO ODB-0225]     Created 441 library cells
[INFO ODB-0226] Finished LEF file:  /home/sandeep/low_power_iot/runs/RUN_2026.03.23_04.21.14/tmp/merged.nom.lef
[INFO ODB-0127] Reading DEF file: /home/sandeep/low_power_iot/runs/RUN_2026.03.23_04.21.14/results/routing/iot_core_top.def
[INFO ODB-0128] Design: iot_core_top
[INFO ODB-0130]     Created 22 pins.
[INFO ODB-0131]     Created 8267 components and 31344 component-terminals.
[INFO ODB-0132]     Created 2 special nets and 30780 connections.
[INFO ODB-0133]     Created 185 nets and 545 connections.
[INFO ODB-0134] Finished DEF file: /home/sandeep/low_power_iot/runs/RUN_2026.03.23_04.21.14/results/routing/iot_core_top.def
Top-level design name: iot_core_top
Found default power net 'VPWR'
Found default ground net 'VGND'
Found 1 power ports.
Found 1 ground ports.
Modified power connections of 8267/8267 cells.
