
===========================================================================
 report_power
============================================================================
======================= Fastest Corner ===================================

Group                  Internal  Switching    Leakage      Total
                          Power      Power      Power      Power (Watts)
----------------------------------------------------------------
Sequential             9.35e-05   3.03e-05   7.82e-08   1.24e-04  28.1%
Combinational          1.56e-04   1.61e-04   5.89e-09   3.17e-04  71.9%
Macro                  0.00e+00   0.00e+00   0.00e+00   0.00e+00   0.0%
Pad                    0.00e+00   0.00e+00   0.00e+00   0.00e+00   0.0%
----------------------------------------------------------------
Total                  2.50e-04   1.91e-04   8.41e-08   4.41e-04 100.0%
                          56.6%      43.4%       0.0%

======================= Slowest Corner ===================================

Group                  Internal  Switching    Leakage      Total
                          Power      Power      Power      Power (Watts)
----------------------------------------------------------------
Sequential             6.26e-05   1.97e-05   3.12e-07   8.26e-05  27.2%
Combinational          1.13e-04   1.07e-04   7.36e-07   2.21e-04  72.8%
Macro                  0.00e+00   0.00e+00   0.00e+00   0.00e+00   0.0%
Pad                    0.00e+00   0.00e+00   0.00e+00   0.00e+00   0.0%
----------------------------------------------------------------
Total                  1.76e-04   1.26e-04   1.05e-06   3.03e-04 100.0%
                          58.0%      41.6%       0.3%

======================= Typical Corner ===================================

Group                  Internal  Switching    Leakage      Total
                          Power      Power      Power      Power (Watts)
----------------------------------------------------------------
Sequential             8.06e-05   2.53e-05   7.82e-08   1.06e-04  27.8%
Combinational          1.39e-04   1.36e-04   5.11e-09   2.75e-04  72.2%
Macro                  0.00e+00   0.00e+00   0.00e+00   0.00e+00   0.0%
Pad                    0.00e+00   0.00e+00   0.00e+00   0.00e+00   0.0%
----------------------------------------------------------------
Total                  2.20e-04   1.61e-04   8.33e-08   3.81e-04 100.0%
                          57.7%      42.3%       0.0%

