
===========================================================================
report_checks -path_delay max (Setup)
============================================================================
======================= Typical Corner ===================================

Startpoint: u_pc._168_ (rising edge-triggered flip-flop clocked by clk)
Endpoint: is_sleeping (output port clocked by clk)
Path Group: clk
Path Type: max

Fanout     Cap    Slew   Delay    Time   Description
-----------------------------------------------------------------------------
                  0.15    0.00    0.00   clock clk (rise edge)
                          0.00    0.00   clock network delay (ideal)
                  0.15    0.00    0.00 ^ u_pc._168_/CLK (sky130_fd_sc_hd__dfrtp_2)
                  0.10    0.52    0.52 v u_pc._168_/Q (sky130_fd_sc_hd__dfrtp_2)
    12    0.03                           u_imem.pc_addr[0] (net)
                  0.10    0.00    0.52 v u_imem._12_/A (sky130_fd_sc_hd__or3b_2)
                  0.08    0.51    1.02 v u_imem._12_/X (sky130_fd_sc_hd__or3b_2)
     1    0.00                           u_imem._02_ (net)
                  0.08    0.00    1.02 v u_imem._13_/C (sky130_fd_sc_hd__nand3_2)
                  0.04    0.08    1.10 ^ u_imem._13_/Y (sky130_fd_sc_hd__nand3_2)
     1    0.00                           u_decoder.instruction[13] (net)
                  0.04    0.00    1.10 ^ u_decoder._03_/A (sky130_fd_sc_hd__and4_2)
                  0.05    0.19    1.29 ^ u_decoder._03_/X (sky130_fd_sc_hd__and4_2)
     1    0.00                           u_decoder._01_ (net)
                  0.05    0.00    1.29 ^ u_decoder._04_/A (sky130_fd_sc_hd__buf_1)
                  0.42    0.35    1.65 ^ u_decoder._04_/X (sky130_fd_sc_hd__buf_1)
     2    0.04                           is_sleeping (net)
                  0.42    0.00    1.65 ^ is_sleeping (out)
                                  1.65   data arrival time

                  0.15   10.00   10.00   clock clk (rise edge)
                          0.00   10.00   clock network delay (ideal)
                         -0.25    9.75   clock uncertainty
                          0.00    9.75   clock reconvergence pessimism
                         -2.00    7.75   output external delay
                                  7.75   data required time
-----------------------------------------------------------------------------
                                  7.75   data required time
                                 -1.65   data arrival time
-----------------------------------------------------------------------------
                                  6.10   slack (MET)


Startpoint: wake_up (input port clocked by clk)
Endpoint: u_pc._170_ (rising edge-triggered flip-flop clocked by clk)
Path Group: clk
Path Type: max

Fanout     Cap    Slew   Delay    Time   Description
-----------------------------------------------------------------------------
                  0.15    0.00    0.00   clock clk (rise edge)
                          0.00    0.00   clock network delay (ideal)
                          2.00    2.00 ^ input external delay
                  0.02    0.01    2.01 ^ wake_up (in)
     1    0.00                           wake_up (net)
                  0.02    0.00    2.01 ^ _18_/A_N (sky130_fd_sc_hd__and2b_2)
                  0.03    0.20    2.20 v _18_/X (sky130_fd_sc_hd__and2b_2)
     1    0.00                           _00_ (net)
                  0.03    0.00    2.20 v _19_/A (sky130_fd_sc_hd__buf_1)
                  0.05    0.10    2.31 v _19_/X (sky130_fd_sc_hd__buf_1)
     2    0.01                           u_pc.sleep_en (net)
                  0.05    0.00    2.31 v u_pc._087_/A (sky130_fd_sc_hd__inv_2)
                  0.09    0.10    2.40 ^ u_pc._087_/Y (sky130_fd_sc_hd__inv_2)
     6    0.02                           u_pc._046_ (net)
                  0.09    0.00    2.40 ^ u_pc._088_/A (sky130_fd_sc_hd__buf_1)
                  0.40    0.35    2.76 ^ u_pc._088_/X (sky130_fd_sc_hd__buf_1)
    10    0.03                           u_pc._047_ (net)
                  0.40    0.00    2.76 ^ u_pc._099_/S (sky130_fd_sc_hd__mux2_2)
                  0.05    0.39    3.15 v u_pc._099_/X (sky130_fd_sc_hd__mux2_2)
     1    0.00                           u_pc._056_ (net)
                  0.05    0.00    3.15 v u_pc._100_/A (sky130_fd_sc_hd__buf_1)
                  0.02    0.09    3.24 v u_pc._100_/X (sky130_fd_sc_hd__buf_1)
     1    0.00                           u_pc._002_ (net)
                  0.02    0.00    3.24 v u_pc._170_/D (sky130_fd_sc_hd__dfrtp_2)
                                  3.24   data arrival time

                  0.15   10.00   10.00   clock clk (rise edge)
                          0.00   10.00   clock network delay (ideal)
                         -0.25    9.75   clock uncertainty
                          0.00    9.75   clock reconvergence pessimism
                                  9.75 ^ u_pc._170_/CLK (sky130_fd_sc_hd__dfrtp_2)
                         -0.08    9.67   library setup time
                                  9.67   data required time
-----------------------------------------------------------------------------
                                  9.67   data required time
                                 -3.24   data arrival time
-----------------------------------------------------------------------------
                                  6.43   slack (MET)


Startpoint: wake_up (input port clocked by clk)
Endpoint: u_pc._168_ (rising edge-triggered flip-flop clocked by clk)
Path Group: clk
Path Type: max

Fanout     Cap    Slew   Delay    Time   Description
-----------------------------------------------------------------------------
                  0.15    0.00    0.00   clock clk (rise edge)
                          0.00    0.00   clock network delay (ideal)
                          2.00    2.00 ^ input external delay
                  0.02    0.01    2.01 ^ wake_up (in)
     1    0.00                           wake_up (net)
                  0.02    0.00    2.01 ^ _18_/A_N (sky130_fd_sc_hd__and2b_2)
                  0.03    0.20    2.20 v _18_/X (sky130_fd_sc_hd__and2b_2)
     1    0.00                           _00_ (net)
                  0.03    0.00    2.20 v _19_/A (sky130_fd_sc_hd__buf_1)
                  0.05    0.10    2.31 v _19_/X (sky130_fd_sc_hd__buf_1)
     2    0.01                           u_pc.sleep_en (net)
                  0.05    0.00    2.31 v u_pc._087_/A (sky130_fd_sc_hd__inv_2)
                  0.09    0.10    2.40 ^ u_pc._087_/Y (sky130_fd_sc_hd__inv_2)
     6    0.02                           u_pc._046_ (net)
                  0.09    0.00    2.40 ^ u_pc._088_/A (sky130_fd_sc_hd__buf_1)
                  0.40    0.35    2.76 ^ u_pc._088_/X (sky130_fd_sc_hd__buf_1)
    10    0.03                           u_pc._047_ (net)
                  0.40    0.00    2.76 ^ u_pc._089_/B1 (sky130_fd_sc_hd__o21a_2)
                  0.04    0.22    2.98 ^ u_pc._089_/X (sky130_fd_sc_hd__o21a_2)
     2    0.00                           u_pc._048_ (net)
                  0.04    0.00    2.98 ^ u_pc._091_/A1_N (sky130_fd_sc_hd__o2bb2a_2)
                  0.04    0.21    3.18 v u_pc._091_/X (sky130_fd_sc_hd__o2bb2a_2)
     1    0.00                           u_pc._000_ (net)
                  0.04    0.00    3.18 v u_pc._168_/D (sky130_fd_sc_hd__dfrtp_2)
                                  3.18   data arrival time

                  0.15   10.00   10.00   clock clk (rise edge)
                          0.00   10.00   clock network delay (ideal)
                         -0.25    9.75   clock uncertainty
                          0.00    9.75   clock reconvergence pessimism
                                  9.75 ^ u_pc._168_/CLK (sky130_fd_sc_hd__dfrtp_2)
                         -0.09    9.66   library setup time
                                  9.66   data required time
-----------------------------------------------------------------------------
                                  9.66   data required time
                                 -3.18   data arrival time
-----------------------------------------------------------------------------
                                  6.48   slack (MET)


Startpoint: wake_up (input port clocked by clk)
Endpoint: u_pc._179_ (rising edge-triggered flip-flop clocked by clk)
Path Group: clk
Path Type: max

Fanout     Cap    Slew   Delay    Time   Description
-----------------------------------------------------------------------------
                  0.15    0.00    0.00   clock clk (rise edge)
                          0.00    0.00   clock network delay (ideal)
                          2.00    2.00 ^ input external delay
                  0.02    0.01    2.01 ^ wake_up (in)
     1    0.00                           wake_up (net)
                  0.02    0.00    2.01 ^ _18_/A_N (sky130_fd_sc_hd__and2b_2)
                  0.03    0.20    2.20 v _18_/X (sky130_fd_sc_hd__and2b_2)
     1    0.00                           _00_ (net)
                  0.03    0.00    2.20 v _19_/A (sky130_fd_sc_hd__buf_1)
                  0.05    0.10    2.31 v _19_/X (sky130_fd_sc_hd__buf_1)
     2    0.01                           u_pc.sleep_en (net)
                  0.05    0.00    2.31 v u_pc._087_/A (sky130_fd_sc_hd__inv_2)
                  0.09    0.10    2.40 ^ u_pc._087_/Y (sky130_fd_sc_hd__inv_2)
     6    0.02                           u_pc._046_ (net)
                  0.09    0.00    2.40 ^ u_pc._088_/A (sky130_fd_sc_hd__buf_1)
                  0.40    0.35    2.76 ^ u_pc._088_/X (sky130_fd_sc_hd__buf_1)
    10    0.03                           u_pc._047_ (net)
                  0.40    0.00    2.76 ^ u_pc._146_/C1 (sky130_fd_sc_hd__o211a_2)
                  0.06    0.27    3.03 ^ u_pc._146_/X (sky130_fd_sc_hd__o211a_2)
     1    0.00                           u_pc._026_ (net)
                  0.06    0.00    3.03 ^ u_pc._148_/A (sky130_fd_sc_hd__nor2_2)
                  0.02    0.04    3.07 v u_pc._148_/Y (sky130_fd_sc_hd__nor2_2)
     1    0.00                           u_pc._011_ (net)
                  0.02    0.00    3.07 v u_pc._179_/D (sky130_fd_sc_hd__dfrtp_2)
                                  3.07   data arrival time

                  0.15   10.00   10.00   clock clk (rise edge)
                          0.00   10.00   clock network delay (ideal)
                         -0.25    9.75   clock uncertainty
                          0.00    9.75   clock reconvergence pessimism
                                  9.75 ^ u_pc._179_/CLK (sky130_fd_sc_hd__dfrtp_2)
                         -0.08    9.67   library setup time
                                  9.67   data required time
-----------------------------------------------------------------------------
                                  9.67   data required time
                                 -3.07   data arrival time
-----------------------------------------------------------------------------
                                  6.60   slack (MET)


Startpoint: wake_up (input port clocked by clk)
Endpoint: u_pc._175_ (rising edge-triggered flip-flop clocked by clk)
Path Group: clk
Path Type: max

Fanout     Cap    Slew   Delay    Time   Description
-----------------------------------------------------------------------------
                  0.15    0.00    0.00   clock clk (rise edge)
                          0.00    0.00   clock network delay (ideal)
                          2.00    2.00 ^ input external delay
                  0.02    0.01    2.01 ^ wake_up (in)
     1    0.00                           wake_up (net)
                  0.02    0.00    2.01 ^ _18_/A_N (sky130_fd_sc_hd__and2b_2)
                  0.03    0.20    2.20 v _18_/X (sky130_fd_sc_hd__and2b_2)
     1    0.00                           _00_ (net)
                  0.03    0.00    2.20 v _19_/A (sky130_fd_sc_hd__buf_1)
                  0.05    0.10    2.31 v _19_/X (sky130_fd_sc_hd__buf_1)
     2    0.01                           u_pc.sleep_en (net)
                  0.05    0.00    2.31 v u_pc._087_/A (sky130_fd_sc_hd__inv_2)
                  0.09    0.10    2.40 ^ u_pc._087_/Y (sky130_fd_sc_hd__inv_2)
     6    0.02                           u_pc._046_ (net)
                  0.09    0.00    2.40 ^ u_pc._088_/A (sky130_fd_sc_hd__buf_1)
                  0.40    0.35    2.76 ^ u_pc._088_/X (sky130_fd_sc_hd__buf_1)
    10    0.03                           u_pc._047_ (net)
                  0.40    0.00    2.76 ^ u_pc._123_/B1 (sky130_fd_sc_hd__o21a_2)
                  0.04    0.21    2.97 ^ u_pc._123_/X (sky130_fd_sc_hd__o21a_2)
     1    0.00                           u_pc._075_ (net)
                  0.04    0.00    2.97 ^ u_pc._128_/A2 (sky130_fd_sc_hd__o22a_2)
                  0.03    0.12    3.09 ^ u_pc._128_/X (sky130_fd_sc_hd__o22a_2)
     1    0.00                           u_pc._007_ (net)
                  0.03    0.00    3.09 ^ u_pc._175_/D (sky130_fd_sc_hd__dfrtp_2)
                                  3.09   data arrival time

                  0.15   10.00   10.00   clock clk (rise edge)
                          0.00   10.00   clock network delay (ideal)
                         -0.25    9.75   clock uncertainty
                          0.00    9.75   clock reconvergence pessimism
                                  9.75 ^ u_pc._175_/CLK (sky130_fd_sc_hd__dfrtp_2)
                         -0.04    9.71   library setup time
                                  9.71   data required time
-----------------------------------------------------------------------------
                                  9.71   data required time
                                 -3.09   data arrival time
-----------------------------------------------------------------------------
                                  6.62   slack (MET)


Startpoint: wake_up (input port clocked by clk)
Endpoint: u_pc._169_ (rising edge-triggered flip-flop clocked by clk)
Path Group: clk
Path Type: max

Fanout     Cap    Slew   Delay    Time   Description
-----------------------------------------------------------------------------
                  0.15    0.00    0.00   clock clk (rise edge)
                          0.00    0.00   clock network delay (ideal)
                          2.00    2.00 ^ input external delay
                  0.02    0.01    2.01 ^ wake_up (in)
     1    0.00                           wake_up (net)
                  0.02    0.00    2.01 ^ _18_/A_N (sky130_fd_sc_hd__and2b_2)
                  0.03    0.20    2.20 v _18_/X (sky130_fd_sc_hd__and2b_2)
     1    0.00                           _00_ (net)
                  0.03    0.00    2.20 v _19_/A (sky130_fd_sc_hd__buf_1)
                  0.05    0.10    2.31 v _19_/X (sky130_fd_sc_hd__buf_1)
     2    0.01                           u_pc.sleep_en (net)
                  0.05    0.00    2.31 v u_pc._087_/A (sky130_fd_sc_hd__inv_2)
                  0.09    0.10    2.40 ^ u_pc._087_/Y (sky130_fd_sc_hd__inv_2)
     6    0.02                           u_pc._046_ (net)
                  0.09    0.00    2.40 ^ u_pc._088_/A (sky130_fd_sc_hd__buf_1)
                  0.40    0.35    2.76 ^ u_pc._088_/X (sky130_fd_sc_hd__buf_1)
    10    0.03                           u_pc._047_ (net)
                  0.40    0.00    2.76 ^ u_pc._089_/B1 (sky130_fd_sc_hd__o21a_2)
                  0.04    0.22    2.98 ^ u_pc._089_/X (sky130_fd_sc_hd__o21a_2)
     2    0.00                           u_pc._048_ (net)
                  0.04    0.00    2.98 ^ u_pc._095_/A2 (sky130_fd_sc_hd__o21a_2)
                  0.03    0.10    3.08 ^ u_pc._095_/X (sky130_fd_sc_hd__o21a_2)
     1    0.00                           u_pc._001_ (net)
                  0.03    0.00    3.08 ^ u_pc._169_/D (sky130_fd_sc_hd__dfrtp_2)
                                  3.08   data arrival time

                  0.15   10.00   10.00   clock clk (rise edge)
                          0.00   10.00   clock network delay (ideal)
                         -0.25    9.75   clock uncertainty
                          0.00    9.75   clock reconvergence pessimism
                                  9.75 ^ u_pc._169_/CLK (sky130_fd_sc_hd__dfrtp_2)
                         -0.04    9.71   library setup time
                                  9.71   data required time
-----------------------------------------------------------------------------
                                  9.71   data required time
                                 -3.08   data arrival time
-----------------------------------------------------------------------------
                                  6.63   slack (MET)


Startpoint: wake_up (input port clocked by clk)
Endpoint: u_pc._173_ (rising edge-triggered flip-flop clocked by clk)
Path Group: clk
Path Type: max

Fanout     Cap    Slew   Delay    Time   Description
-----------------------------------------------------------------------------
                  0.15    0.00    0.00   clock clk (rise edge)
                          0.00    0.00   clock network delay (ideal)
                          2.00    2.00 ^ input external delay
                  0.02    0.01    2.01 ^ wake_up (in)
     1    0.00                           wake_up (net)
                  0.02    0.00    2.01 ^ _18_/A_N (sky130_fd_sc_hd__and2b_2)
                  0.03    0.20    2.20 v _18_/X (sky130_fd_sc_hd__and2b_2)
     1    0.00                           _00_ (net)
                  0.03    0.00    2.20 v _19_/A (sky130_fd_sc_hd__buf_1)
                  0.05    0.10    2.31 v _19_/X (sky130_fd_sc_hd__buf_1)
     2    0.01                           u_pc.sleep_en (net)
                  0.05    0.00    2.31 v u_pc._092_/A (sky130_fd_sc_hd__buf_1)
                  0.17    0.21    2.52 v u_pc._092_/X (sky130_fd_sc_hd__buf_1)
    10    0.03                           u_pc._050_ (net)
                  0.17    0.00    2.52 v u_pc._115_/B1 (sky130_fd_sc_hd__a211o_2)
                  0.05    0.36    2.88 v u_pc._115_/X (sky130_fd_sc_hd__a211o_2)
     1    0.00                           u_pc._069_ (net)
                  0.05    0.00    2.88 v u_pc._116_/B1 (sky130_fd_sc_hd__o21a_2)
                  0.03    0.11    2.99 v u_pc._116_/X (sky130_fd_sc_hd__o21a_2)
     1    0.00                           u_pc._005_ (net)
                  0.03    0.00    2.99 v u_pc._173_/D (sky130_fd_sc_hd__dfrtp_2)
                                  2.99   data arrival time

                  0.15   10.00   10.00   clock clk (rise edge)
                          0.00   10.00   clock network delay (ideal)
                         -0.25    9.75   clock uncertainty
                          0.00    9.75   clock reconvergence pessimism
                                  9.75 ^ u_pc._173_/CLK (sky130_fd_sc_hd__dfrtp_2)
                         -0.09    9.66   library setup time
                                  9.66   data required time
-----------------------------------------------------------------------------
                                  9.66   data required time
                                 -2.99   data arrival time
-----------------------------------------------------------------------------
                                  6.67   slack (MET)


Startpoint: wake_up (input port clocked by clk)
Endpoint: u_pc._171_ (rising edge-triggered flip-flop clocked by clk)
Path Group: clk
Path Type: max

Fanout     Cap    Slew   Delay    Time   Description
-----------------------------------------------------------------------------
                  0.15    0.00    0.00   clock clk (rise edge)
                          0.00    0.00   clock network delay (ideal)
                          2.00    2.00 v input external delay
                  0.01    0.00    2.00 v wake_up (in)
     1    0.00                           wake_up (net)
                  0.01    0.00    2.00 v _18_/A_N (sky130_fd_sc_hd__and2b_2)
                  0.04    0.19    2.19 ^ _18_/X (sky130_fd_sc_hd__and2b_2)
     1    0.00                           _00_ (net)
                  0.04    0.00    2.19 ^ _19_/A (sky130_fd_sc_hd__buf_1)
                  0.09    0.12    2.31 ^ _19_/X (sky130_fd_sc_hd__buf_1)
     2    0.01                           u_pc.sleep_en (net)
                  0.09    0.00    2.31 ^ u_pc._092_/A (sky130_fd_sc_hd__buf_1)
                  0.40    0.35    2.66 ^ u_pc._092_/X (sky130_fd_sc_hd__buf_1)
    10    0.03                           u_pc._050_ (net)
                  0.40    0.00    2.66 ^ u_pc._101_/A (sky130_fd_sc_hd__nor2_2)
                  0.07    0.07    2.73 v u_pc._101_/Y (sky130_fd_sc_hd__nor2_2)
     1    0.00                           u_pc._057_ (net)
                  0.07    0.00    2.73 v u_pc._107_/A2 (sky130_fd_sc_hd__o22a_2)
                  0.03    0.23    2.96 v u_pc._107_/X (sky130_fd_sc_hd__o22a_2)
     1    0.00                           u_pc._003_ (net)
                  0.03    0.00    2.96 v u_pc._171_/D (sky130_fd_sc_hd__dfrtp_2)
                                  2.96   data arrival time

                  0.15   10.00   10.00   clock clk (rise edge)
                          0.00   10.00   clock network delay (ideal)
                         -0.25    9.75   clock uncertainty
                          0.00    9.75   clock reconvergence pessimism
                                  9.75 ^ u_pc._171_/CLK (sky130_fd_sc_hd__dfrtp_2)
                         -0.09    9.66   library setup time
                                  9.66   data required time
-----------------------------------------------------------------------------
                                  9.66   data required time
                                 -2.96   data arrival time
-----------------------------------------------------------------------------
                                  6.71   slack (MET)


Startpoint: wake_up (input port clocked by clk)
Endpoint: u_pc._181_ (rising edge-triggered flip-flop clocked by clk)
Path Group: clk
Path Type: max

Fanout     Cap    Slew   Delay    Time   Description
-----------------------------------------------------------------------------
                  0.15    0.00    0.00   clock clk (rise edge)
                          0.00    0.00   clock network delay (ideal)
                          2.00    2.00 v input external delay
                  0.01    0.00    2.00 v wake_up (in)
     1    0.00                           wake_up (net)
                  0.01    0.00    2.00 v _18_/A_N (sky130_fd_sc_hd__and2b_2)
                  0.04    0.19    2.19 ^ _18_/X (sky130_fd_sc_hd__and2b_2)
     1    0.00                           _00_ (net)
                  0.04    0.00    2.19 ^ _19_/A (sky130_fd_sc_hd__buf_1)
                  0.09    0.12    2.31 ^ _19_/X (sky130_fd_sc_hd__buf_1)
     2    0.01                           u_pc.sleep_en (net)
                  0.09    0.00    2.31 ^ u_pc._092_/A (sky130_fd_sc_hd__buf_1)
                  0.40    0.35    2.66 ^ u_pc._092_/X (sky130_fd_sc_hd__buf_1)
    10    0.03                           u_pc._050_ (net)
                  0.40    0.00    2.66 ^ u_pc._156_/A (sky130_fd_sc_hd__nor2_2)
                  0.07    0.07    2.73 v u_pc._156_/Y (sky130_fd_sc_hd__nor2_2)
     1    0.00                           u_pc._034_ (net)
                  0.07    0.00    2.73 v u_pc._157_/B1 (sky130_fd_sc_hd__o22a_2)
                  0.03    0.20    2.94 v u_pc._157_/X (sky130_fd_sc_hd__o22a_2)
     1    0.00                           u_pc._013_ (net)
                  0.03    0.00    2.94 v u_pc._181_/D (sky130_fd_sc_hd__dfrtp_2)
                                  2.94   data arrival time

                  0.15   10.00   10.00   clock clk (rise edge)
                          0.00   10.00   clock network delay (ideal)
                         -0.25    9.75   clock uncertainty
                          0.00    9.75   clock reconvergence pessimism
                                  9.75 ^ u_pc._181_/CLK (sky130_fd_sc_hd__dfrtp_2)
                         -0.09    9.66   library setup time
                                  9.66   data required time
-----------------------------------------------------------------------------
                                  9.66   data required time
                                 -2.94   data arrival time
-----------------------------------------------------------------------------
                                  6.73   slack (MET)


Startpoint: wake_up (input port clocked by clk)
Endpoint: u_pc._177_ (rising edge-triggered flip-flop clocked by clk)
Path Group: clk
Path Type: max

Fanout     Cap    Slew   Delay    Time   Description
-----------------------------------------------------------------------------
                  0.15    0.00    0.00   clock clk (rise edge)
                          0.00    0.00   clock network delay (ideal)
                          2.00    2.00 ^ input external delay
                  0.02    0.01    2.01 ^ wake_up (in)
     1    0.00                           wake_up (net)
                  0.02    0.00    2.01 ^ _18_/A_N (sky130_fd_sc_hd__and2b_2)
                  0.03    0.20    2.20 v _18_/X (sky130_fd_sc_hd__and2b_2)
     1    0.00                           _00_ (net)
                  0.03    0.00    2.20 v _19_/A (sky130_fd_sc_hd__buf_1)
                  0.05    0.10    2.31 v _19_/X (sky130_fd_sc_hd__buf_1)
     2    0.01                           u_pc.sleep_en (net)
                  0.05    0.00    2.31 v u_pc._087_/A (sky130_fd_sc_hd__inv_2)
                  0.09    0.10    2.40 ^ u_pc._087_/Y (sky130_fd_sc_hd__inv_2)
     6    0.02                           u_pc._046_ (net)
                  0.09    0.00    2.40 ^ u_pc._088_/A (sky130_fd_sc_hd__buf_1)
                  0.40    0.35    2.76 ^ u_pc._088_/X (sky130_fd_sc_hd__buf_1)
    10    0.03                           u_pc._047_ (net)
                  0.40    0.00    2.76 ^ u_pc._136_/A1 (sky130_fd_sc_hd__a21oi_2)
                  0.08    0.10    2.86 v u_pc._136_/Y (sky130_fd_sc_hd__a21oi_2)
     1    0.00                           u_pc._018_ (net)
                  0.08    0.00    2.86 v u_pc._137_/B1 (sky130_fd_sc_hd__a21oi_2)
                  0.07    0.11    2.96 ^ u_pc._137_/Y (sky130_fd_sc_hd__a21oi_2)
     1    0.00                           u_pc._009_ (net)
                  0.07    0.00    2.96 ^ u_pc._177_/D (sky130_fd_sc_hd__dfrtp_2)
                                  2.96   data arrival time

                  0.15   10.00   10.00   clock clk (rise edge)
                          0.00   10.00   clock network delay (ideal)
                         -0.25    9.75   clock uncertainty
                          0.00    9.75   clock reconvergence pessimism
                                  9.75 ^ u_pc._177_/CLK (sky130_fd_sc_hd__dfrtp_2)
                         -0.05    9.70   library setup time
                                  9.70   data required time
-----------------------------------------------------------------------------
                                  9.70   data required time
                                 -2.96   data arrival time
-----------------------------------------------------------------------------
                                  6.73   slack (MET)


Startpoint: wake_up (input port clocked by clk)
Endpoint: u_pc._183_ (rising edge-triggered flip-flop clocked by clk)
Path Group: clk
Path Type: max

Fanout     Cap    Slew   Delay    Time   Description
-----------------------------------------------------------------------------
                  0.15    0.00    0.00   clock clk (rise edge)
                          0.00    0.00   clock network delay (ideal)
                          2.00    2.00 ^ input external delay
                  0.02    0.01    2.01 ^ wake_up (in)
     1    0.00                           wake_up (net)
                  0.02    0.00    2.01 ^ _18_/A_N (sky130_fd_sc_hd__and2b_2)
                  0.03    0.20    2.20 v _18_/X (sky130_fd_sc_hd__and2b_2)
     1    0.00                           _00_ (net)
                  0.03    0.00    2.20 v _19_/A (sky130_fd_sc_hd__buf_1)
                  0.05    0.10    2.31 v _19_/X (sky130_fd_sc_hd__buf_1)
     2    0.01                           u_pc.sleep_en (net)
                  0.05    0.00    2.31 v u_pc._087_/A (sky130_fd_sc_hd__inv_2)
                  0.09    0.10    2.40 ^ u_pc._087_/Y (sky130_fd_sc_hd__inv_2)
     6    0.02                           u_pc._046_ (net)
                  0.09    0.00    2.40 ^ u_pc._088_/A (sky130_fd_sc_hd__buf_1)
                  0.40    0.35    2.76 ^ u_pc._088_/X (sky130_fd_sc_hd__buf_1)
    10    0.03                           u_pc._047_ (net)
                  0.40    0.00    2.76 ^ u_pc._166_/A1 (sky130_fd_sc_hd__a21oi_2)
                  0.08    0.10    2.86 v u_pc._166_/Y (sky130_fd_sc_hd__a21oi_2)
     1    0.00                           u_pc._042_ (net)
                  0.08    0.00    2.86 v u_pc._167_/B1 (sky130_fd_sc_hd__a21oi_2)
                  0.07    0.11    2.96 ^ u_pc._167_/Y (sky130_fd_sc_hd__a21oi_2)
     1    0.00                           u_pc._015_ (net)
                  0.07    0.00    2.96 ^ u_pc._183_/D (sky130_fd_sc_hd__dfrtp_2)
                                  2.96   data arrival time

                  0.15   10.00   10.00   clock clk (rise edge)
                          0.00   10.00   clock network delay (ideal)
                         -0.25    9.75   clock uncertainty
                          0.00    9.75   clock reconvergence pessimism
                                  9.75 ^ u_pc._183_/CLK (sky130_fd_sc_hd__dfrtp_2)
                         -0.05    9.70   library setup time
                                  9.70   data required time
-----------------------------------------------------------------------------
                                  9.70   data required time
                                 -2.96   data arrival time
-----------------------------------------------------------------------------
                                  6.73   slack (MET)


Startpoint: wake_up (input port clocked by clk)
Endpoint: u_pc._172_ (rising edge-triggered flip-flop clocked by clk)
Path Group: clk
Path Type: max

Fanout     Cap    Slew   Delay    Time   Description
-----------------------------------------------------------------------------
                  0.15    0.00    0.00   clock clk (rise edge)
                          0.00    0.00   clock network delay (ideal)
                          2.00    2.00 v input external delay
                  0.01    0.00    2.00 v wake_up (in)
     1    0.00                           wake_up (net)
                  0.01    0.00    2.00 v _18_/A_N (sky130_fd_sc_hd__and2b_2)
                  0.04    0.19    2.19 ^ _18_/X (sky130_fd_sc_hd__and2b_2)
     1    0.00                           _00_ (net)
                  0.04    0.00    2.19 ^ _19_/A (sky130_fd_sc_hd__buf_1)
                  0.09    0.12    2.31 ^ _19_/X (sky130_fd_sc_hd__buf_1)
     2    0.01                           u_pc.sleep_en (net)
                  0.09    0.00    2.31 ^ u_pc._092_/A (sky130_fd_sc_hd__buf_1)
                  0.40    0.35    2.66 ^ u_pc._092_/X (sky130_fd_sc_hd__buf_1)
    10    0.03                           u_pc._050_ (net)
                  0.40    0.00    2.66 ^ u_pc._110_/B2 (sky130_fd_sc_hd__o22a_2)
                  0.04    0.20    2.86 ^ u_pc._110_/X (sky130_fd_sc_hd__o22a_2)
     1    0.00                           u_pc._065_ (net)
                  0.04    0.00    2.86 ^ u_pc._111_/B2 (sky130_fd_sc_hd__o22a_2)
                  0.03    0.11    2.97 ^ u_pc._111_/X (sky130_fd_sc_hd__o22a_2)
     1    0.00                           u_pc._004_ (net)
                  0.03    0.00    2.97 ^ u_pc._172_/D (sky130_fd_sc_hd__dfrtp_2)
                                  2.97   data arrival time

                  0.15   10.00   10.00   clock clk (rise edge)
                          0.00   10.00   clock network delay (ideal)
                         -0.25    9.75   clock uncertainty
                          0.00    9.75   clock reconvergence pessimism
                                  9.75 ^ u_pc._172_/CLK (sky130_fd_sc_hd__dfrtp_2)
                         -0.04    9.71   library setup time
                                  9.71   data required time
-----------------------------------------------------------------------------
                                  9.71   data required time
                                 -2.97   data arrival time
-----------------------------------------------------------------------------
                                  6.73   slack (MET)


Startpoint: wake_up (input port clocked by clk)
Endpoint: u_pc._174_ (rising edge-triggered flip-flop clocked by clk)
Path Group: clk
Path Type: max

Fanout     Cap    Slew   Delay    Time   Description
-----------------------------------------------------------------------------
                  0.15    0.00    0.00   clock clk (rise edge)
                          0.00    0.00   clock network delay (ideal)
                          2.00    2.00 ^ input external delay
                  0.02    0.01    2.01 ^ wake_up (in)
     1    0.00                           wake_up (net)
                  0.02    0.00    2.01 ^ _18_/A_N (sky130_fd_sc_hd__and2b_2)
                  0.03    0.20    2.20 v _18_/X (sky130_fd_sc_hd__and2b_2)
     1    0.00                           _00_ (net)
                  0.03    0.00    2.20 v _19_/A (sky130_fd_sc_hd__buf_1)
                  0.05    0.10    2.31 v _19_/X (sky130_fd_sc_hd__buf_1)
     2    0.01                           u_pc.sleep_en (net)
                  0.05    0.00    2.31 v u_pc._087_/A (sky130_fd_sc_hd__inv_2)
                  0.09    0.10    2.40 ^ u_pc._087_/Y (sky130_fd_sc_hd__inv_2)
     6    0.02                           u_pc._046_ (net)
                  0.09    0.00    2.40 ^ u_pc._121_/S (sky130_fd_sc_hd__mux2_2)
                  0.05    0.34    2.75 v u_pc._121_/X (sky130_fd_sc_hd__mux2_2)
     1    0.00                           u_pc._074_ (net)
                  0.05    0.00    2.75 v u_pc._122_/A (sky130_fd_sc_hd__buf_1)
                  0.02    0.09    2.84 v u_pc._122_/X (sky130_fd_sc_hd__buf_1)
     1    0.00                           u_pc._006_ (net)
                  0.02    0.00    2.84 v u_pc._174_/D (sky130_fd_sc_hd__dfrtp_2)
                                  2.84   data arrival time

                  0.15   10.00   10.00   clock clk (rise edge)
                          0.00   10.00   clock network delay (ideal)
                         -0.25    9.75   clock uncertainty
                          0.00    9.75   clock reconvergence pessimism
                                  9.75 ^ u_pc._174_/CLK (sky130_fd_sc_hd__dfrtp_2)
                         -0.08    9.67   library setup time
                                  9.67   data required time
-----------------------------------------------------------------------------
                                  9.67   data required time
                                 -2.84   data arrival time
-----------------------------------------------------------------------------
                                  6.83   slack (MET)


Startpoint: wake_up (input port clocked by clk)
Endpoint: u_pc._176_ (rising edge-triggered flip-flop clocked by clk)
Path Group: clk
Path Type: max

Fanout     Cap    Slew   Delay    Time   Description
-----------------------------------------------------------------------------
                  0.15    0.00    0.00   clock clk (rise edge)
                          0.00    0.00   clock network delay (ideal)
                          2.00    2.00 ^ input external delay
                  0.02    0.01    2.01 ^ wake_up (in)
     1    0.00                           wake_up (net)
                  0.02    0.00    2.01 ^ _18_/A_N (sky130_fd_sc_hd__and2b_2)
                  0.03    0.20    2.20 v _18_/X (sky130_fd_sc_hd__and2b_2)
     1    0.00                           _00_ (net)
                  0.03    0.00    2.20 v _19_/A (sky130_fd_sc_hd__buf_1)
                  0.05    0.10    2.31 v _19_/X (sky130_fd_sc_hd__buf_1)
     2    0.01                           u_pc.sleep_en (net)
                  0.05    0.00    2.31 v u_pc._087_/A (sky130_fd_sc_hd__inv_2)
                  0.09    0.10    2.40 ^ u_pc._087_/Y (sky130_fd_sc_hd__inv_2)
     6    0.02                           u_pc._046_ (net)
                  0.09    0.00    2.40 ^ u_pc._132_/S (sky130_fd_sc_hd__mux2_2)
                  0.05    0.34    2.75 v u_pc._132_/X (sky130_fd_sc_hd__mux2_2)
     1    0.00                           u_pc._083_ (net)
                  0.05    0.00    2.75 v u_pc._133_/A (sky130_fd_sc_hd__buf_1)
                  0.02    0.09    2.84 v u_pc._133_/X (sky130_fd_sc_hd__buf_1)
     1    0.00                           u_pc._008_ (net)
                  0.02    0.00    2.84 v u_pc._176_/D (sky130_fd_sc_hd__dfrtp_2)
                                  2.84   data arrival time

                  0.15   10.00   10.00   clock clk (rise edge)
                          0.00   10.00   clock network delay (ideal)
                         -0.25    9.75   clock uncertainty
                          0.00    9.75   clock reconvergence pessimism
                                  9.75 ^ u_pc._176_/CLK (sky130_fd_sc_hd__dfrtp_2)
                         -0.08    9.67   library setup time
                                  9.67   data required time
-----------------------------------------------------------------------------
                                  9.67   data required time
                                 -2.84   data arrival time
-----------------------------------------------------------------------------
                                  6.83   slack (MET)


Startpoint: wake_up (input port clocked by clk)
Endpoint: u_pc._178_ (rising edge-triggered flip-flop clocked by clk)
Path Group: clk
Path Type: max

Fanout     Cap    Slew   Delay    Time   Description
-----------------------------------------------------------------------------
                  0.15    0.00    0.00   clock clk (rise edge)
                          0.00    0.00   clock network delay (ideal)
                          2.00    2.00 ^ input external delay
                  0.02    0.01    2.01 ^ wake_up (in)
     1    0.00                           wake_up (net)
                  0.02    0.00    2.01 ^ _18_/A_N (sky130_fd_sc_hd__and2b_2)
                  0.03    0.20    2.20 v _18_/X (sky130_fd_sc_hd__and2b_2)
     1    0.00                           _00_ (net)
                  0.03    0.00    2.20 v _19_/A (sky130_fd_sc_hd__buf_1)
                  0.05    0.10    2.31 v _19_/X (sky130_fd_sc_hd__buf_1)
     2    0.01                           u_pc.sleep_en (net)
                  0.05    0.00    2.31 v u_pc._087_/A (sky130_fd_sc_hd__inv_2)
                  0.09    0.10    2.40 ^ u_pc._087_/Y (sky130_fd_sc_hd__inv_2)
     6    0.02                           u_pc._046_ (net)
                  0.09    0.00    2.40 ^ u_pc._141_/S (sky130_fd_sc_hd__mux2_2)
                  0.05    0.34    2.75 v u_pc._141_/X (sky130_fd_sc_hd__mux2_2)
     1    0.00                           u_pc._022_ (net)
                  0.05    0.00    2.75 v u_pc._142_/A (sky130_fd_sc_hd__buf_1)
                  0.02    0.09    2.84 v u_pc._142_/X (sky130_fd_sc_hd__buf_1)
     1    0.00                           u_pc._010_ (net)
                  0.02    0.00    2.84 v u_pc._178_/D (sky130_fd_sc_hd__dfrtp_2)
                                  2.84   data arrival time

                  0.15   10.00   10.00   clock clk (rise edge)
                          0.00   10.00   clock network delay (ideal)
                         -0.25    9.75   clock uncertainty
                          0.00    9.75   clock reconvergence pessimism
                                  9.75 ^ u_pc._178_/CLK (sky130_fd_sc_hd__dfrtp_2)
                         -0.08    9.67   library setup time
                                  9.67   data required time
-----------------------------------------------------------------------------
                                  9.67   data required time
                                 -2.84   data arrival time
-----------------------------------------------------------------------------
                                  6.83   slack (MET)


Startpoint: wake_up (input port clocked by clk)
Endpoint: u_pc._180_ (rising edge-triggered flip-flop clocked by clk)
Path Group: clk
Path Type: max

Fanout     Cap    Slew   Delay    Time   Description
-----------------------------------------------------------------------------
                  0.15    0.00    0.00   clock clk (rise edge)
                          0.00    0.00   clock network delay (ideal)
                          2.00    2.00 ^ input external delay
                  0.02    0.01    2.01 ^ wake_up (in)
     1    0.00                           wake_up (net)
                  0.02    0.00    2.01 ^ _18_/A_N (sky130_fd_sc_hd__and2b_2)
                  0.03    0.20    2.20 v _18_/X (sky130_fd_sc_hd__and2b_2)
     1    0.00                           _00_ (net)
                  0.03    0.00    2.20 v _19_/A (sky130_fd_sc_hd__buf_1)
                  0.05    0.10    2.31 v _19_/X (sky130_fd_sc_hd__buf_1)
     2    0.01                           u_pc.sleep_en (net)
                  0.05    0.00    2.31 v u_pc._087_/A (sky130_fd_sc_hd__inv_2)
                  0.09    0.10    2.40 ^ u_pc._087_/Y (sky130_fd_sc_hd__inv_2)
     6    0.02                           u_pc._046_ (net)
                  0.09    0.00    2.40 ^ u_pc._152_/S (sky130_fd_sc_hd__mux2_2)
                  0.05    0.34    2.75 v u_pc._152_/X (sky130_fd_sc_hd__mux2_2)
     1    0.00                           u_pc._031_ (net)
                  0.05    0.00    2.75 v u_pc._153_/A (sky130_fd_sc_hd__buf_1)
                  0.02    0.09    2.84 v u_pc._153_/X (sky130_fd_sc_hd__buf_1)
     1    0.00                           u_pc._012_ (net)
                  0.02    0.00    2.84 v u_pc._180_/D (sky130_fd_sc_hd__dfrtp_2)
                                  2.84   data arrival time

                  0.15   10.00   10.00   clock clk (rise edge)
                          0.00   10.00   clock network delay (ideal)
                         -0.25    9.75   clock uncertainty
                          0.00    9.75   clock reconvergence pessimism
                                  9.75 ^ u_pc._180_/CLK (sky130_fd_sc_hd__dfrtp_2)
                         -0.08    9.67   library setup time
                                  9.67   data required time
-----------------------------------------------------------------------------
                                  9.67   data required time
                                 -2.84   data arrival time
-----------------------------------------------------------------------------
                                  6.83   slack (MET)


Startpoint: wake_up (input port clocked by clk)
Endpoint: u_pc._182_ (rising edge-triggered flip-flop clocked by clk)
Path Group: clk
Path Type: max

Fanout     Cap    Slew   Delay    Time   Description
-----------------------------------------------------------------------------
                  0.15    0.00    0.00   clock clk (rise edge)
                          0.00    0.00   clock network delay (ideal)
                          2.00    2.00 ^ input external delay
                  0.02    0.01    2.01 ^ wake_up (in)
     1    0.00                           wake_up (net)
                  0.02    0.00    2.01 ^ _18_/A_N (sky130_fd_sc_hd__and2b_2)
                  0.03    0.20    2.20 v _18_/X (sky130_fd_sc_hd__and2b_2)
     1    0.00                           _00_ (net)
                  0.03    0.00    2.20 v _19_/A (sky130_fd_sc_hd__buf_1)
                  0.05    0.10    2.31 v _19_/X (sky130_fd_sc_hd__buf_1)
     2    0.01                           u_pc.sleep_en (net)
                  0.05    0.00    2.31 v u_pc._087_/A (sky130_fd_sc_hd__inv_2)
                  0.09    0.10    2.40 ^ u_pc._087_/Y (sky130_fd_sc_hd__inv_2)
     6    0.02                           u_pc._046_ (net)
                  0.09    0.00    2.40 ^ u_pc._161_/S (sky130_fd_sc_hd__mux2_2)
                  0.05    0.34    2.75 v u_pc._161_/X (sky130_fd_sc_hd__mux2_2)
     1    0.00                           u_pc._038_ (net)
                  0.05    0.00    2.75 v u_pc._162_/A (sky130_fd_sc_hd__buf_1)
                  0.02    0.09    2.84 v u_pc._162_/X (sky130_fd_sc_hd__buf_1)
     1    0.00                           u_pc._014_ (net)
                  0.02    0.00    2.84 v u_pc._182_/D (sky130_fd_sc_hd__dfrtp_2)
                                  2.84   data arrival time

                  0.15   10.00   10.00   clock clk (rise edge)
                          0.00   10.00   clock network delay (ideal)
                         -0.25    9.75   clock uncertainty
                          0.00    9.75   clock reconvergence pessimism
                                  9.75 ^ u_pc._182_/CLK (sky130_fd_sc_hd__dfrtp_2)
                         -0.08    9.67   library setup time
                                  9.67   data required time
-----------------------------------------------------------------------------
                                  9.67   data required time
                                 -2.84   data arrival time
-----------------------------------------------------------------------------
                                  6.83   slack (MET)


Startpoint: u_pc._168_ (rising edge-triggered flip-flop clocked by clk)
Endpoint: current_pc[0] (output port clocked by clk)
Path Group: clk
Path Type: max

Fanout     Cap    Slew   Delay    Time   Description
-----------------------------------------------------------------------------
                  0.15    0.00    0.00   clock clk (rise edge)
                          0.00    0.00   clock network delay (ideal)
                  0.15    0.00    0.00 ^ u_pc._168_/CLK (sky130_fd_sc_hd__dfrtp_2)
                  0.16    0.50    0.50 ^ u_pc._168_/Q (sky130_fd_sc_hd__dfrtp_2)
    12    0.03                           u_imem.pc_addr[0] (net)
                  0.16    0.00    0.50 ^ _37_/A (sky130_fd_sc_hd__buf_2)
                  0.17    0.25    0.74 ^ _37_/X (sky130_fd_sc_hd__buf_2)
     1    0.03                           current_pc[0] (net)
                  0.17    0.00    0.74 ^ current_pc[0] (out)
                                  0.74   data arrival time

                  0.15   10.00   10.00   clock clk (rise edge)
                          0.00   10.00   clock network delay (ideal)
                         -0.25    9.75   clock uncertainty
                          0.00    9.75   clock reconvergence pessimism
                         -2.00    7.75   output external delay
                                  7.75   data required time
-----------------------------------------------------------------------------
                                  7.75   data required time
                                 -0.74   data arrival time
-----------------------------------------------------------------------------
                                  7.01   slack (MET)


Startpoint: u_pc._169_ (rising edge-triggered flip-flop clocked by clk)
Endpoint: current_pc[1] (output port clocked by clk)
Path Group: clk
Path Type: max

Fanout     Cap    Slew   Delay    Time   Description
-----------------------------------------------------------------------------
                  0.15    0.00    0.00   clock clk (rise edge)
                          0.00    0.00   clock network delay (ideal)
                  0.15    0.00    0.00 ^ u_pc._169_/CLK (sky130_fd_sc_hd__dfrtp_2)
                  0.12    0.47    0.47 ^ u_pc._169_/Q (sky130_fd_sc_hd__dfrtp_2)
     9    0.02                           u_imem.pc_addr[1] (net)
                  0.12    0.00    0.47 ^ _38_/A (sky130_fd_sc_hd__buf_2)
                  0.17    0.24    0.70 ^ _38_/X (sky130_fd_sc_hd__buf_2)
     1    0.03                           current_pc[1] (net)
                  0.17    0.00    0.70 ^ current_pc[1] (out)
                                  0.70   data arrival time

                  0.15   10.00   10.00   clock clk (rise edge)
                          0.00   10.00   clock network delay (ideal)
                         -0.25    9.75   clock uncertainty
                          0.00    9.75   clock reconvergence pessimism
                         -2.00    7.75   output external delay
                                  7.75   data required time
-----------------------------------------------------------------------------
                                  7.75   data required time
                                 -0.70   data arrival time
-----------------------------------------------------------------------------
                                  7.05   slack (MET)


Startpoint: u_pc._170_ (rising edge-triggered flip-flop clocked by clk)
Endpoint: current_pc[2] (output port clocked by clk)
Path Group: clk
Path Type: max

Fanout     Cap    Slew   Delay    Time   Description
-----------------------------------------------------------------------------
                  0.15    0.00    0.00   clock clk (rise edge)
                          0.00    0.00   clock network delay (ideal)
                  0.15    0.00    0.00 ^ u_pc._170_/CLK (sky130_fd_sc_hd__dfrtp_2)
                  0.12    0.47    0.47 ^ u_pc._170_/Q (sky130_fd_sc_hd__dfrtp_2)
     9    0.02                           u_imem.pc_addr[2] (net)
                  0.12    0.00    0.47 ^ _39_/A (sky130_fd_sc_hd__buf_2)
                  0.17    0.24    0.70 ^ _39_/X (sky130_fd_sc_hd__buf_2)
     1    0.03                           current_pc[2] (net)
                  0.17    0.00    0.70 ^ current_pc[2] (out)
                                  0.70   data arrival time

                  0.15   10.00   10.00   clock clk (rise edge)
                          0.00   10.00   clock network delay (ideal)
                         -0.25    9.75   clock uncertainty
                          0.00    9.75   clock reconvergence pessimism
                         -2.00    7.75   output external delay
                                  7.75   data required time
-----------------------------------------------------------------------------
                                  7.75   data required time
                                 -0.70   data arrival time
-----------------------------------------------------------------------------
                                  7.05   slack (MET)


Startpoint: u_pc._176_ (rising edge-triggered flip-flop clocked by clk)
Endpoint: current_pc[8] (output port clocked by clk)
Path Group: clk
Path Type: max

Fanout     Cap    Slew   Delay    Time   Description
-----------------------------------------------------------------------------
                  0.15    0.00    0.00   clock clk (rise edge)
                          0.00    0.00   clock network delay (ideal)
                  0.15    0.00    0.00 ^ u_pc._176_/CLK (sky130_fd_sc_hd__dfrtp_2)
                  0.08    0.50    0.50 v u_pc._176_/Q (sky130_fd_sc_hd__dfrtp_2)
     8    0.02                           u_imem.pc_addr[8] (net)
                  0.08    0.00    0.50 v _45_/A (sky130_fd_sc_hd__buf_2)
                  0.09    0.21    0.70 v _45_/X (sky130_fd_sc_hd__buf_2)
     1    0.03                           current_pc[8] (net)
                  0.09    0.00    0.70 v current_pc[8] (out)
                                  0.70   data arrival time

                  0.15   10.00   10.00   clock clk (rise edge)
                          0.00   10.00   clock network delay (ideal)
                         -0.25    9.75   clock uncertainty
                          0.00    9.75   clock reconvergence pessimism
                         -2.00    7.75   output external delay
                                  7.75   data required time
-----------------------------------------------------------------------------
                                  7.75   data required time
                                 -0.70   data arrival time
-----------------------------------------------------------------------------
                                  7.05   slack (MET)


Startpoint: u_pc._180_ (rising edge-triggered flip-flop clocked by clk)
Endpoint: current_pc[12] (output port clocked by clk)
Path Group: clk
Path Type: max

Fanout     Cap    Slew   Delay    Time   Description
-----------------------------------------------------------------------------
                  0.15    0.00    0.00   clock clk (rise edge)
                          0.00    0.00   clock network delay (ideal)
                  0.15    0.00    0.00 ^ u_pc._180_/CLK (sky130_fd_sc_hd__dfrtp_2)
                  0.08    0.49    0.49 v u_pc._180_/Q (sky130_fd_sc_hd__dfrtp_2)
     8    0.02                           u_imem.pc_addr[12] (net)
                  0.08    0.00    0.49 v _49_/A (sky130_fd_sc_hd__buf_2)
                  0.09    0.20    0.70 v _49_/X (sky130_fd_sc_hd__buf_2)
     1    0.03                           current_pc[12] (net)
                  0.09    0.00    0.70 v current_pc[12] (out)
                                  0.70   data arrival time

                  0.15   10.00   10.00   clock clk (rise edge)
                          0.00   10.00   clock network delay (ideal)
                         -0.25    9.75   clock uncertainty
                          0.00    9.75   clock reconvergence pessimism
                         -2.00    7.75   output external delay
                                  7.75   data required time
-----------------------------------------------------------------------------
                                  7.75   data required time
                                 -0.70   data arrival time
-----------------------------------------------------------------------------
                                  7.05   slack (MET)


Startpoint: u_pc._177_ (rising edge-triggered flip-flop clocked by clk)
Endpoint: current_pc[9] (output port clocked by clk)
Path Group: clk
Path Type: max

Fanout     Cap    Slew   Delay    Time   Description
-----------------------------------------------------------------------------
                  0.15    0.00    0.00   clock clk (rise edge)
                          0.00    0.00   clock network delay (ideal)
                  0.15    0.00    0.00 ^ u_pc._177_/CLK (sky130_fd_sc_hd__dfrtp_2)
                  0.07    0.49    0.49 v u_pc._177_/Q (sky130_fd_sc_hd__dfrtp_2)
     6    0.02                           u_imem.pc_addr[9] (net)
                  0.07    0.00    0.49 v _46_/A (sky130_fd_sc_hd__buf_2)
                  0.09    0.20    0.69 v _46_/X (sky130_fd_sc_hd__buf_2)
     1    0.03                           current_pc[9] (net)
                  0.09    0.00    0.69 v current_pc[9] (out)
                                  0.69   data arrival time

                  0.15   10.00   10.00   clock clk (rise edge)
                          0.00   10.00   clock network delay (ideal)
                         -0.25    9.75   clock uncertainty
                          0.00    9.75   clock reconvergence pessimism
                         -2.00    7.75   output external delay
                                  7.75   data required time
-----------------------------------------------------------------------------
                                  7.75   data required time
                                 -0.69   data arrival time
-----------------------------------------------------------------------------
                                  7.06   slack (MET)


Startpoint: u_pc._181_ (rising edge-triggered flip-flop clocked by clk)
Endpoint: current_pc[13] (output port clocked by clk)
Path Group: clk
Path Type: max

Fanout     Cap    Slew   Delay    Time   Description
-----------------------------------------------------------------------------
                  0.15    0.00    0.00   clock clk (rise edge)
                          0.00    0.00   clock network delay (ideal)
                  0.15    0.00    0.00 ^ u_pc._181_/CLK (sky130_fd_sc_hd__dfrtp_2)
                  0.07    0.48    0.48 v u_pc._181_/Q (sky130_fd_sc_hd__dfrtp_2)
     6    0.01                           u_imem.pc_addr[13] (net)
                  0.07    0.00    0.48 v _50_/A (sky130_fd_sc_hd__buf_2)
                  0.09    0.20    0.68 v _50_/X (sky130_fd_sc_hd__buf_2)
     1    0.03                           current_pc[13] (net)
                  0.09    0.00    0.68 v current_pc[13] (out)
                                  0.68   data arrival time

                  0.15   10.00   10.00   clock clk (rise edge)
                          0.00   10.00   clock network delay (ideal)
                         -0.25    9.75   clock uncertainty
                          0.00    9.75   clock reconvergence pessimism
                         -2.00    7.75   output external delay
                                  7.75   data required time
-----------------------------------------------------------------------------
                                  7.75   data required time
                                 -0.68   data arrival time
-----------------------------------------------------------------------------
                                  7.07   slack (MET)


Startpoint: u_pc._172_ (rising edge-triggered flip-flop clocked by clk)
Endpoint: current_pc[4] (output port clocked by clk)
Path Group: clk
Path Type: max

Fanout     Cap    Slew   Delay    Time   Description
-----------------------------------------------------------------------------
                  0.15    0.00    0.00   clock clk (rise edge)
                          0.00    0.00   clock network delay (ideal)
                  0.15    0.00    0.00 ^ u_pc._172_/CLK (sky130_fd_sc_hd__dfrtp_2)
                  0.07    0.48    0.48 v u_pc._172_/Q (sky130_fd_sc_hd__dfrtp_2)
     6    0.01                           u_imem.pc_addr[4] (net)
                  0.07    0.00    0.48 v _41_/A (sky130_fd_sc_hd__buf_2)
                  0.09    0.20    0.68 v _41_/X (sky130_fd_sc_hd__buf_2)
     1    0.03                           current_pc[4] (net)
                  0.09    0.00    0.68 v current_pc[4] (out)
                                  0.68   data arrival time

                  0.15   10.00   10.00   clock clk (rise edge)
                          0.00   10.00   clock network delay (ideal)
                         -0.25    9.75   clock uncertainty
                          0.00    9.75   clock reconvergence pessimism
                         -2.00    7.75   output external delay
                                  7.75   data required time
-----------------------------------------------------------------------------
                                  7.75   data required time
                                 -0.68   data arrival time
-----------------------------------------------------------------------------
                                  7.07   slack (MET)


Startpoint: u_pc._178_ (rising edge-triggered flip-flop clocked by clk)
Endpoint: current_pc[10] (output port clocked by clk)
Path Group: clk
Path Type: max

Fanout     Cap    Slew   Delay    Time   Description
-----------------------------------------------------------------------------
                  0.15    0.00    0.00   clock clk (rise edge)
                          0.00    0.00   clock network delay (ideal)
                  0.15    0.00    0.00 ^ u_pc._178_/CLK (sky130_fd_sc_hd__dfrtp_2)
                  0.06    0.47    0.47 v u_pc._178_/Q (sky130_fd_sc_hd__dfrtp_2)
     5    0.01                           u_imem.pc_addr[10] (net)
                  0.06    0.00    0.47 v _47_/A (sky130_fd_sc_hd__buf_2)
                  0.09    0.20    0.67 v _47_/X (sky130_fd_sc_hd__buf_2)
     1    0.03                           current_pc[10] (net)
                  0.09    0.00    0.67 v current_pc[10] (out)
                                  0.67   data arrival time

                  0.15   10.00   10.00   clock clk (rise edge)
                          0.00   10.00   clock network delay (ideal)
                         -0.25    9.75   clock uncertainty
                          0.00    9.75   clock reconvergence pessimism
                         -2.00    7.75   output external delay
                                  7.75   data required time
-----------------------------------------------------------------------------
                                  7.75   data required time
                                 -0.67   data arrival time
-----------------------------------------------------------------------------
                                  7.08   slack (MET)


Startpoint: u_pc._182_ (rising edge-triggered flip-flop clocked by clk)
Endpoint: current_pc[14] (output port clocked by clk)
Path Group: clk
Path Type: max

Fanout     Cap    Slew   Delay    Time   Description
-----------------------------------------------------------------------------
                  0.15    0.00    0.00   clock clk (rise edge)
                          0.00    0.00   clock network delay (ideal)
                  0.15    0.00    0.00 ^ u_pc._182_/CLK (sky130_fd_sc_hd__dfrtp_2)
                  0.06    0.47    0.47 v u_pc._182_/Q (sky130_fd_sc_hd__dfrtp_2)
     5    0.01                           u_imem.pc_addr[14] (net)
                  0.06    0.00    0.47 v _51_/A (sky130_fd_sc_hd__buf_2)
                  0.09    0.20    0.67 v _51_/X (sky130_fd_sc_hd__buf_2)
     1    0.03                           current_pc[14] (net)
                  0.09    0.00    0.67 v current_pc[14] (out)
                                  0.67   data arrival time

                  0.15   10.00   10.00   clock clk (rise edge)
                          0.00   10.00   clock network delay (ideal)
                         -0.25    9.75   clock uncertainty
                          0.00    9.75   clock reconvergence pessimism
                         -2.00    7.75   output external delay
                                  7.75   data required time
-----------------------------------------------------------------------------
                                  7.75   data required time
                                 -0.67   data arrival time
-----------------------------------------------------------------------------
                                  7.08   slack (MET)


Startpoint: u_pc._174_ (rising edge-triggered flip-flop clocked by clk)
Endpoint: current_pc[6] (output port clocked by clk)
Path Group: clk
Path Type: max

Fanout     Cap    Slew   Delay    Time   Description
-----------------------------------------------------------------------------
                  0.15    0.00    0.00   clock clk (rise edge)
                          0.00    0.00   clock network delay (ideal)
                  0.15    0.00    0.00 ^ u_pc._174_/CLK (sky130_fd_sc_hd__dfrtp_2)
                  0.06    0.47    0.47 v u_pc._174_/Q (sky130_fd_sc_hd__dfrtp_2)
     5    0.01                           u_imem.pc_addr[6] (net)
                  0.06    0.00    0.47 v _43_/A (sky130_fd_sc_hd__buf_2)
                  0.09    0.19    0.66 v _43_/X (sky130_fd_sc_hd__buf_2)
     1    0.03                           current_pc[6] (net)
                  0.09    0.00    0.66 v current_pc[6] (out)
                                  0.66   data arrival time

                  0.15   10.00   10.00   clock clk (rise edge)
                          0.00   10.00   clock network delay (ideal)
                         -0.25    9.75   clock uncertainty
                          0.00    9.75   clock reconvergence pessimism
                         -2.00    7.75   output external delay
                                  7.75   data required time
-----------------------------------------------------------------------------
                                  7.75   data required time
                                 -0.66   data arrival time
-----------------------------------------------------------------------------
                                  7.09   slack (MET)


Startpoint: u_pc._183_ (rising edge-triggered flip-flop clocked by clk)
Endpoint: current_pc[15] (output port clocked by clk)
Path Group: clk
Path Type: max

Fanout     Cap    Slew   Delay    Time   Description
-----------------------------------------------------------------------------
                  0.15    0.00    0.00   clock clk (rise edge)
                          0.00    0.00   clock network delay (ideal)
                  0.15    0.00    0.00 ^ u_pc._183_/CLK (sky130_fd_sc_hd__dfrtp_2)
                  0.05    0.46    0.46 v u_pc._183_/Q (sky130_fd_sc_hd__dfrtp_2)
     3    0.01                           u_imem.pc_addr[15] (net)
                  0.05    0.00    0.46 v _52_/A (sky130_fd_sc_hd__buf_2)
                  0.09    0.19    0.65 v _52_/X (sky130_fd_sc_hd__buf_2)
     1    0.03                           current_pc[15] (net)
                  0.09    0.00    0.65 v current_pc[15] (out)
                                  0.65   data arrival time

                  0.15   10.00   10.00   clock clk (rise edge)
                          0.00   10.00   clock network delay (ideal)
                         -0.25    9.75   clock uncertainty
                          0.00    9.75   clock reconvergence pessimism
                         -2.00    7.75   output external delay
                                  7.75   data required time
-----------------------------------------------------------------------------
                                  7.75   data required time
                                 -0.65   data arrival time
-----------------------------------------------------------------------------
                                  7.10   slack (MET)


Startpoint: u_pc._179_ (rising edge-triggered flip-flop clocked by clk)
Endpoint: current_pc[11] (output port clocked by clk)
Path Group: clk
Path Type: max

Fanout     Cap    Slew   Delay    Time   Description
-----------------------------------------------------------------------------
                  0.15    0.00    0.00   clock clk (rise edge)
                          0.00    0.00   clock network delay (ideal)
                  0.15    0.00    0.00 ^ u_pc._179_/CLK (sky130_fd_sc_hd__dfrtp_2)
                  0.05    0.46    0.46 v u_pc._179_/Q (sky130_fd_sc_hd__dfrtp_2)
     3    0.01                           u_imem.pc_addr[11] (net)
                  0.05    0.00    0.46 v _48_/A (sky130_fd_sc_hd__buf_2)
                  0.09    0.19    0.65 v _48_/X (sky130_fd_sc_hd__buf_2)
     1    0.03                           current_pc[11] (net)
                  0.09    0.00    0.65 v current_pc[11] (out)
                                  0.65   data arrival time

                  0.15   10.00   10.00   clock clk (rise edge)
                          0.00   10.00   clock network delay (ideal)
                         -0.25    9.75   clock uncertainty
                          0.00    9.75   clock reconvergence pessimism
                         -2.00    7.75   output external delay
                                  7.75   data required time
-----------------------------------------------------------------------------
                                  7.75   data required time
                                 -0.65   data arrival time
-----------------------------------------------------------------------------
                                  7.10   slack (MET)


Startpoint: u_pc._173_ (rising edge-triggered flip-flop clocked by clk)
Endpoint: current_pc[5] (output port clocked by clk)
Path Group: clk
Path Type: max

Fanout     Cap    Slew   Delay    Time   Description
-----------------------------------------------------------------------------
                  0.15    0.00    0.00   clock clk (rise edge)
                          0.00    0.00   clock network delay (ideal)
                  0.15    0.00    0.00 ^ u_pc._173_/CLK (sky130_fd_sc_hd__dfrtp_2)
                  0.05    0.45    0.45 v u_pc._173_/Q (sky130_fd_sc_hd__dfrtp_2)
     4    0.01                           u_imem.pc_addr[5] (net)
                  0.05    0.00    0.45 v _42_/A (sky130_fd_sc_hd__buf_2)
                  0.09    0.19    0.64 v _42_/X (sky130_fd_sc_hd__buf_2)
     1    0.03                           current_pc[5] (net)
                  0.09    0.00    0.64 v current_pc[5] (out)
                                  0.64   data arrival time

                  0.15   10.00   10.00   clock clk (rise edge)
                          0.00   10.00   clock network delay (ideal)
                         -0.25    9.75   clock uncertainty
                          0.00    9.75   clock reconvergence pessimism
                         -2.00    7.75   output external delay
                                  7.75   data required time
-----------------------------------------------------------------------------
                                  7.75   data required time
                                 -0.64   data arrival time
-----------------------------------------------------------------------------
                                  7.11   slack (MET)


Startpoint: u_pc._171_ (rising edge-triggered flip-flop clocked by clk)
Endpoint: current_pc[3] (output port clocked by clk)
Path Group: clk
Path Type: max

Fanout     Cap    Slew   Delay    Time   Description
-----------------------------------------------------------------------------
                  0.15    0.00    0.00   clock clk (rise edge)
                          0.00    0.00   clock network delay (ideal)
                  0.15    0.00    0.00 ^ u_pc._171_/CLK (sky130_fd_sc_hd__dfrtp_2)
                  0.05    0.45    0.45 v u_pc._171_/Q (sky130_fd_sc_hd__dfrtp_2)
     3    0.01                           u_imem.pc_addr[3] (net)
                  0.05    0.00    0.45 v _40_/A (sky130_fd_sc_hd__buf_2)
                  0.09    0.19    0.64 v _40_/X (sky130_fd_sc_hd__buf_2)
     1    0.03                           current_pc[3] (net)
                  0.09    0.00    0.64 v current_pc[3] (out)
                                  0.64   data arrival time

                  0.15   10.00   10.00   clock clk (rise edge)
                          0.00   10.00   clock network delay (ideal)
                         -0.25    9.75   clock uncertainty
                          0.00    9.75   clock reconvergence pessimism
                         -2.00    7.75   output external delay
                                  7.75   data required time
-----------------------------------------------------------------------------
                                  7.75   data required time
                                 -0.64   data arrival time
-----------------------------------------------------------------------------
                                  7.11   slack (MET)


Startpoint: u_pc._175_ (rising edge-triggered flip-flop clocked by clk)
Endpoint: current_pc[7] (output port clocked by clk)
Path Group: clk
Path Type: max

Fanout     Cap    Slew   Delay    Time   Description
-----------------------------------------------------------------------------
                  0.15    0.00    0.00   clock clk (rise edge)
                          0.00    0.00   clock network delay (ideal)
                  0.15    0.00    0.00 ^ u_pc._175_/CLK (sky130_fd_sc_hd__dfrtp_2)
                  0.05    0.45    0.45 v u_pc._175_/Q (sky130_fd_sc_hd__dfrtp_2)
     3    0.01                           u_imem.pc_addr[7] (net)
                  0.05    0.00    0.45 v _44_/A (sky130_fd_sc_hd__buf_2)
                  0.09    0.19    0.64 v _44_/X (sky130_fd_sc_hd__buf_2)
     1    0.03                           current_pc[7] (net)
                  0.09    0.00    0.64 v current_pc[7] (out)
                                  0.64   data arrival time

                  0.15   10.00   10.00   clock clk (rise edge)
                          0.00   10.00   clock network delay (ideal)
                         -0.25    9.75   clock uncertainty
                          0.00    9.75   clock reconvergence pessimism
                         -2.00    7.75   output external delay
                                  7.75   data required time
-----------------------------------------------------------------------------
                                  7.75   data required time
                                 -0.64   data arrival time
-----------------------------------------------------------------------------
                                  7.11   slack (MET)


Startpoint: rst_n (input port clocked by clk)
Endpoint: u_pc._168_ (recovery check against rising-edge clock clk)
Path Group: asynchronous
Path Type: max

Fanout     Cap    Slew   Delay    Time   Description
-----------------------------------------------------------------------------
                  0.15    0.00    0.00   clock clk (rise edge)
                          0.00    0.00   clock network delay (ideal)
                          2.00    2.00 ^ input external delay
                  0.27    0.19    2.19 ^ rst_n (in)
    16    0.06                           rst_n (net)
                  0.27    0.00    2.19 ^ u_pc._168_/RESET_B (sky130_fd_sc_hd__dfrtp_2)
                                  2.19   data arrival time

                  0.15   10.00   10.00   clock clk (rise edge)
                          0.00   10.00   clock network delay (ideal)
                         -0.25    9.75   clock uncertainty
                          0.00    9.75   clock reconvergence pessimism
                                  9.75 ^ u_pc._168_/CLK (sky130_fd_sc_hd__dfrtp_2)
                          0.19    9.94   library recovery time
                                  9.94   data required time
-----------------------------------------------------------------------------
                                  9.94   data required time
                                 -2.19   data arrival time
-----------------------------------------------------------------------------
                                  7.74   slack (MET)


Startpoint: rst_n (input port clocked by clk)
Endpoint: u_pc._169_ (recovery check against rising-edge clock clk)
Path Group: asynchronous
Path Type: max

Fanout     Cap    Slew   Delay    Time   Description
-----------------------------------------------------------------------------
                  0.15    0.00    0.00   clock clk (rise edge)
                          0.00    0.00   clock network delay (ideal)
                          2.00    2.00 ^ input external delay
                  0.27    0.19    2.19 ^ rst_n (in)
    16    0.06                           rst_n (net)
                  0.27    0.00    2.19 ^ u_pc._169_/RESET_B (sky130_fd_sc_hd__dfrtp_2)
                                  2.19   data arrival time

                  0.15   10.00   10.00   clock clk (rise edge)
                          0.00   10.00   clock network delay (ideal)
                         -0.25    9.75   clock uncertainty
                          0.00    9.75   clock reconvergence pessimism
                                  9.75 ^ u_pc._169_/CLK (sky130_fd_sc_hd__dfrtp_2)
                          0.19    9.94   library recovery time
                                  9.94   data required time
-----------------------------------------------------------------------------
                                  9.94   data required time
                                 -2.19   data arrival time
-----------------------------------------------------------------------------
                                  7.74   slack (MET)


Startpoint: rst_n (input port clocked by clk)
Endpoint: u_pc._170_ (recovery check against rising-edge clock clk)
Path Group: asynchronous
Path Type: max

Fanout     Cap    Slew   Delay    Time   Description
-----------------------------------------------------------------------------
                  0.15    0.00    0.00   clock clk (rise edge)
                          0.00    0.00   clock network delay (ideal)
                          2.00    2.00 ^ input external delay
                  0.27    0.19    2.19 ^ rst_n (in)
    16    0.06                           rst_n (net)
                  0.27    0.00    2.19 ^ u_pc._170_/RESET_B (sky130_fd_sc_hd__dfrtp_2)
                                  2.19   data arrival time

                  0.15   10.00   10.00   clock clk (rise edge)
                          0.00   10.00   clock network delay (ideal)
                         -0.25    9.75   clock uncertainty
                          0.00    9.75   clock reconvergence pessimism
                                  9.75 ^ u_pc._170_/CLK (sky130_fd_sc_hd__dfrtp_2)
                          0.19    9.94   library recovery time
                                  9.94   data required time
-----------------------------------------------------------------------------
                                  9.94   data required time
                                 -2.19   data arrival time
-----------------------------------------------------------------------------
                                  7.74   slack (MET)


Startpoint: rst_n (input port clocked by clk)
Endpoint: u_pc._171_ (recovery check against rising-edge clock clk)
Path Group: asynchronous
Path Type: max

Fanout     Cap    Slew   Delay    Time   Description
-----------------------------------------------------------------------------
                  0.15    0.00    0.00   clock clk (rise edge)
                          0.00    0.00   clock network delay (ideal)
                          2.00    2.00 ^ input external delay
                  0.27    0.19    2.19 ^ rst_n (in)
    16    0.06                           rst_n (net)
                  0.27    0.00    2.19 ^ u_pc._171_/RESET_B (sky130_fd_sc_hd__dfrtp_2)
                                  2.19   data arrival time

                  0.15   10.00   10.00   clock clk (rise edge)
                          0.00   10.00   clock network delay (ideal)
                         -0.25    9.75   clock uncertainty
                          0.00    9.75   clock reconvergence pessimism
                                  9.75 ^ u_pc._171_/CLK (sky130_fd_sc_hd__dfrtp_2)
                          0.19    9.94   library recovery time
                                  9.94   data required time
-----------------------------------------------------------------------------
                                  9.94   data required time
                                 -2.19   data arrival time
-----------------------------------------------------------------------------
                                  7.74   slack (MET)


Startpoint: rst_n (input port clocked by clk)
Endpoint: u_pc._172_ (recovery check against rising-edge clock clk)
Path Group: asynchronous
Path Type: max

Fanout     Cap    Slew   Delay    Time   Description
-----------------------------------------------------------------------------
                  0.15    0.00    0.00   clock clk (rise edge)
                          0.00    0.00   clock network delay (ideal)
                          2.00    2.00 ^ input external delay
                  0.27    0.19    2.19 ^ rst_n (in)
    16    0.06                           rst_n (net)
                  0.27    0.00    2.19 ^ u_pc._172_/RESET_B (sky130_fd_sc_hd__dfrtp_2)
                                  2.19   data arrival time

                  0.15   10.00   10.00   clock clk (rise edge)
                          0.00   10.00   clock network delay (ideal)
                         -0.25    9.75   clock uncertainty
                          0.00    9.75   clock reconvergence pessimism
                                  9.75 ^ u_pc._172_/CLK (sky130_fd_sc_hd__dfrtp_2)
                          0.19    9.94   library recovery time
                                  9.94   data required time
-----------------------------------------------------------------------------
                                  9.94   data required time
                                 -2.19   data arrival time
-----------------------------------------------------------------------------
                                  7.74   slack (MET)


Startpoint: rst_n (input port clocked by clk)
Endpoint: u_pc._173_ (recovery check against rising-edge clock clk)
Path Group: asynchronous
Path Type: max

Fanout     Cap    Slew   Delay    Time   Description
-----------------------------------------------------------------------------
                  0.15    0.00    0.00   clock clk (rise edge)
                          0.00    0.00   clock network delay (ideal)
                          2.00    2.00 ^ input external delay
                  0.27    0.19    2.19 ^ rst_n (in)
    16    0.06                           rst_n (net)
                  0.27    0.00    2.19 ^ u_pc._173_/RESET_B (sky130_fd_sc_hd__dfrtp_2)
                                  2.19   data arrival time

                  0.15   10.00   10.00   clock clk (rise edge)
                          0.00   10.00   clock network delay (ideal)
                         -0.25    9.75   clock uncertainty
                          0.00    9.75   clock reconvergence pessimism
                                  9.75 ^ u_pc._173_/CLK (sky130_fd_sc_hd__dfrtp_2)
                          0.19    9.94   library recovery time
                                  9.94   data required time
-----------------------------------------------------------------------------
                                  9.94   data required time
                                 -2.19   data arrival time
-----------------------------------------------------------------------------
                                  7.74   slack (MET)


Startpoint: rst_n (input port clocked by clk)
Endpoint: u_pc._174_ (recovery check against rising-edge clock clk)
Path Group: asynchronous
Path Type: max

Fanout     Cap    Slew   Delay    Time   Description
-----------------------------------------------------------------------------
                  0.15    0.00    0.00   clock clk (rise edge)
                          0.00    0.00   clock network delay (ideal)
                          2.00    2.00 ^ input external delay
                  0.27    0.19    2.19 ^ rst_n (in)
    16    0.06                           rst_n (net)
                  0.27    0.00    2.19 ^ u_pc._174_/RESET_B (sky130_fd_sc_hd__dfrtp_2)
                                  2.19   data arrival time

                  0.15   10.00   10.00   clock clk (rise edge)
                          0.00   10.00   clock network delay (ideal)
                         -0.25    9.75   clock uncertainty
                          0.00    9.75   clock reconvergence pessimism
                                  9.75 ^ u_pc._174_/CLK (sky130_fd_sc_hd__dfrtp_2)
                          0.19    9.94   library recovery time
                                  9.94   data required time
-----------------------------------------------------------------------------
                                  9.94   data required time
                                 -2.19   data arrival time
-----------------------------------------------------------------------------
                                  7.74   slack (MET)


Startpoint: rst_n (input port clocked by clk)
Endpoint: u_pc._175_ (recovery check against rising-edge clock clk)
Path Group: asynchronous
Path Type: max

Fanout     Cap    Slew   Delay    Time   Description
-----------------------------------------------------------------------------
                  0.15    0.00    0.00   clock clk (rise edge)
                          0.00    0.00   clock network delay (ideal)
                          2.00    2.00 ^ input external delay
                  0.27    0.19    2.19 ^ rst_n (in)
    16    0.06                           rst_n (net)
                  0.27    0.00    2.19 ^ u_pc._175_/RESET_B (sky130_fd_sc_hd__dfrtp_2)
                                  2.19   data arrival time

                  0.15   10.00   10.00   clock clk (rise edge)
                          0.00   10.00   clock network delay (ideal)
                         -0.25    9.75   clock uncertainty
                          0.00    9.75   clock reconvergence pessimism
                                  9.75 ^ u_pc._175_/CLK (sky130_fd_sc_hd__dfrtp_2)
                          0.19    9.94   library recovery time
                                  9.94   data required time
-----------------------------------------------------------------------------
                                  9.94   data required time
                                 -2.19   data arrival time
-----------------------------------------------------------------------------
                                  7.74   slack (MET)


Startpoint: rst_n (input port clocked by clk)
Endpoint: u_pc._176_ (recovery check against rising-edge clock clk)
Path Group: asynchronous
Path Type: max

Fanout     Cap    Slew   Delay    Time   Description
-----------------------------------------------------------------------------
                  0.15    0.00    0.00   clock clk (rise edge)
                          0.00    0.00   clock network delay (ideal)
                          2.00    2.00 ^ input external delay
                  0.27    0.19    2.19 ^ rst_n (in)
    16    0.06                           rst_n (net)
                  0.27    0.00    2.19 ^ u_pc._176_/RESET_B (sky130_fd_sc_hd__dfrtp_2)
                                  2.19   data arrival time

                  0.15   10.00   10.00   clock clk (rise edge)
                          0.00   10.00   clock network delay (ideal)
                         -0.25    9.75   clock uncertainty
                          0.00    9.75   clock reconvergence pessimism
                                  9.75 ^ u_pc._176_/CLK (sky130_fd_sc_hd__dfrtp_2)
                          0.19    9.94   library recovery time
                                  9.94   data required time
-----------------------------------------------------------------------------
                                  9.94   data required time
                                 -2.19   data arrival time
-----------------------------------------------------------------------------
                                  7.74   slack (MET)


Startpoint: rst_n (input port clocked by clk)
Endpoint: u_pc._177_ (recovery check against rising-edge clock clk)
Path Group: asynchronous
Path Type: max

Fanout     Cap    Slew   Delay    Time   Description
-----------------------------------------------------------------------------
                  0.15    0.00    0.00   clock clk (rise edge)
                          0.00    0.00   clock network delay (ideal)
                          2.00    2.00 ^ input external delay
                  0.27    0.19    2.19 ^ rst_n (in)
    16    0.06                           rst_n (net)
                  0.27    0.00    2.19 ^ u_pc._177_/RESET_B (sky130_fd_sc_hd__dfrtp_2)
                                  2.19   data arrival time

                  0.15   10.00   10.00   clock clk (rise edge)
                          0.00   10.00   clock network delay (ideal)
                         -0.25    9.75   clock uncertainty
                          0.00    9.75   clock reconvergence pessimism
                                  9.75 ^ u_pc._177_/CLK (sky130_fd_sc_hd__dfrtp_2)
                          0.19    9.94   library recovery time
                                  9.94   data required time
-----------------------------------------------------------------------------
                                  9.94   data required time
                                 -2.19   data arrival time
-----------------------------------------------------------------------------
                                  7.74   slack (MET)


Startpoint: rst_n (input port clocked by clk)
Endpoint: u_pc._178_ (recovery check against rising-edge clock clk)
Path Group: asynchronous
Path Type: max

Fanout     Cap    Slew   Delay    Time   Description
-----------------------------------------------------------------------------
                  0.15    0.00    0.00   clock clk (rise edge)
                          0.00    0.00   clock network delay (ideal)
                          2.00    2.00 ^ input external delay
                  0.27    0.19    2.19 ^ rst_n (in)
    16    0.06                           rst_n (net)
                  0.27    0.00    2.19 ^ u_pc._178_/RESET_B (sky130_fd_sc_hd__dfrtp_2)
                                  2.19   data arrival time

                  0.15   10.00   10.00   clock clk (rise edge)
                          0.00   10.00   clock network delay (ideal)
                         -0.25    9.75   clock uncertainty
                          0.00    9.75   clock reconvergence pessimism
                                  9.75 ^ u_pc._178_/CLK (sky130_fd_sc_hd__dfrtp_2)
                          0.19    9.94   library recovery time
                                  9.94   data required time
-----------------------------------------------------------------------------
                                  9.94   data required time
                                 -2.19   data arrival time
-----------------------------------------------------------------------------
                                  7.74   slack (MET)


Startpoint: rst_n (input port clocked by clk)
Endpoint: u_pc._179_ (recovery check against rising-edge clock clk)
Path Group: asynchronous
Path Type: max

Fanout     Cap    Slew   Delay    Time   Description
-----------------------------------------------------------------------------
                  0.15    0.00    0.00   clock clk (rise edge)
                          0.00    0.00   clock network delay (ideal)
                          2.00    2.00 ^ input external delay
                  0.27    0.19    2.19 ^ rst_n (in)
    16    0.06                           rst_n (net)
                  0.27    0.00    2.19 ^ u_pc._179_/RESET_B (sky130_fd_sc_hd__dfrtp_2)
                                  2.19   data arrival time

                  0.15   10.00   10.00   clock clk (rise edge)
                          0.00   10.00   clock network delay (ideal)
                         -0.25    9.75   clock uncertainty
                          0.00    9.75   clock reconvergence pessimism
                                  9.75 ^ u_pc._179_/CLK (sky130_fd_sc_hd__dfrtp_2)
                          0.19    9.94   library recovery time
                                  9.94   data required time
-----------------------------------------------------------------------------
                                  9.94   data required time
                                 -2.19   data arrival time
-----------------------------------------------------------------------------
                                  7.74   slack (MET)


Startpoint: rst_n (input port clocked by clk)
Endpoint: u_pc._180_ (recovery check against rising-edge clock clk)
Path Group: asynchronous
Path Type: max

Fanout     Cap    Slew   Delay    Time   Description
-----------------------------------------------------------------------------
                  0.15    0.00    0.00   clock clk (rise edge)
                          0.00    0.00   clock network delay (ideal)
                          2.00    2.00 ^ input external delay
                  0.27    0.19    2.19 ^ rst_n (in)
    16    0.06                           rst_n (net)
                  0.27    0.00    2.19 ^ u_pc._180_/RESET_B (sky130_fd_sc_hd__dfrtp_2)
                                  2.19   data arrival time

                  0.15   10.00   10.00   clock clk (rise edge)
                          0.00   10.00   clock network delay (ideal)
                         -0.25    9.75   clock uncertainty
                          0.00    9.75   clock reconvergence pessimism
                                  9.75 ^ u_pc._180_/CLK (sky130_fd_sc_hd__dfrtp_2)
                          0.19    9.94   library recovery time
                                  9.94   data required time
-----------------------------------------------------------------------------
                                  9.94   data required time
                                 -2.19   data arrival time
-----------------------------------------------------------------------------
                                  7.74   slack (MET)


Startpoint: rst_n (input port clocked by clk)
Endpoint: u_pc._181_ (recovery check against rising-edge clock clk)
Path Group: asynchronous
Path Type: max

Fanout     Cap    Slew   Delay    Time   Description
-----------------------------------------------------------------------------
                  0.15    0.00    0.00   clock clk (rise edge)
                          0.00    0.00   clock network delay (ideal)
                          2.00    2.00 ^ input external delay
                  0.27    0.19    2.19 ^ rst_n (in)
    16    0.06                           rst_n (net)
                  0.27    0.00    2.19 ^ u_pc._181_/RESET_B (sky130_fd_sc_hd__dfrtp_2)
                                  2.19   data arrival time

                  0.15   10.00   10.00   clock clk (rise edge)
                          0.00   10.00   clock network delay (ideal)
                         -0.25    9.75   clock uncertainty
                          0.00    9.75   clock reconvergence pessimism
                                  9.75 ^ u_pc._181_/CLK (sky130_fd_sc_hd__dfrtp_2)
                          0.19    9.94   library recovery time
                                  9.94   data required time
-----------------------------------------------------------------------------
                                  9.94   data required time
                                 -2.19   data arrival time
-----------------------------------------------------------------------------
                                  7.74   slack (MET)


Startpoint: rst_n (input port clocked by clk)
Endpoint: u_pc._182_ (recovery check against rising-edge clock clk)
Path Group: asynchronous
Path Type: max

Fanout     Cap    Slew   Delay    Time   Description
-----------------------------------------------------------------------------
                  0.15    0.00    0.00   clock clk (rise edge)
                          0.00    0.00   clock network delay (ideal)
                          2.00    2.00 ^ input external delay
                  0.27    0.19    2.19 ^ rst_n (in)
    16    0.06                           rst_n (net)
                  0.27    0.00    2.19 ^ u_pc._182_/RESET_B (sky130_fd_sc_hd__dfrtp_2)
                                  2.19   data arrival time

                  0.15   10.00   10.00   clock clk (rise edge)
                          0.00   10.00   clock network delay (ideal)
                         -0.25    9.75   clock uncertainty
                          0.00    9.75   clock reconvergence pessimism
                                  9.75 ^ u_pc._182_/CLK (sky130_fd_sc_hd__dfrtp_2)
                          0.19    9.94   library recovery time
                                  9.94   data required time
-----------------------------------------------------------------------------
                                  9.94   data required time
                                 -2.19   data arrival time
-----------------------------------------------------------------------------
                                  7.74   slack (MET)


Startpoint: rst_n (input port clocked by clk)
Endpoint: u_pc._183_ (recovery check against rising-edge clock clk)
Path Group: asynchronous
Path Type: max

Fanout     Cap    Slew   Delay    Time   Description
-----------------------------------------------------------------------------
                  0.15    0.00    0.00   clock clk (rise edge)
                          0.00    0.00   clock network delay (ideal)
                          2.00    2.00 ^ input external delay
                  0.27    0.19    2.19 ^ rst_n (in)
    16    0.06                           rst_n (net)
                  0.27    0.00    2.19 ^ u_pc._183_/RESET_B (sky130_fd_sc_hd__dfrtp_2)
                                  2.19   data arrival time

                  0.15   10.00   10.00   clock clk (rise edge)
                          0.00   10.00   clock network delay (ideal)
                         -0.25    9.75   clock uncertainty
                          0.00    9.75   clock reconvergence pessimism
                                  9.75 ^ u_pc._183_/CLK (sky130_fd_sc_hd__dfrtp_2)
                          0.19    9.94   library recovery time
                                  9.94   data required time
-----------------------------------------------------------------------------
                                  9.94   data required time
                                 -2.19   data arrival time
-----------------------------------------------------------------------------
                                  7.74   slack (MET)



