OpenROAD 41a51eaf4ca2171c92ff38afb91eb37bbd3f36da 
This program is licensed under the BSD-3 license. See the LICENSE file for details.
Components of this program may be licensed under more restrictive licenses which must be honored.
[INFO]: Reading ODB at '/home/sandeep/low_power_iot/runs/RUN_2026.03.24_04.16.56/tmp/routing/19-global.odb'…
define_corners Typical
read_liberty -corner Typical /home/sandeep/.ciel/sky130A/libs.ref/sky130_fd_sc_hd/lib/sky130_fd_sc_hd__tt_025C_1v80.lib
Using 1e-12 for capacitance...
Using 1e+03 for resistance...
Using 1e-09 for time...
Using 1e+00 for voltage...
Using 1e-03 for current...
Using 1e-09 for power...
Using 1e-06 for distance...
Reading design constraints file at '/home/sandeep/low_power_iot/runs/RUN_2026.03.24_04.16.56/tmp/17-iot_core_top.sdc'…
[INFO DPL-0001] Placed 6737 filler instances.
Setting global connections for newly added cells…
Writing OpenROAD database to '/home/sandeep/low_power_iot/runs/RUN_2026.03.24_04.16.56/tmp/routing/22-fill.odb'…
Writing netlist to '/home/sandeep/low_power_iot/runs/RUN_2026.03.24_04.16.56/tmp/routing/22-fill.nl.v'…
Writing powered netlist to '/home/sandeep/low_power_iot/runs/RUN_2026.03.24_04.16.56/tmp/routing/22-fill.pnl.v'…
Writing layout to '/home/sandeep/low_power_iot/runs/RUN_2026.03.24_04.16.56/tmp/routing/22-fill.def'…
