OpenROAD 41a51eaf4ca2171c92ff38afb91eb37bbd3f36da 
This program is licensed under the BSD-3 license. See the LICENSE file for details.
Components of this program may be licensed under more restrictive licenses which must be honored.
[INFO]: Reading ODB at '/home/sandeep/low_power_iot/runs/RUN_2026.03.23_04.21.14/results/cts/iot_core_top.odb'…
define_corners Slowest Typical Fastest
read_liberty -corner Slowest /home/sandeep/.ciel/sky130A/libs.ref/sky130_fd_sc_hd/lib/sky130_fd_sc_hd__ss_100C_1v60.lib
read_liberty -corner Typical /home/sandeep/.ciel/sky130A/libs.ref/sky130_fd_sc_hd/lib/sky130_fd_sc_hd__tt_025C_1v80.lib
read_liberty -corner Fastest /home/sandeep/.ciel/sky130A/libs.ref/sky130_fd_sc_hd/lib/sky130_fd_sc_hd__ff_n40C_1v95.lib
Using 1e-12 for capacitance...
Using 1e+03 for resistance...
Using 1e-09 for time...
Using 1e+00 for voltage...
Using 1e-03 for current...
Using 1e-09 for power...
Using 1e-06 for distance...
Reading design constraints file at '/home/sandeep/low_power_iot/runs/RUN_2026.03.23_04.21.14/results/cts/iot_core_top.sdc'…
[INFO]: Setting RC values...
[INFO RSZ-0046] Found 8 endpoints with hold violations.
[INFO RSZ-0032] Inserted 9 hold buffers.
Placement Analysis
---------------------------------
total displacement         30.7 u
average displacement        0.0 u
max displacement            3.9 u
original HPWL            5986.3 u
legalized HPWL           6114.3 u
delta HPWL                    2 %

[INFO DPL-0020] Mirrored 84 instances
[INFO DPL-0021] HPWL before            6114.3 u
[INFO DPL-0022] HPWL after             5969.4 u
[INFO DPL-0023] HPWL delta               -2.4 %
Setting global connections for newly added cells…
Writing OpenROAD database to '/home/sandeep/low_power_iot/runs/RUN_2026.03.23_04.21.14/tmp/cts/14-iot_core_top.resized.odb'…
Writing netlist to '/home/sandeep/low_power_iot/runs/RUN_2026.03.23_04.21.14/tmp/cts/14-iot_core_top.resized.nl.v'…
Writing powered netlist to '/home/sandeep/low_power_iot/runs/RUN_2026.03.23_04.21.14/tmp/cts/14-iot_core_top.resized.pnl.v'…
Writing layout to '/home/sandeep/low_power_iot/runs/RUN_2026.03.23_04.21.14/tmp/cts/14-iot_core_top.resized.def'…
Writing timing constraints to '/home/sandeep/low_power_iot/runs/RUN_2026.03.23_04.21.14/tmp/cts/14-iot_core_top.resized.sdc'…
area_report

===========================================================================
report_design_area
============================================================================
Design area 2947 u^2 4% utilization.
area_report_end
