Instance name,  X location,  Y location,  Voltage 
FILLER_0_100_357, 175.44, 285.6, 1.7997
FILLER_0_101_361, 175.44, 285.6, 1.7997
FILLER_0_98_357, 175.44, 280.16, 1.79971
FILLER_0_96_357, 175.44, 274.72, 1.79971
FILLER_0_94_357, 175.44, 269.28, 1.79971
FILLER_0_92_357, 175.44, 263.84, 1.79971
FILLER_0_90_357, 175.44, 258.4, 1.79971
FILLER_0_88_357, 175.44, 252.96, 1.79971
FILLER_0_86_357, 175.44, 247.52, 1.79971
FILLER_0_84_357, 175.44, 242.08, 1.7997
FILLER_0_82_357, 175.44, 236.64, 1.79971
FILLER_0_80_357, 175.44, 231.2, 1.79971
FILLER_0_78_357, 175.44, 225.76, 1.7997
FILLER_0_76_357, 175.44, 220.32, 1.7997
FILLER_0_74_357, 175.44, 214.88, 1.7997
FILLER_0_72_357, 175.44, 209.44, 1.7997
FILLER_0_70_357, 175.44, 204, 1.79969
FILLER_0_68_357, 175.44, 198.56, 1.79968
FILLER_0_66_356, 175.44, 193.12, 1.79965
FILLER_0_64_357, 175.44, 187.68, 1.79964
FILLER_0_62_357, 175.44, 182.24, 1.79965
FILLER_0_60_358, 175.44, 176.8, 1.79961
FILLER_0_56_357, 175.44, 165.92, 1.79952
FILLER_0_57_381, 175.44, 165.92, 1.79952
FILLER_0_54_357, 175.44, 160.48, 1.79962
FILLER_0_52_357, 175.44, 155.04, 1.79961
FILLER_0_50_357, 175.44, 149.6, 1.7996
FILLER_0_48_357, 175.44, 144.16, 1.79961
FILLER_0_46_357, 175.44, 138.72, 1.79964
FILLER_0_44_357, 175.44, 133.28, 1.79964
FILLER_0_42_357, 175.44, 127.84, 1.79964
FILLER_0_40_357, 175.44, 122.4, 1.79964
FILLER_0_38_357, 175.44, 116.96, 1.79964
FILLER_0_36_357, 175.44, 111.52, 1.79964
FILLER_0_34_357, 175.44, 106.08, 1.79964
FILLER_0_32_357, 175.44, 100.64, 1.79964
FILLER_0_30_357, 175.44, 95.2, 1.79964
FILLER_0_28_357, 175.44, 89.76, 1.79964
FILLER_0_26_357, 175.44, 84.32, 1.79964
FILLER_0_24_357, 175.44, 78.88, 1.79964
FILLER_0_22_357, 175.44, 73.44, 1.79964
FILLER_0_20_357, 175.44, 68, 1.79964
FILLER_0_18_357, 175.44, 62.56, 1.79964
FILLER_0_16_357, 175.44, 57.12, 1.79964
FILLER_0_14_357, 175.44, 51.68, 1.79964
FILLER_0_12_357, 175.44, 46.24, 1.79964
FILLER_0_10_357, 175.44, 40.8, 1.79963
FILLER_0_8_357, 175.44, 35.36, 1.79963
FILLER_0_6_357, 175.44, 29.92, 1.79963
FILLER_0_4_357, 175.44, 24.48, 1.79963
FILLER_0_2_357, 175.44, 19.04, 1.79963
output18, 175.44, 13.6, 1.79958
FILLER_0_0_361, 175.44, 13.6, 1.79958
FILLER_0_87_45, 21.84, 247.52, 1.79978
FILLER_0_41_45, 21.84, 122.4, 1.79972
FILLER_0_19_45, 21.84, 62.56, 1.79965
PHY_200, 5.52, 285.6, 1.79976
PHY_202, 5.52, 285.6, 1.79976
input1, 5.52, 285.6, 1.79976
PHY_201, 294.4, 285.6, 1.79968
PHY_203, 294.4, 285.6, 1.79968
output3, 294.4, 285.6, 1.79968
FILLER_0_101_19, 13.68, 285.6, 1.79976
FILLER_0_101_53, 34.64, 285.6, 1.79973
FILLER_0_101_81, 47.44, 285.6, 1.79971
output11, 60.24, 285.6, 1.79968
FILLER_0_101_109, 60.24, 285.6, 1.79968
FILLER_0_101_125, 60.24, 285.6, 1.79968
FILLER_0_100_133, 73.04, 285.6, 1.79968
FILLER_0_101_135, 73.04, 285.6, 1.79968
FILLER_0_101_165, 85.84, 285.6, 1.79967
FILLER_0_100_189, 98.64, 285.6, 1.79967
FILLER_0_101_193, 98.64, 285.6, 1.79967
FILLER_0_101_221, 111.44, 285.6, 1.79967
output9, 124.24, 285.6, 1.79967
FILLER_0_100_245, 124.24, 285.6, 1.79967
FILLER_0_101_249, 124.24, 285.6, 1.79967
FILLER_0_101_253, 124.24, 285.6, 1.79967
FILLER_0_100_301, 149.84, 285.6, 1.79968
FILLER_0_101_305, 149.84, 285.6, 1.79968
FILLER_0_101_333, 162.64, 285.6, 1.79969
output4, 188.657, 285.6, 1.79969
FILLER_0_101_389, 188.657, 285.6, 1.79969
FILLER_0_101_411, 188.657, 285.6, 1.79969
FILLER_0_100_413, 201.875, 285.6, 1.79969
FILLER_0_101_445, 215.093, 285.6, 1.79969
FILLER_0_101_473, 228.311, 285.6, 1.79969
output17, 241.528, 285.6, 1.79968
FILLER_0_101_501, 241.528, 285.6, 1.79968
FILLER_0_101_505, 241.528, 285.6, 1.79968
FILLER_0_101_557, 267.964, 285.6, 1.79968
FILLER_0_101_585, 281.182, 285.6, 1.79968
FILLER_0_101_613, 281.182, 285.6, 1.79968
PHY_196, 5.52, 280.16, 1.79978
PHY_198, 5.52, 280.16, 1.79978
PHY_197, 294.4, 280.16, 1.79971
PHY_199, 294.4, 280.16, 1.79971
FILLER_0_99_617, 294.4, 280.16, 1.79971
FILLER_0_99_51, 34.64, 280.16, 1.79977
FILLER_0_100_77, 34.64, 280.16, 1.79977
FILLER_0_99_105, 47.44, 280.16, 1.79977
FILLER_0_98_133, 73.04, 280.16, 1.79976
FILLER_0_99_161, 85.84, 280.16, 1.79975
FILLER_0_98_189, 98.64, 280.16, 1.79975
FILLER_0_99_217, 111.44, 280.16, 1.79974
FILLER_0_98_245, 124.24, 280.16, 1.79973
FILLER_0_99_273, 137.04, 280.16, 1.79973
FILLER_0_98_301, 149.84, 280.16, 1.79972
FILLER_0_99_329, 162.64, 280.16, 1.79972
FILLER_0_99_385, 188.657, 280.16, 1.79971
FILLER_0_98_413, 201.875, 280.16, 1.79971
FILLER_0_99_441, 201.875, 280.16, 1.79971
FILLER_0_100_469, 215.093, 280.16, 1.79971
FILLER_0_99_497, 228.311, 280.16, 1.79971
FILLER_0_100_525, 241.528, 280.16, 1.79971
FILLER_0_99_553, 254.746, 280.16, 1.79971
FILLER_0_100_581, 267.964, 280.16, 1.79971
FILLER_0_99_609, 281.182, 280.16, 1.79971
PHY_192, 5.52, 274.72, 1.79978
PHY_194, 5.52, 274.72, 1.79978
PHY_193, 294.4, 274.72, 1.79971
PHY_195, 294.4, 274.72, 1.79971
FILLER_0_97_617, 294.4, 274.72, 1.79971
FILLER_0_97_51, 34.64, 274.72, 1.79978
FILLER_0_98_77, 34.64, 274.72, 1.79978
FILLER_0_97_105, 47.44, 274.72, 1.79977
FILLER_0_96_133, 73.04, 274.72, 1.79976
FILLER_0_97_161, 85.84, 274.72, 1.79975
FILLER_0_96_189, 98.64, 274.72, 1.79975
FILLER_0_97_217, 111.44, 274.72, 1.79974
FILLER_0_96_245, 124.24, 274.72, 1.79974
FILLER_0_97_273, 137.04, 274.72, 1.79973
FILLER_0_96_301, 149.84, 274.72, 1.79972
FILLER_0_97_329, 162.64, 274.72, 1.79972
FILLER_0_97_385, 188.657, 274.72, 1.79971
FILLER_0_96_413, 201.875, 274.72, 1.79971
FILLER_0_97_441, 201.875, 274.72, 1.79971
FILLER_0_98_469, 215.093, 274.72, 1.79971
FILLER_0_97_497, 228.311, 274.72, 1.79971
FILLER_0_98_525, 241.528, 274.72, 1.79971
FILLER_0_97_553, 254.746, 274.72, 1.79971
FILLER_0_98_581, 267.964, 274.72, 1.79971
FILLER_0_97_609, 281.182, 274.72, 1.79971
PHY_188, 5.52, 269.28, 1.79978
PHY_190, 5.52, 269.28, 1.79978
PHY_189, 294.4, 269.28, 1.79971
PHY_191, 294.4, 269.28, 1.79971
FILLER_0_95_617, 294.4, 269.28, 1.79971
FILLER_0_95_51, 34.64, 269.28, 1.79978
FILLER_0_96_77, 34.64, 269.28, 1.79978
FILLER_0_95_105, 47.44, 269.28, 1.79977
FILLER_0_94_133, 73.04, 269.28, 1.79976
FILLER_0_95_161, 85.84, 269.28, 1.79975
FILLER_0_94_189, 98.64, 269.28, 1.79975
FILLER_0_95_217, 111.44, 269.28, 1.79974
FILLER_0_94_245, 124.24, 269.28, 1.79974
FILLER_0_95_273, 137.04, 269.28, 1.79973
FILLER_0_94_301, 149.84, 269.28, 1.79972
FILLER_0_95_329, 162.64, 269.28, 1.79972
FILLER_0_95_385, 188.657, 269.28, 1.79971
FILLER_0_94_413, 201.875, 269.28, 1.79971
FILLER_0_95_441, 201.875, 269.28, 1.79971
FILLER_0_96_469, 215.093, 269.28, 1.79971
FILLER_0_95_497, 228.311, 269.28, 1.79971
FILLER_0_96_525, 241.528, 269.28, 1.79971
FILLER_0_95_553, 254.746, 269.28, 1.79971
FILLER_0_96_581, 267.964, 269.28, 1.79971
FILLER_0_95_609, 281.182, 269.28, 1.79971
PHY_184, 5.52, 263.84, 1.79979
PHY_186, 5.52, 263.84, 1.79979
PHY_185, 294.4, 263.84, 1.79971
PHY_187, 294.4, 263.84, 1.79971
FILLER_0_93_617, 294.4, 263.84, 1.79971
FILLER_0_93_51, 34.64, 263.84, 1.79978
FILLER_0_94_77, 34.64, 263.84, 1.79978
FILLER_0_93_105, 47.44, 263.84, 1.79977
FILLER_0_92_133, 73.04, 263.84, 1.79976
FILLER_0_93_161, 85.84, 263.84, 1.79976
FILLER_0_92_189, 98.64, 263.84, 1.79975
FILLER_0_93_217, 111.44, 263.84, 1.79974
FILLER_0_92_245, 124.24, 263.84, 1.79974
FILLER_0_93_273, 137.04, 263.84, 1.79973
FILLER_0_92_301, 149.84, 263.84, 1.79972
FILLER_0_93_329, 162.64, 263.84, 1.79972
FILLER_0_93_385, 188.657, 263.84, 1.79971
FILLER_0_92_413, 201.875, 263.84, 1.79971
FILLER_0_93_441, 201.875, 263.84, 1.79971
FILLER_0_94_469, 215.093, 263.84, 1.79971
FILLER_0_93_497, 228.311, 263.84, 1.79971
FILLER_0_94_525, 241.528, 263.84, 1.79971
FILLER_0_93_553, 254.746, 263.84, 1.79971
FILLER_0_94_581, 267.964, 263.84, 1.79971
FILLER_0_93_609, 281.182, 263.84, 1.79971
PHY_180, 5.52, 258.4, 1.79979
PHY_182, 5.52, 258.4, 1.79979
PHY_181, 294.4, 258.4, 1.79971
PHY_183, 294.4, 258.4, 1.79971
FILLER_0_91_617, 294.4, 258.4, 1.79971
FILLER_0_91_51, 34.64, 258.4, 1.79978
FILLER_0_92_77, 34.64, 258.4, 1.79978
FILLER_0_91_105, 47.44, 258.4, 1.79978
FILLER_0_90_133, 73.04, 258.4, 1.79976
FILLER_0_91_161, 85.84, 258.4, 1.79976
FILLER_0_90_189, 98.64, 258.4, 1.79975
FILLER_0_91_217, 111.44, 258.4, 1.79974
FILLER_0_90_245, 124.24, 258.4, 1.79974
FILLER_0_91_273, 137.04, 258.4, 1.79973
FILLER_0_90_301, 149.84, 258.4, 1.79972
FILLER_0_91_329, 162.64, 258.4, 1.79972
FILLER_0_91_385, 188.657, 258.4, 1.79971
FILLER_0_90_413, 201.875, 258.4, 1.79971
FILLER_0_91_441, 201.875, 258.4, 1.79971
FILLER_0_92_469, 215.093, 258.4, 1.79971
FILLER_0_91_497, 228.311, 258.4, 1.79971
FILLER_0_92_525, 241.528, 258.4, 1.79971
FILLER_0_91_553, 254.746, 258.4, 1.79971
FILLER_0_92_581, 267.964, 258.4, 1.79971
FILLER_0_91_609, 281.182, 258.4, 1.79971
PHY_176, 5.52, 252.96, 1.79979
PHY_178, 5.52, 252.96, 1.79979
PHY_177, 294.4, 252.96, 1.79971
PHY_179, 294.4, 252.96, 1.79971
FILLER_0_89_617, 294.4, 252.96, 1.79971
FILLER_0_89_51, 34.64, 252.96, 1.79978
FILLER_0_90_77, 34.64, 252.96, 1.79978
FILLER_0_89_105, 47.44, 252.96, 1.79978
FILLER_0_88_133, 73.04, 252.96, 1.79976
FILLER_0_89_161, 85.84, 252.96, 1.79976
FILLER_0_88_189, 98.64, 252.96, 1.79975
FILLER_0_89_217, 111.44, 252.96, 1.79974
FILLER_0_88_245, 124.24, 252.96, 1.79974
FILLER_0_89_273, 137.04, 252.96, 1.79973
FILLER_0_88_301, 149.84, 252.96, 1.79972
FILLER_0_89_329, 162.64, 252.96, 1.79972
FILLER_0_89_385, 188.657, 252.96, 1.79971
FILLER_0_88_413, 201.875, 252.96, 1.79971
FILLER_0_89_441, 201.875, 252.96, 1.79971
FILLER_0_90_469, 215.093, 252.96, 1.79971
FILLER_0_89_497, 228.311, 252.96, 1.79971
FILLER_0_90_525, 241.528, 252.96, 1.79971
FILLER_0_89_553, 254.746, 252.96, 1.79971
FILLER_0_90_581, 267.964, 252.96, 1.79971
FILLER_0_89_609, 281.182, 252.96, 1.79971
PHY_172, 5.52, 247.52, 1.79975
PHY_174, 5.52, 247.52, 1.79975
output8, 5.52, 247.52, 1.79975
PHY_173, 294.4, 247.52, 1.79971
PHY_175, 294.4, 247.52, 1.79971
FILLER_0_87_617, 294.4, 247.52, 1.79971
FILLER_0_87_53, 34.64, 247.52, 1.79977
FILLER_0_88_77, 34.64, 247.52, 1.79977
FILLER_0_87_105, 47.44, 247.52, 1.79977
FILLER_0_86_133, 73.04, 247.52, 1.79975
FILLER_0_87_161, 85.84, 247.52, 1.79975
FILLER_0_86_189, 98.64, 247.52, 1.79974
FILLER_0_87_217, 111.44, 247.52, 1.79974
FILLER_0_86_245, 124.24, 247.52, 1.79973
FILLER_0_87_273, 137.04, 247.52, 1.79973
FILLER_0_86_301, 149.84, 247.52, 1.79972
FILLER_0_87_329, 162.64, 247.52, 1.79971
FILLER_0_87_385, 188.657, 247.52, 1.79971
FILLER_0_86_413, 201.875, 247.52, 1.79971
FILLER_0_87_441, 201.875, 247.52, 1.79971
FILLER_0_88_469, 215.093, 247.52, 1.79971
FILLER_0_87_497, 228.311, 247.52, 1.79971
FILLER_0_88_525, 241.528, 247.52, 1.79971
FILLER_0_87_553, 254.746, 247.52, 1.79971
FILLER_0_88_581, 267.964, 247.52, 1.79971
FILLER_0_87_609, 281.182, 247.52, 1.79971
PHY_168, 5.52, 242.08, 1.7998
PHY_170, 5.52, 242.08, 1.7998
PHY_169, 294.4, 242.08, 1.79964
PHY_171, 294.4, 242.08, 1.79964
output6, 294.4, 242.08, 1.79964
FILLER_0_85_617, 294.4, 242.08, 1.79964
FILLER_0_85_51, 34.64, 242.08, 1.79979
FILLER_0_86_77, 34.64, 242.08, 1.79979
FILLER_0_85_105, 47.44, 242.08, 1.79978
FILLER_0_84_133, 73.04, 242.08, 1.79977
FILLER_0_85_161, 85.84, 242.08, 1.79976
FILLER_0_84_189, 98.64, 242.08, 1.79975
FILLER_0_85_217, 111.44, 242.08, 1.79974
FILLER_0_84_245, 124.24, 242.08, 1.79973
FILLER_0_85_273, 137.04, 242.08, 1.79973
FILLER_0_84_301, 149.84, 242.08, 1.79972
FILLER_0_85_329, 162.64, 242.08, 1.79971
FILLER_0_85_385, 188.657, 242.08, 1.7997
FILLER_0_84_413, 201.875, 242.08, 1.79969
FILLER_0_85_441, 201.875, 242.08, 1.79969
FILLER_0_86_469, 215.093, 242.08, 1.79968
FILLER_0_85_497, 228.311, 242.08, 1.79967
FILLER_0_86_525, 241.528, 242.08, 1.79967
FILLER_0_85_553, 254.746, 242.08, 1.79966
FILLER_0_86_581, 267.964, 242.08, 1.79965
FILLER_0_85_609, 281.182, 242.08, 1.79964
PHY_164, 5.52, 236.64, 1.7998
PHY_166, 5.52, 236.64, 1.7998
PHY_165, 294.4, 236.64, 1.79971
PHY_167, 294.4, 236.64, 1.79971
FILLER_0_83_617, 294.4, 236.64, 1.79971
FILLER_0_83_51, 34.64, 236.64, 1.79979
FILLER_0_84_77, 34.64, 236.64, 1.79979
FILLER_0_83_105, 47.44, 236.64, 1.79979
FILLER_0_82_133, 73.04, 236.64, 1.79977
FILLER_0_83_161, 85.84, 236.64, 1.79976
FILLER_0_82_189, 98.64, 236.64, 1.79975
FILLER_0_83_217, 111.44, 236.64, 1.79975
FILLER_0_82_245, 124.24, 236.64, 1.79974
FILLER_0_83_273, 137.04, 236.64, 1.79973
FILLER_0_82_301, 149.84, 236.64, 1.79972
FILLER_0_83_329, 162.64, 236.64, 1.79972
FILLER_0_83_385, 188.657, 236.64, 1.79971
FILLER_0_82_413, 201.875, 236.64, 1.79971
FILLER_0_83_441, 201.875, 236.64, 1.79971
FILLER_0_84_469, 215.093, 236.64, 1.79971
FILLER_0_83_497, 228.311, 236.64, 1.79971
FILLER_0_84_525, 241.528, 236.64, 1.79971
FILLER_0_83_553, 254.746, 236.64, 1.79971
FILLER_0_84_581, 267.964, 236.64, 1.79971
FILLER_0_83_609, 281.182, 236.64, 1.79971
FILLER_0_84_613, 281.182, 236.64, 1.79971
PHY_160, 5.52, 231.2, 1.79981
PHY_162, 5.52, 231.2, 1.79981
PHY_161, 294.4, 231.2, 1.79971
PHY_163, 294.4, 231.2, 1.79971
FILLER_0_81_617, 294.4, 231.2, 1.79971
FILLER_0_81_51, 34.64, 231.2, 1.7998
FILLER_0_82_77, 34.64, 231.2, 1.7998
FILLER_0_81_105, 47.44, 231.2, 1.79979
FILLER_0_80_133, 73.04, 231.2, 1.79977
FILLER_0_81_161, 85.84, 231.2, 1.79977
FILLER_0_80_189, 98.64, 231.2, 1.79976
FILLER_0_81_217, 111.44, 231.2, 1.79975
FILLER_0_80_245, 124.24, 231.2, 1.79974
FILLER_0_81_273, 137.04, 231.2, 1.79973
FILLER_0_80_301, 149.84, 231.2, 1.79972
FILLER_0_81_329, 162.64, 231.2, 1.79971
FILLER_0_81_385, 188.657, 231.2, 1.79971
FILLER_0_80_413, 201.875, 231.2, 1.79971
FILLER_0_81_441, 201.875, 231.2, 1.79971
FILLER_0_82_469, 215.093, 231.2, 1.79971
FILLER_0_81_497, 228.311, 231.2, 1.79971
FILLER_0_82_525, 241.528, 231.2, 1.79971
FILLER_0_81_553, 254.746, 231.2, 1.79971
FILLER_0_82_581, 267.964, 231.2, 1.79971
FILLER_0_81_609, 281.182, 231.2, 1.79971
PHY_156, 5.52, 225.76, 1.79981
PHY_158, 5.52, 225.76, 1.79981
PHY_157, 294.4, 225.76, 1.7997
PHY_159, 294.4, 225.76, 1.7997
FILLER_0_79_617, 294.4, 225.76, 1.7997
FILLER_0_79_51, 34.64, 225.76, 1.7998
FILLER_0_80_77, 34.64, 225.76, 1.7998
FILLER_0_79_105, 47.44, 225.76, 1.79979
FILLER_0_78_133, 73.04, 225.76, 1.79978
FILLER_0_79_161, 85.84, 225.76, 1.79977
FILLER_0_78_189, 98.64, 225.76, 1.79976
FILLER_0_79_217, 111.44, 225.76, 1.79975
FILLER_0_78_245, 124.24, 225.76, 1.79974
FILLER_0_79_273, 137.04, 225.76, 1.79973
FILLER_0_78_301, 149.84, 225.76, 1.79972
FILLER_0_79_329, 162.64, 225.76, 1.79971
FILLER_0_79_385, 188.657, 225.76, 1.7997
FILLER_0_78_413, 201.875, 225.76, 1.7997
FILLER_0_79_441, 201.875, 225.76, 1.7997
FILLER_0_80_469, 215.093, 225.76, 1.7997
FILLER_0_79_497, 228.311, 225.76, 1.7997
FILLER_0_80_525, 241.528, 225.76, 1.7997
FILLER_0_79_553, 254.746, 225.76, 1.7997
FILLER_0_80_581, 267.964, 225.76, 1.7997
FILLER_0_79_609, 281.182, 225.76, 1.7997
PHY_152, 5.52, 220.32, 1.79982
PHY_154, 5.52, 220.32, 1.79982
PHY_153, 294.4, 220.32, 1.7997
PHY_155, 294.4, 220.32, 1.7997
FILLER_0_77_617, 294.4, 220.32, 1.7997
FILLER_0_77_51, 34.64, 220.32, 1.79981
FILLER_0_78_77, 34.64, 220.32, 1.79981
FILLER_0_77_105, 47.44, 220.32, 1.7998
FILLER_0_76_133, 73.04, 220.32, 1.79978
FILLER_0_77_161, 85.84, 220.32, 1.79977
FILLER_0_76_189, 98.64, 220.32, 1.79976
FILLER_0_77_217, 111.44, 220.32, 1.79975
FILLER_0_76_245, 124.24, 220.32, 1.79974
FILLER_0_77_273, 137.04, 220.32, 1.79973
FILLER_0_76_301, 149.84, 220.32, 1.79972
FILLER_0_77_329, 162.64, 220.32, 1.79971
FILLER_0_77_385, 188.657, 220.32, 1.7997
FILLER_0_76_413, 201.875, 220.32, 1.7997
FILLER_0_77_441, 201.875, 220.32, 1.7997
FILLER_0_78_469, 215.093, 220.32, 1.7997
FILLER_0_77_497, 228.311, 220.32, 1.7997
FILLER_0_78_525, 241.528, 220.32, 1.7997
FILLER_0_77_553, 254.746, 220.32, 1.7997
FILLER_0_78_581, 267.964, 220.32, 1.7997
FILLER_0_77_609, 281.182, 220.32, 1.7997
PHY_148, 5.52, 214.88, 1.79982
PHY_150, 5.52, 214.88, 1.79982
PHY_149, 294.4, 214.88, 1.7997
PHY_151, 294.4, 214.88, 1.7997
FILLER_0_75_617, 294.4, 214.88, 1.7997
FILLER_0_75_51, 34.64, 214.88, 1.79981
FILLER_0_76_77, 34.64, 214.88, 1.79981
FILLER_0_75_105, 47.44, 214.88, 1.7998
FILLER_0_74_133, 73.04, 214.88, 1.79978
FILLER_0_75_161, 85.84, 214.88, 1.79977
FILLER_0_74_189, 98.64, 214.88, 1.79976
FILLER_0_75_217, 111.44, 214.88, 1.79975
FILLER_0_74_245, 124.24, 214.88, 1.79974
FILLER_0_75_273, 137.04, 214.88, 1.79973
FILLER_0_74_301, 149.84, 214.88, 1.79972
FILLER_0_75_329, 162.64, 214.88, 1.79971
FILLER_0_75_385, 188.657, 214.88, 1.7997
FILLER_0_74_413, 201.875, 214.88, 1.7997
FILLER_0_75_441, 201.875, 214.88, 1.7997
FILLER_0_76_469, 215.093, 214.88, 1.7997
FILLER_0_75_497, 228.311, 214.88, 1.7997
FILLER_0_76_525, 241.528, 214.88, 1.7997
FILLER_0_75_553, 254.746, 214.88, 1.7997
FILLER_0_76_581, 267.964, 214.88, 1.7997
FILLER_0_75_609, 281.182, 214.88, 1.7997
PHY_144, 5.52, 209.44, 1.79983
PHY_146, 5.52, 209.44, 1.79983
PHY_145, 294.4, 209.44, 1.7997
PHY_147, 294.4, 209.44, 1.7997
FILLER_0_73_617, 294.4, 209.44, 1.7997
FILLER_0_73_51, 34.64, 209.44, 1.79982
FILLER_0_74_77, 34.64, 209.44, 1.79982
FILLER_0_73_105, 47.44, 209.44, 1.79981
FILLER_0_72_133, 73.04, 209.44, 1.79979
FILLER_0_73_161, 85.84, 209.44, 1.79977
FILLER_0_72_189, 98.64, 209.44, 1.79976
FILLER_0_73_217, 111.44, 209.44, 1.79975
FILLER_0_72_245, 124.24, 209.44, 1.79974
FILLER_0_73_273, 137.04, 209.44, 1.79973
FILLER_0_72_301, 149.84, 209.44, 1.79972
FILLER_0_73_329, 162.64, 209.44, 1.79971
FILLER_0_73_385, 188.657, 209.44, 1.7997
FILLER_0_72_413, 201.875, 209.44, 1.7997
FILLER_0_73_441, 201.875, 209.44, 1.7997
FILLER_0_74_469, 215.093, 209.44, 1.7997
FILLER_0_73_497, 228.311, 209.44, 1.7997
FILLER_0_74_525, 241.528, 209.44, 1.7997
FILLER_0_73_553, 254.746, 209.44, 1.7997
FILLER_0_74_581, 267.964, 209.44, 1.7997
FILLER_0_73_609, 281.182, 209.44, 1.7997
PHY_140, 5.52, 204, 1.79984
PHY_142, 5.52, 204, 1.79984
PHY_141, 294.4, 204, 1.79969
PHY_143, 294.4, 204, 1.79969
FILLER_0_71_617, 294.4, 204, 1.79969
FILLER_0_71_51, 34.64, 204, 1.79983
FILLER_0_72_77, 34.64, 204, 1.79983
FILLER_0_71_105, 47.44, 204, 1.79981
FILLER_0_70_133, 73.04, 204, 1.79979
FILLER_0_71_161, 85.84, 204, 1.79978
FILLER_0_70_189, 98.64, 204, 1.79976
FILLER_0_71_217, 111.44, 204, 1.79975
FILLER_0_70_245, 124.24, 204, 1.79974
FILLER_0_71_273, 137.04, 204, 1.79973
FILLER_0_70_301, 149.84, 204, 1.79972
FILLER_0_71_329, 162.64, 204, 1.7997
FILLER_0_71_385, 188.657, 204, 1.79969
FILLER_0_70_413, 201.875, 204, 1.79969
FILLER_0_71_441, 201.875, 204, 1.79969
FILLER_0_72_469, 215.093, 204, 1.79969
FILLER_0_71_497, 228.311, 204, 1.79969
FILLER_0_72_525, 241.528, 204, 1.79969
FILLER_0_71_553, 254.746, 204, 1.79969
FILLER_0_72_581, 267.964, 204, 1.79969
FILLER_0_71_609, 281.182, 204, 1.79969
PHY_136, 5.52, 198.56, 1.79984
PHY_138, 5.52, 198.56, 1.79984
PHY_137, 294.4, 198.56, 1.79968
PHY_139, 294.4, 198.56, 1.79968
FILLER_0_69_617, 294.4, 198.56, 1.79968
FILLER_0_69_51, 34.64, 198.56, 1.79982
FILLER_0_70_77, 34.64, 198.56, 1.79982
FILLER_0_69_105, 47.44, 198.56, 1.7998
FILLER_0_68_133, 73.04, 198.56, 1.79976
FILLER_0_69_161, 85.84, 198.56, 1.79974
FILLER_0_68_189, 98.64, 198.56, 1.79972
FILLER_0_69_217, 111.44, 198.56, 1.7997
_51_, 124.24, 198.56, 1.79969
_52_, 124.24, 198.56, 1.79969
FILLER_0_68_245, 124.24, 198.56, 1.79969
FILLER_0_69_249, 124.24, 198.56, 1.79969
fanout22, 137.04, 198.56, 1.79968
FILLER_0_68_302, 149.84, 198.56, 1.79968
FILLER_0_69_329, 162.64, 198.56, 1.79968
FILLER_0_69_385, 188.657, 198.56, 1.79968
FILLER_0_68_413, 201.875, 198.56, 1.79968
FILLER_0_69_441, 201.875, 198.56, 1.79968
FILLER_0_70_469, 215.093, 198.56, 1.79968
FILLER_0_69_497, 228.311, 198.56, 1.79968
FILLER_0_70_525, 241.528, 198.56, 1.79968
FILLER_0_69_553, 254.746, 198.56, 1.79968
FILLER_0_70_581, 267.964, 198.56, 1.79968
FILLER_0_69_609, 281.182, 198.56, 1.79968
PHY_132, 5.52, 193.12, 1.79983
PHY_134, 5.52, 193.12, 1.79983
PHY_133, 294.4, 193.12, 1.79965
PHY_135, 294.4, 193.12, 1.79965
FILLER_0_67_617, 294.4, 193.12, 1.79965
FILLER_0_67_51, 34.64, 193.12, 1.79979
FILLER_0_68_77, 34.64, 193.12, 1.79979
FILLER_0_67_105, 47.44, 193.12, 1.79975
FILLER_0_66_133, 73.04, 193.12, 1.79967
_39_, 85.84, 193.12, 1.79963
FILLER_0_67_161, 85.84, 193.12, 1.79963
FILLER_0_67_169, 85.84, 193.12, 1.79963
FILLER_0_67_177, 85.84, 193.12, 1.79963
FILLER_0_66_189, 98.64, 193.12, 1.7996
u_pc._183_, 111.44, 193.12, 1.79957
fanout21, 111.44, 193.12, 1.79957
FILLER_0_67_219, 111.44, 193.12, 1.79957
FILLER_0_67_231, 111.44, 193.12, 1.79957
u_pc._166_, 124.24, 193.12, 1.79957
u_pc._182_, 124.24, 193.12, 1.79957
hold1, 124.24, 193.12, 1.79957
FILLER_0_68_265, 124.24, 193.12, 1.79957
FILLER_0_66_305, 149.84, 193.12, 1.79961
_49_, 162.64, 193.12, 1.79963
FILLER_0_67_329, 162.64, 193.12, 1.79963
FILLER_0_67_385, 188.657, 193.12, 1.79965
FILLER_0_66_413, 201.875, 193.12, 1.79965
FILLER_0_67_441, 201.875, 193.12, 1.79965
FILLER_0_68_469, 215.093, 193.12, 1.79965
FILLER_0_67_497, 228.311, 193.12, 1.79965
FILLER_0_68_525, 241.528, 193.12, 1.79965
FILLER_0_67_553, 254.746, 193.12, 1.79965
FILLER_0_68_581, 267.964, 193.12, 1.79965
FILLER_0_67_609, 281.182, 193.12, 1.79965
PHY_128, 5.52, 187.68, 1.79983
PHY_130, 5.52, 187.68, 1.79983
PHY_129, 294.4, 187.68, 1.79964
PHY_131, 294.4, 187.68, 1.79964
FILLER_0_65_617, 294.4, 187.68, 1.79964
FILLER_0_65_51, 34.64, 187.68, 1.79978
FILLER_0_66_77, 34.64, 187.68, 1.79978
FILLER_0_65_105, 47.44, 187.68, 1.79972
FILLER_0_64_133, 73.04, 187.68, 1.79962
u_decoder._03_, 85.84, 187.68, 1.79956
FILLER_0_65_161, 85.84, 187.68, 1.79956
FILLER_0_65_181, 85.84, 187.68, 1.79956
u_imem._07_, 98.64, 187.68, 1.79951
u_imem._08_, 98.64, 187.68, 1.79951
u_imem._12_, 98.64, 187.68, 1.79951
u_imem._15_, 98.64, 187.68, 1.79951
u_pc._100_, 98.64, 187.68, 1.79951
u_pc._170_, 98.64, 187.68, 1.79951
FILLER_0_65_213, 98.64, 187.68, 1.79951
FILLER_0_66_209, 98.64, 187.68, 1.79951
u_pc._098__25, 111.44, 187.68, 1.79951
_37_, 111.44, 187.68, 1.79951
u_pc._099_, 111.44, 187.68, 1.79951
hold2, 111.44, 187.68, 1.79951
FILLER_0_64_224, 111.44, 187.68, 1.79951
FILLER_0_65_219, 111.44, 187.68, 1.79951
FILLER_0_65_238, 111.44, 187.68, 1.79951
FILLER_0_66_235, 111.44, 187.68, 1.79951
u_pc._164__38, 124.24, 187.68, 1.79952
u_pc._161_, 124.24, 187.68, 1.79952
u_pc._162_, 124.24, 187.68, 1.79952
u_pc._164_, 124.24, 187.68, 1.79952
u_pc._165_, 124.24, 187.68, 1.79952
u_pc._167_, 124.24, 187.68, 1.79952
FILLER_0_64_258, 124.24, 187.68, 1.79952
u_pc._160__37, 137.04, 187.68, 1.79954
u_pc._163_, 137.04, 187.68, 1.79954
FILLER_0_65_272, 137.04, 187.68, 1.79954
FILLER_0_65_293, 137.04, 187.68, 1.79954
u_pc._153_, 149.84, 187.68, 1.79956
u_pc._180_, 149.84, 187.68, 1.79956
FILLER_0_66_321, 149.84, 187.68, 1.79956
FILLER_0_65_385, 188.657, 187.68, 1.79964
FILLER_0_64_413, 201.875, 187.68, 1.79964
FILLER_0_65_441, 201.875, 187.68, 1.79964
FILLER_0_66_469, 215.093, 187.68, 1.79964
FILLER_0_65_497, 228.311, 187.68, 1.79964
FILLER_0_66_525, 241.528, 187.68, 1.79964
FILLER_0_65_553, 254.746, 187.68, 1.79964
FILLER_0_66_581, 267.964, 187.68, 1.79964
FILLER_0_65_609, 281.182, 187.68, 1.79964
PHY_124, 5.52, 182.24, 1.79985
PHY_126, 5.52, 182.24, 1.79985
output19, 5.52, 182.24, 1.79985
PHY_125, 294.4, 182.24, 1.79965
PHY_127, 294.4, 182.24, 1.79965
FILLER_0_63_617, 294.4, 182.24, 1.79965
FILLER_0_64_21, 13.68, 182.24, 1.79985
FILLER_0_63_51, 34.64, 182.24, 1.79981
FILLER_0_64_77, 34.64, 182.24, 1.79981
FILLER_0_63_105, 47.44, 182.24, 1.79977
FILLER_0_62_133, 73.04, 182.24, 1.79969
u_imem._05_, 85.84, 182.24, 1.79965
u_imem._14_, 85.84, 182.24, 1.79965
FILLER_0_63_161, 85.84, 182.24, 1.79965
FILLER_0_63_181, 85.84, 182.24, 1.79965
FILLER_0_64_177, 85.84, 182.24, 1.79965
u_decoder._04_, 98.64, 182.24, 1.79961
u_imem._10_, 98.64, 182.24, 1.79961
u_imem._13_, 98.64, 182.24, 1.79961
u_imem._16_, 98.64, 182.24, 1.79961
FILLER_0_62_189, 98.64, 182.24, 1.79961
FILLER_0_62_197, 98.64, 182.24, 1.79961
FILLER_0_64_216, 98.64, 182.24, 1.79961
u_pc._096_, 111.44, 182.24, 1.79959
u_pc._097_, 111.44, 182.24, 1.79959
u_pc._098_, 111.44, 182.24, 1.79959
FILLER_0_64_242, 111.44, 182.24, 1.79959
u_pc._087_, 124.24, 182.24, 1.79959
u_pc._105_, 124.24, 182.24, 1.79959
u_pc._158_, 124.24, 182.24, 1.79959
u_pc._159_, 124.24, 182.24, 1.79959
u_pc._160_, 124.24, 182.24, 1.79959
FILLER_0_62_247, 124.24, 182.24, 1.79959
FILLER_0_63_256, 124.24, 182.24, 1.79959
u_pc._151__35, 137.04, 182.24, 1.7996
u_pc._149_, 137.04, 182.24, 1.7996
u_pc._150_, 137.04, 182.24, 1.7996
u_pc._151_, 137.04, 182.24, 1.7996
u_pc._152_, 137.04, 182.24, 1.7996
u_pc._159__41, 137.04, 182.24, 1.7996
FILLER_0_62_272, 137.04, 182.24, 1.7996
FILLER_0_63_276, 137.04, 182.24, 1.7996
FILLER_0_64_286, 137.04, 182.24, 1.7996
FILLER_0_63_333, 162.64, 182.24, 1.79964
FILLER_0_63_385, 188.657, 182.24, 1.79965
FILLER_0_62_413, 201.875, 182.24, 1.79965
FILLER_0_63_441, 201.875, 182.24, 1.79965
FILLER_0_64_469, 215.093, 182.24, 1.79965
FILLER_0_63_497, 228.311, 182.24, 1.79965
FILLER_0_64_525, 241.528, 182.24, 1.79965
FILLER_0_63_553, 254.746, 182.24, 1.79965
FILLER_0_64_581, 267.964, 182.24, 1.79965
FILLER_0_63_609, 281.182, 182.24, 1.79965
PHY_120, 5.52, 176.8, 1.79984
PHY_122, 5.52, 176.8, 1.79984
PHY_121, 294.4, 176.8, 1.7994
PHY_123, 294.4, 176.8, 1.7994
output15, 294.4, 176.8, 1.7994
FILLER_0_61_617, 294.4, 176.8, 1.7994
FILLER_0_61_51, 34.64, 176.8, 1.7998
FILLER_0_62_77, 34.64, 176.8, 1.7998
FILLER_0_61_105, 47.44, 176.8, 1.79977
FILLER_0_60_133, 73.04, 176.8, 1.79969
FILLER_0_61_161, 85.84, 176.8, 1.79965
_18_, 98.64, 176.8, 1.79961
u_pc._090_, 98.64, 176.8, 1.79961
u_pc._090__23, 98.64, 176.8, 1.79961
FILLER_0_60_189, 98.64, 176.8, 1.79961
FILLER_0_62_205, 98.64, 176.8, 1.79961
_19_, 111.44, 176.8, 1.79957
u_pc._092_, 111.44, 176.8, 1.79957
u_pc._101_, 111.44, 176.8, 1.79957
u_pc._102_, 111.44, 176.8, 1.79957
FILLER_0_60_222, 111.44, 176.8, 1.79957
FILLER_0_61_217, 111.44, 176.8, 1.79957
FILLER_0_61_225, 111.44, 176.8, 1.79957
FILLER_0_61_233, 111.44, 176.8, 1.79957
u_pc._106__26, 124.24, 176.8, 1.79954
hold3, 124.24, 176.8, 1.79954
FILLER_0_60_249, 124.24, 176.8, 1.79954
FILLER_0_61_263, 124.24, 176.8, 1.79954
u_pc._155__36, 137.04, 176.8, 1.79953
u_pc._154_, 137.04, 176.8, 1.79953
u_pc._155_, 137.04, 176.8, 1.79953
u_pc._156_, 137.04, 176.8, 1.79953
u_pc._157_, 137.04, 176.8, 1.79953
u_pc._181_, 137.04, 176.8, 1.79953
hold5, 137.04, 176.8, 1.79953
FILLER_0_61_291, 137.04, 176.8, 1.79953
_43_, 162.64, 176.8, 1.79957
FILLER_0_61_328, 162.64, 176.8, 1.79957
FILLER_0_61_385, 188.657, 176.8, 1.79958
FILLER_0_60_413, 201.875, 176.8, 1.79956
FILLER_0_61_441, 201.875, 176.8, 1.79956
FILLER_0_62_469, 215.093, 176.8, 1.79954
FILLER_0_61_497, 228.311, 176.8, 1.79951
FILLER_0_62_525, 241.528, 176.8, 1.79949
FILLER_0_61_553, 254.746, 176.8, 1.79947
FILLER_0_62_581, 267.964, 176.8, 1.79944
FILLER_0_61_609, 281.182, 176.8, 1.79942
PHY_116, 5.52, 171.36, 1.79977
PHY_118, 5.52, 171.36, 1.79977
PHY_117, 294.4, 171.36, 1.79954
PHY_119, 294.4, 171.36, 1.79954
FILLER_0_59_617, 294.4, 171.36, 1.79954
FILLER_0_59_51, 34.64, 171.36, 1.79967
FILLER_0_60_77, 34.64, 171.36, 1.79967
FILLER_0_59_105, 47.44, 171.36, 1.79958
FILLER_0_58_133, 73.04, 171.36, 1.79939
u_pc._168_, 85.84, 171.36, 1.79929
FILLER_0_59_161, 85.84, 171.36, 1.79929
FILLER_0_59_181, 85.84, 171.36, 1.79929
u_pc._089_, 98.64, 171.36, 1.79921
u_pc._091_, 98.64, 171.36, 1.79921
u_pc._093_, 98.64, 171.36, 1.79921
u_pc._095_, 98.64, 171.36, 1.79921
fanout20, 98.64, 171.36, 1.79921
u_pc._094__24, 111.44, 171.36, 1.79914
u_pc._103_, 111.44, 171.36, 1.79914
u_pc._106_, 111.44, 171.36, 1.79914
u_pc._107_, 111.44, 171.36, 1.79914
u_pc._171_, 111.44, 171.36, 1.79914
u_pc._084__39, 124.24, 171.36, 1.79911
clkbuf_0_clk, 124.24, 171.36, 1.79911
_40_, 124.24, 171.36, 1.79911
u_pc._084_, 124.24, 171.36, 1.79911
u_pc._104_, 124.24, 171.36, 1.79911
FILLER_0_58_246, 124.24, 171.36, 1.79911
FILLER_0_60_266, 124.24, 171.36, 1.79911
u_pc._122_, 137.04, 171.36, 1.79919
FILLER_0_59_274, 137.04, 171.36, 1.79919
FILLER_0_59_281, 137.04, 171.36, 1.79919
FILLER_0_59_292, 137.04, 171.36, 1.79919
FILLER_0_60_298, 137.04, 171.36, 1.79919
_50_, 149.84, 171.36, 1.79928
u_pc._174_, 149.84, 171.36, 1.79928
FILLER_0_59_320, 149.84, 171.36, 1.79928
FILLER_0_59_327, 149.84, 171.36, 1.79928
FILLER_0_60_321, 149.84, 171.36, 1.79928
_45_, 162.64, 171.36, 1.79941
FILLER_0_58_333, 162.64, 171.36, 1.79941
FILLER_0_59_385, 188.657, 171.36, 1.79954
FILLER_0_58_413, 201.875, 171.36, 1.79954
FILLER_0_59_441, 201.875, 171.36, 1.79954
FILLER_0_60_469, 215.093, 171.36, 1.79954
FILLER_0_59_497, 228.311, 171.36, 1.79954
FILLER_0_60_525, 241.528, 171.36, 1.79954
FILLER_0_59_553, 254.746, 171.36, 1.79954
FILLER_0_60_581, 267.964, 171.36, 1.79954
FILLER_0_59_609, 281.182, 171.36, 1.79954
PHY_112, 5.52, 165.92, 1.79972
PHY_114, 5.52, 165.92, 1.79972
PHY_113, 294.4, 165.92, 1.79952
PHY_115, 294.4, 165.92, 1.79952
FILLER_0_57_617, 294.4, 165.92, 1.79952
FILLER_0_57_51, 34.64, 165.92, 1.7996
FILLER_0_58_77, 34.64, 165.92, 1.7996
FILLER_0_57_105, 47.44, 165.92, 1.79947
FILLER_0_56_133, 73.04, 165.92, 1.79922
FILLER_0_57_161, 85.84, 165.92, 1.7991
FILLER_0_57_181, 85.84, 165.92, 1.7991
u_pc._094_, 98.64, 165.92, 1.79897
u_pc._169_, 98.64, 165.92, 1.79897
clkbuf_1_0__f_clk, 98.64, 165.92, 1.79897
FILLER_0_56_193, 98.64, 165.92, 1.79897
FILLER_0_57_213, 98.64, 165.92, 1.79897
u_pc._086_, 111.44, 165.92, 1.79898
FILLER_0_57_221, 111.44, 165.92, 1.79898
FILLER_0_57_225, 111.44, 165.92, 1.79898
u_pc._088_, 124.24, 165.92, 1.79899
u_pc._117_, 124.24, 165.92, 1.79899
u_pc._119_, 124.24, 165.92, 1.79899
u_pc._120_, 124.24, 165.92, 1.79899
u_pc._119__40, 124.24, 165.92, 1.79899
clkbuf_1_1__f_clk, 124.24, 165.92, 1.79899
FILLER_0_57_249, 124.24, 165.92, 1.79899
FILLER_0_57_264, 124.24, 165.92, 1.79899
FILLER_0_58_260, 124.24, 165.92, 1.79899
u_pc._120__29, 137.04, 165.92, 1.79911
u_pc._121_, 137.04, 165.92, 1.79911
FILLER_0_57_273, 137.04, 165.92, 1.79911
u_pc._133_, 149.84, 165.92, 1.79923
u_pc._176_, 149.84, 165.92, 1.79923
FILLER_0_57_302, 149.84, 165.92, 1.79923
_47_, 162.64, 165.92, 1.79938
FILLER_0_57_337, 162.64, 165.92, 1.79938
FILLER_0_58_355, 162.64, 165.92, 1.79938
FILLER_0_57_389, 188.657, 165.92, 1.79952
FILLER_0_56_413, 201.875, 165.92, 1.79952
FILLER_0_57_441, 201.875, 165.92, 1.79952
FILLER_0_58_469, 215.093, 165.92, 1.79952
FILLER_0_57_497, 228.311, 165.92, 1.79952
FILLER_0_58_525, 241.528, 165.92, 1.79952
FILLER_0_57_553, 254.746, 165.92, 1.79952
FILLER_0_58_581, 267.964, 165.92, 1.79952
FILLER_0_57_609, 281.182, 165.92, 1.79952
PHY_108, 5.52, 160.48, 1.79978
PHY_110, 5.52, 160.48, 1.79978
PHY_109, 294.4, 160.48, 1.79962
PHY_111, 294.4, 160.48, 1.79962
FILLER_0_55_617, 294.4, 160.48, 1.79962
FILLER_0_55_51, 34.64, 160.48, 1.79975
FILLER_0_56_77, 34.64, 160.48, 1.79975
FILLER_0_55_105, 47.44, 160.48, 1.79972
FILLER_0_54_133, 73.04, 160.48, 1.79965
_38_, 85.84, 160.48, 1.79962
FILLER_0_55_161, 85.84, 160.48, 1.79962
FILLER_0_56_177, 85.84, 160.48, 1.79962
FILLER_0_56_185, 85.84, 160.48, 1.79962
u_pc._108_, 98.64, 160.48, 1.79961
FILLER_0_54_189, 98.64, 160.48, 1.79961
u_pc._115__28, 111.44, 160.48, 1.7996
u_pc._085_, 111.44, 160.48, 1.7996
u_pc._112_, 111.44, 160.48, 1.7996
u_pc._114_, 111.44, 160.48, 1.7996
u_pc._118_, 111.44, 160.48, 1.7996
FILLER_0_54_225, 111.44, 160.48, 1.7996
FILLER_0_55_217, 111.44, 160.48, 1.7996
FILLER_0_55_237, 111.44, 160.48, 1.7996
FILLER_0_56_233, 111.44, 160.48, 1.7996
FILLER_0_56_242, 111.44, 160.48, 1.7996
u_pc._123_, 124.24, 160.48, 1.79959
u_pc._125_, 124.24, 160.48, 1.79959
FILLER_0_54_258, 124.24, 160.48, 1.79959
u_pc._131__31, 137.04, 160.48, 1.79959
u_pc._129_, 137.04, 160.48, 1.79959
u_pc._130_, 137.04, 160.48, 1.79959
u_pc._131_, 137.04, 160.48, 1.79959
u_pc._132_, 137.04, 160.48, 1.79959
u_pc._144_, 137.04, 160.48, 1.79959
FILLER_0_54_279, 137.04, 160.48, 1.79959
FILLER_0_55_273, 137.04, 160.48, 1.79959
u_pc._140__33, 149.84, 160.48, 1.79959
u_pc._141_, 149.84, 160.48, 1.79959
u_pc._142_, 149.84, 160.48, 1.79959
u_pc._178_, 149.84, 160.48, 1.79959
FILLER_0_55_332, 162.64, 160.48, 1.7996
FILLER_0_55_385, 188.657, 160.48, 1.79962
FILLER_0_54_413, 201.875, 160.48, 1.79962
FILLER_0_55_441, 201.875, 160.48, 1.79962
FILLER_0_56_469, 215.093, 160.48, 1.79962
FILLER_0_55_497, 228.311, 160.48, 1.79962
FILLER_0_56_525, 241.528, 160.48, 1.79962
FILLER_0_55_553, 254.746, 160.48, 1.79962
FILLER_0_56_581, 267.964, 160.48, 1.79962
FILLER_0_55_609, 281.182, 160.48, 1.79962
PHY_104, 5.52, 155.04, 1.79976
PHY_106, 5.52, 155.04, 1.79976
PHY_105, 294.4, 155.04, 1.79961
PHY_107, 294.4, 155.04, 1.79961
FILLER_0_53_617, 294.4, 155.04, 1.79961
FILLER_0_53_51, 34.64, 155.04, 1.79971
FILLER_0_54_77, 34.64, 155.04, 1.79971
FILLER_0_53_105, 47.44, 155.04, 1.79967
FILLER_0_52_133, 73.04, 155.04, 1.79958
FILLER_0_53_161, 85.84, 155.04, 1.79954
FILLER_0_53_181, 85.84, 155.04, 1.79954
u_pc._108__27, 98.64, 155.04, 1.7995
u_pc._111_, 98.64, 155.04, 1.7995
u_pc._172_, 98.64, 155.04, 1.7995
hold8, 98.64, 155.04, 1.7995
FILLER_0_52_189, 98.64, 155.04, 1.7995
FILLER_0_52_197, 98.64, 155.04, 1.7995
FILLER_0_54_208, 98.64, 155.04, 1.7995
u_pc._109_, 111.44, 155.04, 1.79948
u_pc._113_, 111.44, 155.04, 1.79948
u_pc._115_, 111.44, 155.04, 1.79948
u_pc._124_, 111.44, 155.04, 1.79948
hold6, 111.44, 155.04, 1.79948
FILLER_0_53_232, 111.44, 155.04, 1.79948
FILLER_0_53_243, 111.44, 155.04, 1.79948
u_pc._127__30, 124.24, 155.04, 1.7995
u_pc._145__34, 124.24, 155.04, 1.7995
u_pc._126_, 124.24, 155.04, 1.7995
u_pc._127_, 124.24, 155.04, 1.7995
u_pc._145_, 124.24, 155.04, 1.7995
u_pc._146_, 124.24, 155.04, 1.7995
FILLER_0_53_253, 124.24, 155.04, 1.7995
FILLER_0_54_265, 124.24, 155.04, 1.7995
u_pc._134_, 137.04, 155.04, 1.79952
u_pc._135_, 137.04, 155.04, 1.79952
u_pc._136_, 137.04, 155.04, 1.79952
u_pc._137_, 137.04, 155.04, 1.79952
u_pc._138_, 137.04, 155.04, 1.79952
u_pc._139_, 137.04, 155.04, 1.79952
u_pc._140_, 137.04, 155.04, 1.79952
u_pc._143_, 137.04, 155.04, 1.79952
u_pc._147_, 137.04, 155.04, 1.79952
hold4, 137.04, 155.04, 1.79952
FILLER_0_52_300, 149.84, 155.04, 1.79955
FILLER_0_53_325, 149.84, 155.04, 1.79955
FILLER_0_53_333, 162.64, 155.04, 1.79958
FILLER_0_53_385, 188.657, 155.04, 1.79961
FILLER_0_52_413, 201.875, 155.04, 1.79961
FILLER_0_53_441, 201.875, 155.04, 1.79961
FILLER_0_54_469, 215.093, 155.04, 1.79961
FILLER_0_53_497, 228.311, 155.04, 1.79961
FILLER_0_54_525, 241.528, 155.04, 1.79961
FILLER_0_53_553, 254.746, 155.04, 1.79961
FILLER_0_54_581, 267.964, 155.04, 1.79961
FILLER_0_53_609, 281.182, 155.04, 1.79961
PHY_100, 5.52, 149.6, 1.79974
PHY_102, 5.52, 149.6, 1.79974
PHY_101, 294.4, 149.6, 1.7996
PHY_103, 294.4, 149.6, 1.7996
FILLER_0_51_617, 294.4, 149.6, 1.7996
FILLER_0_51_51, 34.64, 149.6, 1.7997
FILLER_0_52_77, 34.64, 149.6, 1.7997
FILLER_0_51_105, 47.44, 149.6, 1.79966
FILLER_0_50_133, 73.04, 149.6, 1.79957
FILLER_0_51_161, 85.84, 149.6, 1.79953
_41_, 98.64, 149.6, 1.79949
u_pc._110_, 98.64, 149.6, 1.79949
u_pc._116_, 98.64, 149.6, 1.79949
u_pc._173_, 98.64, 149.6, 1.79949
FILLER_0_50_189, 98.64, 149.6, 1.79949
FILLER_0_51_193, 98.64, 149.6, 1.79949
FILLER_0_51_200, 98.64, 149.6, 1.79949
u_pc._128_, 111.44, 149.6, 1.79949
FILLER_0_50_221, 111.44, 149.6, 1.79949
FILLER_0_51_237, 111.44, 149.6, 1.79949
FILLER_0_52_235, 111.44, 149.6, 1.79949
u_pc._148_, 124.24, 149.6, 1.7995
hold9, 124.24, 149.6, 1.7995
FILLER_0_51_245, 124.24, 149.6, 1.7995
FILLER_0_52_265, 124.24, 149.6, 1.7995
u_pc._135__32, 137.04, 149.6, 1.79951
u_pc._177_, 137.04, 149.6, 1.79951
hold7, 137.04, 149.6, 1.79951
FILLER_0_50_277, 137.04, 149.6, 1.79951
FILLER_0_51_329, 162.64, 149.6, 1.79957
FILLER_0_51_385, 188.657, 149.6, 1.7996
FILLER_0_50_413, 201.875, 149.6, 1.7996
FILLER_0_51_441, 201.875, 149.6, 1.7996
FILLER_0_52_469, 215.093, 149.6, 1.7996
FILLER_0_51_497, 228.311, 149.6, 1.7996
FILLER_0_52_525, 241.528, 149.6, 1.7996
FILLER_0_51_553, 254.746, 149.6, 1.7996
FILLER_0_52_581, 267.964, 149.6, 1.7996
FILLER_0_51_609, 281.182, 149.6, 1.7996
PHY_96, 5.52, 144.16, 1.79974
PHY_98, 5.52, 144.16, 1.79974
FILLER_0_49_3, 5.52, 144.16, 1.79974
PHY_97, 294.4, 144.16, 1.79961
PHY_99, 294.4, 144.16, 1.79961
FILLER_0_49_617, 294.4, 144.16, 1.79961
_44_, 13.68, 144.16, 1.79974
FILLER_0_49_51, 34.64, 144.16, 1.7997
FILLER_0_50_77, 34.64, 144.16, 1.7997
FILLER_0_49_105, 47.44, 144.16, 1.79967
FILLER_0_48_133, 73.04, 144.16, 1.7996
FILLER_0_49_161, 85.84, 144.16, 1.79957
_42_, 98.64, 144.16, 1.79953
FILLER_0_48_189, 98.64, 144.16, 1.79953
FILLER_0_49_205, 98.64, 144.16, 1.79953
FILLER_0_49_216, 98.64, 144.16, 1.79953
u_pc._175_, 111.44, 144.16, 1.79951
u_pc._179_, 124.24, 144.16, 1.79952
FILLER_0_48_245, 124.24, 144.16, 1.79952
FILLER_0_48_253, 124.24, 144.16, 1.79952
FILLER_0_49_249, 124.24, 144.16, 1.79952
FILLER_0_49_257, 124.24, 144.16, 1.79952
_46_, 149.84, 144.16, 1.79956
FILLER_0_48_302, 149.84, 144.16, 1.79956
FILLER_0_49_305, 149.84, 144.16, 1.79956
FILLER_0_49_328, 162.64, 144.16, 1.79959
FILLER_0_49_385, 188.657, 144.16, 1.79961
FILLER_0_48_413, 201.875, 144.16, 1.79961
FILLER_0_49_441, 201.875, 144.16, 1.79961
FILLER_0_50_469, 215.093, 144.16, 1.79961
FILLER_0_49_497, 228.311, 144.16, 1.79961
FILLER_0_50_525, 241.528, 144.16, 1.79961
FILLER_0_49_553, 254.746, 144.16, 1.79961
FILLER_0_50_581, 267.964, 144.16, 1.79961
FILLER_0_49_609, 281.182, 144.16, 1.79961
PHY_92, 5.52, 138.72, 1.79975
PHY_94, 5.52, 138.72, 1.79975
PHY_93, 294.4, 138.72, 1.79964
PHY_95, 294.4, 138.72, 1.79964
FILLER_0_47_617, 294.4, 138.72, 1.79964
FILLER_0_47_51, 34.64, 138.72, 1.79974
FILLER_0_48_77, 34.64, 138.72, 1.79974
FILLER_0_47_105, 47.44, 138.72, 1.79973
FILLER_0_46_133, 73.04, 138.72, 1.79971
FILLER_0_47_161, 85.84, 138.72, 1.7997
FILLER_0_46_189, 98.64, 138.72, 1.79969
FILLER_0_47_217, 111.44, 138.72, 1.79968
_48_, 124.24, 138.72, 1.79967
FILLER_0_46_245, 124.24, 138.72, 1.79967
FILLER_0_47_273, 137.04, 138.72, 1.79966
FILLER_0_46_301, 149.84, 138.72, 1.79965
FILLER_0_47_329, 162.64, 138.72, 1.79965
FILLER_0_47_385, 188.657, 138.72, 1.79964
FILLER_0_46_413, 201.875, 138.72, 1.79964
FILLER_0_47_441, 201.875, 138.72, 1.79964
FILLER_0_48_469, 215.093, 138.72, 1.79964
FILLER_0_47_497, 228.311, 138.72, 1.79964
FILLER_0_48_525, 241.528, 138.72, 1.79964
FILLER_0_47_553, 254.746, 138.72, 1.79964
FILLER_0_48_581, 267.964, 138.72, 1.79964
FILLER_0_47_609, 281.182, 138.72, 1.79964
PHY_88, 5.52, 133.28, 1.79974
PHY_90, 5.52, 133.28, 1.79974
PHY_89, 294.4, 133.28, 1.79964
PHY_91, 294.4, 133.28, 1.79964
FILLER_0_45_617, 294.4, 133.28, 1.79964
FILLER_0_45_51, 34.64, 133.28, 1.79973
FILLER_0_46_77, 34.64, 133.28, 1.79973
FILLER_0_45_105, 47.44, 133.28, 1.79973
FILLER_0_44_133, 73.04, 133.28, 1.79971
FILLER_0_45_161, 85.84, 133.28, 1.7997
FILLER_0_44_189, 98.64, 133.28, 1.79969
FILLER_0_45_217, 111.44, 133.28, 1.79968
FILLER_0_44_245, 124.24, 133.28, 1.79967
FILLER_0_45_273, 137.04, 133.28, 1.79967
FILLER_0_44_301, 149.84, 133.28, 1.79966
FILLER_0_45_329, 162.64, 133.28, 1.79965
FILLER_0_45_385, 188.657, 133.28, 1.79964
FILLER_0_44_413, 201.875, 133.28, 1.79964
FILLER_0_45_441, 201.875, 133.28, 1.79964
FILLER_0_46_469, 215.093, 133.28, 1.79964
FILLER_0_45_497, 228.311, 133.28, 1.79964
FILLER_0_46_525, 241.528, 133.28, 1.79964
FILLER_0_45_553, 254.746, 133.28, 1.79964
FILLER_0_46_581, 267.964, 133.28, 1.79964
FILLER_0_45_609, 281.182, 133.28, 1.79964
PHY_84, 5.52, 127.84, 1.79974
PHY_86, 5.52, 127.84, 1.79974
PHY_85, 294.4, 127.84, 1.79964
PHY_87, 294.4, 127.84, 1.79964
FILLER_0_43_617, 294.4, 127.84, 1.79964
FILLER_0_43_51, 34.64, 127.84, 1.79973
FILLER_0_44_77, 34.64, 127.84, 1.79973
FILLER_0_43_105, 47.44, 127.84, 1.79972
FILLER_0_42_133, 73.04, 127.84, 1.7997
FILLER_0_43_161, 85.84, 127.84, 1.7997
FILLER_0_42_189, 98.64, 127.84, 1.79969
FILLER_0_43_217, 111.44, 127.84, 1.79968
FILLER_0_42_245, 124.24, 127.84, 1.79967
FILLER_0_43_273, 137.04, 127.84, 1.79967
FILLER_0_42_301, 149.84, 127.84, 1.79966
FILLER_0_43_329, 162.64, 127.84, 1.79965
FILLER_0_43_385, 188.657, 127.84, 1.79964
FILLER_0_42_413, 201.875, 127.84, 1.79964
FILLER_0_43_441, 201.875, 127.84, 1.79964
FILLER_0_44_469, 215.093, 127.84, 1.79964
FILLER_0_43_497, 228.311, 127.84, 1.79964
FILLER_0_44_525, 241.528, 127.84, 1.79964
FILLER_0_43_553, 254.746, 127.84, 1.79964
FILLER_0_44_581, 267.964, 127.84, 1.79964
FILLER_0_43_609, 281.182, 127.84, 1.79964
PHY_80, 5.52, 122.4, 1.7997
PHY_82, 5.52, 122.4, 1.7997
output16, 5.52, 122.4, 1.7997
PHY_81, 294.4, 122.4, 1.79964
PHY_83, 294.4, 122.4, 1.79964
FILLER_0_41_617, 294.4, 122.4, 1.79964
FILLER_0_41_53, 34.64, 122.4, 1.79971
FILLER_0_42_77, 34.64, 122.4, 1.79971
FILLER_0_41_105, 47.44, 122.4, 1.79971
FILLER_0_40_133, 73.04, 122.4, 1.79969
FILLER_0_41_161, 85.84, 122.4, 1.79969
FILLER_0_40_189, 98.64, 122.4, 1.79968
FILLER_0_41_217, 111.44, 122.4, 1.79967
FILLER_0_40_245, 124.24, 122.4, 1.79967
FILLER_0_41_273, 137.04, 122.4, 1.79966
FILLER_0_40_301, 149.84, 122.4, 1.79965
FILLER_0_41_329, 162.64, 122.4, 1.79965
FILLER_0_41_385, 188.657, 122.4, 1.79964
FILLER_0_40_413, 201.875, 122.4, 1.79964
FILLER_0_41_441, 201.875, 122.4, 1.79964
FILLER_0_42_469, 215.093, 122.4, 1.79964
FILLER_0_41_497, 228.311, 122.4, 1.79964
FILLER_0_42_525, 241.528, 122.4, 1.79964
FILLER_0_41_553, 254.746, 122.4, 1.79964
FILLER_0_42_581, 267.964, 122.4, 1.79964
FILLER_0_41_609, 281.182, 122.4, 1.79964
PHY_76, 5.52, 116.96, 1.79972
PHY_78, 5.52, 116.96, 1.79972
PHY_77, 294.4, 116.96, 1.79962
PHY_79, 294.4, 116.96, 1.79962
input2, 294.4, 116.96, 1.79962
FILLER_0_39_617, 294.4, 116.96, 1.79962
FILLER_0_39_51, 34.64, 116.96, 1.79971
FILLER_0_40_77, 34.64, 116.96, 1.79971
FILLER_0_39_105, 47.44, 116.96, 1.79971
FILLER_0_38_133, 73.04, 116.96, 1.79969
FILLER_0_39_161, 85.84, 116.96, 1.79969
FILLER_0_38_189, 98.64, 116.96, 1.79968
FILLER_0_39_217, 111.44, 116.96, 1.79967
FILLER_0_38_245, 124.24, 116.96, 1.79967
FILLER_0_39_273, 137.04, 116.96, 1.79966
FILLER_0_38_301, 149.84, 116.96, 1.79965
FILLER_0_39_329, 162.64, 116.96, 1.79965
FILLER_0_39_385, 188.657, 116.96, 1.79964
FILLER_0_38_413, 201.875, 116.96, 1.79964
FILLER_0_39_441, 201.875, 116.96, 1.79964
FILLER_0_40_469, 215.093, 116.96, 1.79963
FILLER_0_39_497, 228.311, 116.96, 1.79963
FILLER_0_40_525, 241.528, 116.96, 1.79963
FILLER_0_39_553, 254.746, 116.96, 1.79963
FILLER_0_40_581, 267.964, 116.96, 1.79962
FILLER_0_39_609, 281.182, 116.96, 1.79962
PHY_72, 5.52, 111.52, 1.79972
PHY_74, 5.52, 111.52, 1.79972
PHY_73, 294.4, 111.52, 1.79964
PHY_75, 294.4, 111.52, 1.79964
FILLER_0_37_617, 294.4, 111.52, 1.79964
FILLER_0_37_51, 34.64, 111.52, 1.79971
FILLER_0_38_77, 34.64, 111.52, 1.79971
FILLER_0_37_105, 47.44, 111.52, 1.7997
FILLER_0_36_133, 73.04, 111.52, 1.79969
FILLER_0_37_161, 85.84, 111.52, 1.79969
FILLER_0_36_189, 98.64, 111.52, 1.79968
FILLER_0_37_217, 111.44, 111.52, 1.79967
FILLER_0_36_245, 124.24, 111.52, 1.79967
FILLER_0_37_273, 137.04, 111.52, 1.79966
FILLER_0_36_301, 149.84, 111.52, 1.79966
FILLER_0_37_329, 162.64, 111.52, 1.79965
FILLER_0_37_385, 188.657, 111.52, 1.79964
FILLER_0_36_413, 201.875, 111.52, 1.79964
FILLER_0_37_441, 201.875, 111.52, 1.79964
FILLER_0_38_469, 215.093, 111.52, 1.79964
FILLER_0_37_497, 228.311, 111.52, 1.79964
FILLER_0_38_525, 241.528, 111.52, 1.79964
FILLER_0_37_553, 254.746, 111.52, 1.79964
FILLER_0_38_581, 267.964, 111.52, 1.79964
FILLER_0_37_609, 281.182, 111.52, 1.79964
PHY_68, 5.52, 106.08, 1.79971
PHY_70, 5.52, 106.08, 1.79971
PHY_69, 294.4, 106.08, 1.79964
PHY_71, 294.4, 106.08, 1.79964
FILLER_0_35_617, 294.4, 106.08, 1.79964
FILLER_0_35_51, 34.64, 106.08, 1.7997
FILLER_0_36_77, 34.64, 106.08, 1.7997
FILLER_0_35_105, 47.44, 106.08, 1.7997
FILLER_0_34_133, 73.04, 106.08, 1.79969
FILLER_0_35_161, 85.84, 106.08, 1.79968
FILLER_0_34_189, 98.64, 106.08, 1.79968
FILLER_0_35_217, 111.44, 106.08, 1.79967
FILLER_0_34_245, 124.24, 106.08, 1.79967
FILLER_0_35_273, 137.04, 106.08, 1.79966
FILLER_0_34_301, 149.84, 106.08, 1.79965
FILLER_0_35_329, 162.64, 106.08, 1.79965
FILLER_0_35_385, 188.657, 106.08, 1.79964
FILLER_0_34_413, 201.875, 106.08, 1.79964
FILLER_0_35_441, 201.875, 106.08, 1.79964
FILLER_0_36_469, 215.093, 106.08, 1.79964
FILLER_0_35_497, 228.311, 106.08, 1.79964
FILLER_0_36_525, 241.528, 106.08, 1.79964
FILLER_0_35_553, 254.746, 106.08, 1.79964
FILLER_0_36_581, 267.964, 106.08, 1.79964
FILLER_0_35_609, 281.182, 106.08, 1.79964
PHY_64, 5.52, 100.64, 1.7997
PHY_66, 5.52, 100.64, 1.7997
PHY_65, 294.4, 100.64, 1.79964
PHY_67, 294.4, 100.64, 1.79964
FILLER_0_33_617, 294.4, 100.64, 1.79964
FILLER_0_33_51, 34.64, 100.64, 1.7997
FILLER_0_34_77, 34.64, 100.64, 1.7997
FILLER_0_33_105, 47.44, 100.64, 1.79969
FILLER_0_32_133, 73.04, 100.64, 1.79968
FILLER_0_33_161, 85.84, 100.64, 1.79968
FILLER_0_32_189, 98.64, 100.64, 1.79967
FILLER_0_33_217, 111.44, 100.64, 1.79967
FILLER_0_32_245, 124.24, 100.64, 1.79966
FILLER_0_33_273, 137.04, 100.64, 1.79966
FILLER_0_32_301, 149.84, 100.64, 1.79965
FILLER_0_33_329, 162.64, 100.64, 1.79965
FILLER_0_33_385, 188.657, 100.64, 1.79964
FILLER_0_32_413, 201.875, 100.64, 1.79964
FILLER_0_33_441, 201.875, 100.64, 1.79964
FILLER_0_34_469, 215.093, 100.64, 1.79964
FILLER_0_33_497, 228.311, 100.64, 1.79964
FILLER_0_34_525, 241.528, 100.64, 1.79964
FILLER_0_33_553, 254.746, 100.64, 1.79964
FILLER_0_34_581, 267.964, 100.64, 1.79964
FILLER_0_33_609, 281.182, 100.64, 1.79964
PHY_60, 5.52, 95.2, 1.7997
PHY_62, 5.52, 95.2, 1.7997
PHY_61, 294.4, 95.2, 1.79964
PHY_63, 294.4, 95.2, 1.79964
FILLER_0_31_617, 294.4, 95.2, 1.79964
FILLER_0_31_51, 34.64, 95.2, 1.79969
FILLER_0_32_77, 34.64, 95.2, 1.79969
FILLER_0_31_105, 47.44, 95.2, 1.79969
FILLER_0_30_133, 73.04, 95.2, 1.79968
FILLER_0_31_161, 85.84, 95.2, 1.79968
FILLER_0_30_189, 98.64, 95.2, 1.79967
FILLER_0_31_217, 111.44, 95.2, 1.79967
FILLER_0_30_245, 124.24, 95.2, 1.79966
FILLER_0_31_273, 137.04, 95.2, 1.79966
FILLER_0_30_301, 149.84, 95.2, 1.79965
FILLER_0_31_329, 162.64, 95.2, 1.79965
FILLER_0_31_385, 188.657, 95.2, 1.79964
FILLER_0_30_413, 201.875, 95.2, 1.79964
FILLER_0_31_441, 201.875, 95.2, 1.79964
FILLER_0_32_469, 215.093, 95.2, 1.79964
FILLER_0_31_497, 228.311, 95.2, 1.79964
FILLER_0_32_525, 241.528, 95.2, 1.79964
FILLER_0_31_553, 254.746, 95.2, 1.79964
FILLER_0_32_581, 267.964, 95.2, 1.79964
FILLER_0_31_609, 281.182, 95.2, 1.79964
PHY_56, 5.52, 89.76, 1.79969
PHY_58, 5.52, 89.76, 1.79969
PHY_57, 294.4, 89.76, 1.79964
PHY_59, 294.4, 89.76, 1.79964
FILLER_0_29_617, 294.4, 89.76, 1.79964
FILLER_0_29_51, 34.64, 89.76, 1.79969
FILLER_0_30_77, 34.64, 89.76, 1.79969
FILLER_0_29_105, 47.44, 89.76, 1.79968
FILLER_0_28_133, 73.04, 89.76, 1.79968
FILLER_0_29_161, 85.84, 89.76, 1.79967
FILLER_0_28_189, 98.64, 89.76, 1.79967
FILLER_0_29_217, 111.44, 89.76, 1.79966
FILLER_0_28_245, 124.24, 89.76, 1.79966
FILLER_0_29_273, 137.04, 89.76, 1.79966
FILLER_0_28_301, 149.84, 89.76, 1.79965
FILLER_0_29_329, 162.64, 89.76, 1.79965
FILLER_0_29_385, 188.657, 89.76, 1.79964
FILLER_0_28_413, 201.875, 89.76, 1.79964
FILLER_0_29_441, 201.875, 89.76, 1.79964
FILLER_0_30_469, 215.093, 89.76, 1.79964
FILLER_0_29_497, 228.311, 89.76, 1.79964
FILLER_0_30_525, 241.528, 89.76, 1.79964
FILLER_0_29_553, 254.746, 89.76, 1.79964
FILLER_0_30_581, 267.964, 89.76, 1.79964
FILLER_0_29_609, 281.182, 89.76, 1.79964
PHY_52, 5.52, 84.32, 1.79969
PHY_54, 5.52, 84.32, 1.79969
PHY_53, 294.4, 84.32, 1.79964
PHY_55, 294.4, 84.32, 1.79964
FILLER_0_27_617, 294.4, 84.32, 1.79964
FILLER_0_27_51, 34.64, 84.32, 1.79968
FILLER_0_28_77, 34.64, 84.32, 1.79968
FILLER_0_27_105, 47.44, 84.32, 1.79968
FILLER_0_26_133, 73.04, 84.32, 1.79967
FILLER_0_27_161, 85.84, 84.32, 1.79967
FILLER_0_26_189, 98.64, 84.32, 1.79967
FILLER_0_27_217, 111.44, 84.32, 1.79966
FILLER_0_26_245, 124.24, 84.32, 1.79966
FILLER_0_27_273, 137.04, 84.32, 1.79965
FILLER_0_26_301, 149.84, 84.32, 1.79965
FILLER_0_27_329, 162.64, 84.32, 1.79965
FILLER_0_27_385, 188.657, 84.32, 1.79964
FILLER_0_26_413, 201.875, 84.32, 1.79964
FILLER_0_27_441, 201.875, 84.32, 1.79964
FILLER_0_28_469, 215.093, 84.32, 1.79964
FILLER_0_27_497, 228.311, 84.32, 1.79964
FILLER_0_28_525, 241.528, 84.32, 1.79964
FILLER_0_27_553, 254.746, 84.32, 1.79964
FILLER_0_28_581, 267.964, 84.32, 1.79964
FILLER_0_27_609, 281.182, 84.32, 1.79964
PHY_48, 5.52, 78.88, 1.79968
PHY_50, 5.52, 78.88, 1.79968
PHY_49, 294.4, 78.88, 1.79964
PHY_51, 294.4, 78.88, 1.79964
FILLER_0_25_617, 294.4, 78.88, 1.79964
FILLER_0_25_51, 34.64, 78.88, 1.79968
FILLER_0_26_77, 34.64, 78.88, 1.79968
FILLER_0_25_105, 47.44, 78.88, 1.79968
FILLER_0_24_133, 73.04, 78.88, 1.79967
FILLER_0_25_161, 85.84, 78.88, 1.79967
FILLER_0_24_189, 98.64, 78.88, 1.79966
FILLER_0_25_217, 111.44, 78.88, 1.79966
FILLER_0_24_245, 124.24, 78.88, 1.79966
FILLER_0_25_273, 137.04, 78.88, 1.79965
FILLER_0_24_301, 149.84, 78.88, 1.79965
FILLER_0_25_329, 162.64, 78.88, 1.79965
FILLER_0_25_385, 188.657, 78.88, 1.79964
FILLER_0_24_413, 201.875, 78.88, 1.79964
FILLER_0_25_441, 201.875, 78.88, 1.79964
FILLER_0_26_469, 215.093, 78.88, 1.79964
FILLER_0_25_497, 228.311, 78.88, 1.79964
FILLER_0_26_525, 241.528, 78.88, 1.79964
FILLER_0_25_553, 254.746, 78.88, 1.79964
FILLER_0_26_581, 267.964, 78.88, 1.79964
FILLER_0_25_609, 281.182, 78.88, 1.79964
PHY_44, 5.52, 73.44, 1.79968
PHY_46, 5.52, 73.44, 1.79968
PHY_45, 294.4, 73.44, 1.79964
PHY_47, 294.4, 73.44, 1.79964
FILLER_0_23_617, 294.4, 73.44, 1.79964
FILLER_0_23_51, 34.64, 73.44, 1.79967
FILLER_0_24_77, 34.64, 73.44, 1.79967
FILLER_0_23_105, 47.44, 73.44, 1.79967
FILLER_0_22_133, 73.04, 73.44, 1.79967
FILLER_0_23_161, 85.84, 73.44, 1.79966
FILLER_0_22_189, 98.64, 73.44, 1.79966
FILLER_0_23_217, 111.44, 73.44, 1.79966
FILLER_0_22_245, 124.24, 73.44, 1.79965
FILLER_0_23_273, 137.04, 73.44, 1.79965
FILLER_0_22_301, 149.84, 73.44, 1.79965
FILLER_0_23_329, 162.64, 73.44, 1.79964
FILLER_0_23_385, 188.657, 73.44, 1.79964
FILLER_0_22_413, 201.875, 73.44, 1.79964
FILLER_0_23_441, 201.875, 73.44, 1.79964
FILLER_0_24_469, 215.093, 73.44, 1.79964
FILLER_0_23_497, 228.311, 73.44, 1.79964
FILLER_0_24_525, 241.528, 73.44, 1.79964
FILLER_0_23_553, 254.746, 73.44, 1.79964
FILLER_0_24_581, 267.964, 73.44, 1.79964
FILLER_0_23_609, 281.182, 73.44, 1.79964
PHY_40, 5.52, 68, 1.79967
PHY_42, 5.52, 68, 1.79967
PHY_41, 294.4, 68, 1.79964
PHY_43, 294.4, 68, 1.79964
FILLER_0_21_617, 294.4, 68, 1.79964
FILLER_0_21_51, 34.64, 68, 1.79967
FILLER_0_22_77, 34.64, 68, 1.79967
FILLER_0_21_105, 47.44, 68, 1.79967
FILLER_0_20_133, 73.04, 68, 1.79966
FILLER_0_21_161, 85.84, 68, 1.79966
FILLER_0_20_189, 98.64, 68, 1.79966
FILLER_0_21_217, 111.44, 68, 1.79965
FILLER_0_20_245, 124.24, 68, 1.79965
FILLER_0_21_273, 137.04, 68, 1.79965
FILLER_0_20_301, 149.84, 68, 1.79965
FILLER_0_21_329, 162.64, 68, 1.79964
FILLER_0_21_385, 188.657, 68, 1.79964
FILLER_0_20_413, 201.875, 68, 1.79964
FILLER_0_21_441, 201.875, 68, 1.79964
FILLER_0_22_469, 215.093, 68, 1.79964
FILLER_0_21_497, 228.311, 68, 1.79964
FILLER_0_22_525, 241.528, 68, 1.79964
FILLER_0_21_553, 254.746, 68, 1.79964
FILLER_0_22_581, 267.964, 68, 1.79964
FILLER_0_21_609, 281.182, 68, 1.79964
PHY_36, 5.52, 62.56, 1.79962
PHY_38, 5.52, 62.56, 1.79962
output14, 5.52, 62.56, 1.79962
PHY_37, 294.4, 62.56, 1.79964
PHY_39, 294.4, 62.56, 1.79964
FILLER_0_19_617, 294.4, 62.56, 1.79964
FILLER_0_19_53, 34.64, 62.56, 1.79965
FILLER_0_20_77, 34.64, 62.56, 1.79965
FILLER_0_19_105, 47.44, 62.56, 1.79965
FILLER_0_18_133, 73.04, 62.56, 1.79965
FILLER_0_19_161, 85.84, 62.56, 1.79964
FILLER_0_18_189, 98.64, 62.56, 1.79964
FILLER_0_19_217, 111.44, 62.56, 1.79964
FILLER_0_18_245, 124.24, 62.56, 1.79964
FILLER_0_19_273, 137.04, 62.56, 1.79964
FILLER_0_18_301, 149.84, 62.56, 1.79964
FILLER_0_19_329, 162.64, 62.56, 1.79964
FILLER_0_19_385, 188.657, 62.56, 1.79964
FILLER_0_18_413, 201.875, 62.56, 1.79964
FILLER_0_19_441, 201.875, 62.56, 1.79964
FILLER_0_20_469, 215.093, 62.56, 1.79964
FILLER_0_19_497, 228.311, 62.56, 1.79964
FILLER_0_20_525, 241.528, 62.56, 1.79964
FILLER_0_19_553, 254.746, 62.56, 1.79964
FILLER_0_20_581, 267.964, 62.56, 1.79964
FILLER_0_19_609, 281.182, 62.56, 1.79964
PHY_32, 5.52, 57.12, 1.79967
PHY_34, 5.52, 57.12, 1.79967
PHY_33, 294.4, 57.12, 1.79964
PHY_35, 294.4, 57.12, 1.79964
FILLER_0_17_617, 294.4, 57.12, 1.79964
FILLER_0_17_51, 34.64, 57.12, 1.79966
FILLER_0_18_77, 34.64, 57.12, 1.79966
FILLER_0_17_105, 47.44, 57.12, 1.79966
FILLER_0_16_133, 73.04, 57.12, 1.79966
FILLER_0_17_161, 85.84, 57.12, 1.79965
FILLER_0_16_189, 98.64, 57.12, 1.79965
FILLER_0_17_217, 111.44, 57.12, 1.79965
FILLER_0_16_245, 124.24, 57.12, 1.79965
FILLER_0_17_273, 137.04, 57.12, 1.79964
FILLER_0_16_301, 149.84, 57.12, 1.79964
FILLER_0_17_329, 162.64, 57.12, 1.79964
FILLER_0_17_385, 188.657, 57.12, 1.79964
FILLER_0_16_413, 201.875, 57.12, 1.79964
FILLER_0_17_441, 201.875, 57.12, 1.79964
FILLER_0_18_469, 215.093, 57.12, 1.79964
FILLER_0_17_497, 228.311, 57.12, 1.79964
FILLER_0_18_525, 241.528, 57.12, 1.79964
FILLER_0_17_553, 254.746, 57.12, 1.79964
FILLER_0_18_581, 267.964, 57.12, 1.79964
FILLER_0_17_609, 281.182, 57.12, 1.79964
PHY_28, 5.52, 51.68, 1.79966
PHY_30, 5.52, 51.68, 1.79966
PHY_29, 294.4, 51.68, 1.79964
PHY_31, 294.4, 51.68, 1.79964
FILLER_0_15_617, 294.4, 51.68, 1.79964
FILLER_0_15_51, 34.64, 51.68, 1.79966
FILLER_0_16_77, 34.64, 51.68, 1.79966
FILLER_0_15_105, 47.44, 51.68, 1.79966
FILLER_0_14_133, 73.04, 51.68, 1.79965
FILLER_0_15_161, 85.84, 51.68, 1.79965
FILLER_0_14_189, 98.64, 51.68, 1.79965
FILLER_0_15_217, 111.44, 51.68, 1.79965
FILLER_0_14_245, 124.24, 51.68, 1.79965
FILLER_0_15_273, 137.04, 51.68, 1.79964
FILLER_0_14_301, 149.84, 51.68, 1.79964
FILLER_0_15_329, 162.64, 51.68, 1.79964
FILLER_0_15_385, 188.657, 51.68, 1.79964
FILLER_0_14_413, 201.875, 51.68, 1.79964
FILLER_0_15_441, 201.875, 51.68, 1.79964
FILLER_0_16_469, 215.093, 51.68, 1.79964
FILLER_0_15_497, 228.311, 51.68, 1.79964
FILLER_0_16_525, 241.528, 51.68, 1.79964
FILLER_0_15_553, 254.746, 51.68, 1.79964
FILLER_0_16_581, 267.964, 51.68, 1.79964
FILLER_0_15_609, 281.182, 51.68, 1.79964
PHY_24, 5.52, 46.24, 1.79966
PHY_26, 5.52, 46.24, 1.79966
PHY_25, 294.4, 46.24, 1.79964
PHY_27, 294.4, 46.24, 1.79964
FILLER_0_13_617, 294.4, 46.24, 1.79964
FILLER_0_13_51, 34.64, 46.24, 1.79966
FILLER_0_14_77, 34.64, 46.24, 1.79966
FILLER_0_13_105, 47.44, 46.24, 1.79965
FILLER_0_12_133, 73.04, 46.24, 1.79965
FILLER_0_13_161, 85.84, 46.24, 1.79965
FILLER_0_12_189, 98.64, 46.24, 1.79965
FILLER_0_13_217, 111.44, 46.24, 1.79965
FILLER_0_12_245, 124.24, 46.24, 1.79964
FILLER_0_13_273, 137.04, 46.24, 1.79964
FILLER_0_12_301, 149.84, 46.24, 1.79964
FILLER_0_13_329, 162.64, 46.24, 1.79964
FILLER_0_13_385, 188.657, 46.24, 1.79964
FILLER_0_12_413, 201.875, 46.24, 1.79964
FILLER_0_13_441, 201.875, 46.24, 1.79964
FILLER_0_14_469, 215.093, 46.24, 1.79964
FILLER_0_13_497, 228.311, 46.24, 1.79964
FILLER_0_14_525, 241.528, 46.24, 1.79964
FILLER_0_13_553, 254.746, 46.24, 1.79964
FILLER_0_14_581, 267.964, 46.24, 1.79964
FILLER_0_13_609, 281.182, 46.24, 1.79964
PHY_20, 5.52, 40.8, 1.79966
PHY_22, 5.52, 40.8, 1.79966
PHY_21, 294.4, 40.8, 1.79963
PHY_23, 294.4, 40.8, 1.79963
FILLER_0_11_617, 294.4, 40.8, 1.79963
FILLER_0_11_51, 34.64, 40.8, 1.79965
FILLER_0_12_77, 34.64, 40.8, 1.79965
FILLER_0_11_105, 47.44, 40.8, 1.79965
FILLER_0_10_133, 73.04, 40.8, 1.79965
FILLER_0_11_161, 85.84, 40.8, 1.79965
FILLER_0_10_189, 98.64, 40.8, 1.79964
FILLER_0_11_217, 111.44, 40.8, 1.79964
FILLER_0_10_245, 124.24, 40.8, 1.79964
FILLER_0_11_273, 137.04, 40.8, 1.79964
FILLER_0_10_301, 149.84, 40.8, 1.79964
FILLER_0_11_329, 162.64, 40.8, 1.79964
FILLER_0_11_385, 188.657, 40.8, 1.79963
FILLER_0_10_413, 201.875, 40.8, 1.79963
FILLER_0_11_441, 201.875, 40.8, 1.79963
FILLER_0_12_469, 215.093, 40.8, 1.79963
FILLER_0_11_497, 228.311, 40.8, 1.79963
FILLER_0_12_525, 241.528, 40.8, 1.79963
FILLER_0_11_553, 254.746, 40.8, 1.79963
FILLER_0_12_581, 267.964, 40.8, 1.79963
FILLER_0_11_609, 281.182, 40.8, 1.79963
PHY_16, 5.52, 35.36, 1.79965
PHY_18, 5.52, 35.36, 1.79965
PHY_17, 294.4, 35.36, 1.79963
PHY_19, 294.4, 35.36, 1.79963
FILLER_0_9_617, 294.4, 35.36, 1.79963
FILLER_0_9_51, 34.64, 35.36, 1.79965
FILLER_0_10_77, 34.64, 35.36, 1.79965
FILLER_0_9_105, 47.44, 35.36, 1.79965
FILLER_0_8_133, 73.04, 35.36, 1.79965
FILLER_0_9_161, 85.84, 35.36, 1.79964
FILLER_0_8_189, 98.64, 35.36, 1.79964
FILLER_0_9_217, 111.44, 35.36, 1.79964
FILLER_0_8_245, 124.24, 35.36, 1.79964
FILLER_0_9_273, 137.04, 35.36, 1.79964
FILLER_0_8_301, 149.84, 35.36, 1.79964
FILLER_0_9_329, 162.64, 35.36, 1.79963
FILLER_0_9_385, 188.657, 35.36, 1.79963
FILLER_0_8_413, 201.875, 35.36, 1.79963
FILLER_0_9_441, 201.875, 35.36, 1.79963
FILLER_0_10_469, 215.093, 35.36, 1.79963
FILLER_0_9_497, 228.311, 35.36, 1.79963
FILLER_0_10_525, 241.528, 35.36, 1.79963
FILLER_0_9_553, 254.746, 35.36, 1.79963
FILLER_0_10_581, 267.964, 35.36, 1.79963
FILLER_0_9_609, 281.182, 35.36, 1.79963
PHY_12, 5.52, 29.92, 1.79965
PHY_14, 5.52, 29.92, 1.79965
PHY_13, 294.4, 29.92, 1.79963
PHY_15, 294.4, 29.92, 1.79963
FILLER_0_7_617, 294.4, 29.92, 1.79963
FILLER_0_7_51, 34.64, 29.92, 1.79965
FILLER_0_8_77, 34.64, 29.92, 1.79965
FILLER_0_7_105, 47.44, 29.92, 1.79965
FILLER_0_6_133, 73.04, 29.92, 1.79964
FILLER_0_7_161, 85.84, 29.92, 1.79964
FILLER_0_6_189, 98.64, 29.92, 1.79964
FILLER_0_7_217, 111.44, 29.92, 1.79964
FILLER_0_6_245, 124.24, 29.92, 1.79964
FILLER_0_7_273, 137.04, 29.92, 1.79964
FILLER_0_6_301, 149.84, 29.92, 1.79963
FILLER_0_7_329, 162.64, 29.92, 1.79963
FILLER_0_7_385, 188.657, 29.92, 1.79963
FILLER_0_6_413, 201.875, 29.92, 1.79963
FILLER_0_7_441, 201.875, 29.92, 1.79963
FILLER_0_8_469, 215.093, 29.92, 1.79963
FILLER_0_7_497, 228.311, 29.92, 1.79963
FILLER_0_8_525, 241.528, 29.92, 1.79963
FILLER_0_7_553, 254.746, 29.92, 1.79963
FILLER_0_8_581, 267.964, 29.92, 1.79963
FILLER_0_7_609, 281.182, 29.92, 1.79963
PHY_8, 5.52, 24.48, 1.79965
PHY_10, 5.52, 24.48, 1.79965
PHY_9, 294.4, 24.48, 1.79963
PHY_11, 294.4, 24.48, 1.79963
FILLER_0_5_617, 294.4, 24.48, 1.79963
FILLER_0_5_51, 34.64, 24.48, 1.79965
FILLER_0_6_77, 34.64, 24.48, 1.79965
FILLER_0_5_105, 47.44, 24.48, 1.79964
FILLER_0_4_133, 73.04, 24.48, 1.79964
FILLER_0_5_161, 85.84, 24.48, 1.79964
FILLER_0_4_189, 98.64, 24.48, 1.79964
FILLER_0_5_217, 111.44, 24.48, 1.79964
FILLER_0_4_245, 124.24, 24.48, 1.79964
FILLER_0_5_273, 137.04, 24.48, 1.79963
FILLER_0_4_301, 149.84, 24.48, 1.79963
FILLER_0_5_329, 162.64, 24.48, 1.79963
FILLER_0_5_385, 188.657, 24.48, 1.79963
FILLER_0_4_413, 201.875, 24.48, 1.79963
FILLER_0_5_441, 201.875, 24.48, 1.79963
FILLER_0_6_469, 215.093, 24.48, 1.79963
FILLER_0_5_497, 228.311, 24.48, 1.79963
FILLER_0_6_525, 241.528, 24.48, 1.79963
FILLER_0_5_553, 254.746, 24.48, 1.79963
FILLER_0_6_581, 267.964, 24.48, 1.79963
FILLER_0_5_609, 281.182, 24.48, 1.79963
PHY_4, 5.52, 19.04, 1.79964
PHY_6, 5.52, 19.04, 1.79964
PHY_5, 294.4, 19.04, 1.79963
PHY_7, 294.4, 19.04, 1.79963
FILLER_0_3_617, 294.4, 19.04, 1.79963
FILLER_0_3_51, 34.64, 19.04, 1.79964
FILLER_0_4_77, 34.64, 19.04, 1.79964
FILLER_0_3_105, 47.44, 19.04, 1.79964
FILLER_0_2_133, 73.04, 19.04, 1.79964
FILLER_0_3_161, 85.84, 19.04, 1.79964
FILLER_0_2_189, 98.64, 19.04, 1.79964
FILLER_0_3_217, 111.44, 19.04, 1.79963
FILLER_0_2_245, 124.24, 19.04, 1.79963
FILLER_0_3_273, 137.04, 19.04, 1.79963
FILLER_0_2_301, 149.84, 19.04, 1.79963
FILLER_0_3_329, 162.64, 19.04, 1.79963
FILLER_0_3_385, 188.657, 19.04, 1.79963
FILLER_0_2_413, 201.875, 19.04, 1.79963
FILLER_0_3_441, 201.875, 19.04, 1.79963
FILLER_0_4_469, 215.093, 19.04, 1.79963
FILLER_0_3_497, 228.311, 19.04, 1.79963
FILLER_0_4_525, 241.528, 19.04, 1.79963
FILLER_0_3_553, 254.746, 19.04, 1.79963
FILLER_0_4_581, 267.964, 19.04, 1.79963
FILLER_0_3_609, 281.182, 19.04, 1.79963
PHY_0, 5.52, 13.6, 1.79958
PHY_2, 5.52, 13.6, 1.79958
output10, 5.52, 13.6, 1.79958
PHY_1, 294.4, 13.6, 1.79929
PHY_3, 294.4, 13.6, 1.79929
output7, 294.4, 13.6, 1.79929
FILLER_0_1_617, 294.4, 13.6, 1.79929
FILLER_0_0_21, 13.68, 13.6, 1.79959
FILLER_0_0_53, 34.64, 13.6, 1.7996
FILLER_0_1_51, 34.64, 13.6, 1.7996
FILLER_0_2_77, 34.64, 13.6, 1.7996
FILLER_0_0_81, 47.44, 13.6, 1.79958
FILLER_0_1_105, 47.44, 13.6, 1.79958
output13, 60.24, 13.6, 1.79957
FILLER_0_0_109, 60.24, 13.6, 1.79957
FILLER_0_0_131, 60.24, 13.6, 1.79957
FILLER_0_0_165, 85.84, 13.6, 1.79957
FILLER_0_1_161, 85.84, 13.6, 1.79957
FILLER_0_0_193, 98.64, 13.6, 1.79957
output5, 111.44, 13.6, 1.79957
FILLER_0_0_221, 111.44, 13.6, 1.79957
FILLER_0_1_217, 111.44, 13.6, 1.79957
FILLER_0_0_245, 124.24, 13.6, 1.79957
FILLER_0_0_277, 137.04, 13.6, 1.79957
FILLER_0_1_273, 137.04, 13.6, 1.79957
FILLER_0_0_305, 149.84, 13.6, 1.79958
FILLER_0_0_333, 162.64, 13.6, 1.79958
FILLER_0_1_329, 162.64, 13.6, 1.79958
FILLER_0_0_385, 188.657, 13.6, 1.79954
FILLER_0_1_385, 188.657, 13.6, 1.79954
FILLER_0_0_417, 201.875, 13.6, 1.79949
FILLER_0_1_441, 201.875, 13.6, 1.79949
FILLER_0_0_445, 215.093, 13.6, 1.79945
FILLER_0_2_469, 215.093, 13.6, 1.79945
FILLER_0_0_473, 228.311, 13.6, 1.79941
FILLER_0_1_497, 228.311, 13.6, 1.79941
output12, 241.528, 13.6, 1.79936
FILLER_0_0_501, 241.528, 13.6, 1.79936
FILLER_0_0_523, 241.528, 13.6, 1.79936
FILLER_0_2_525, 241.528, 13.6, 1.79936
FILLER_0_1_553, 254.746, 13.6, 1.79934
FILLER_0_0_557, 267.964, 13.6, 1.79933
FILLER_0_2_581, 267.964, 13.6, 1.79933
FILLER_0_0_585, 281.182, 13.6, 1.79931
FILLER_0_0_613, 281.182, 13.6, 1.79931
FILLER_0_1_609, 281.182, 13.6, 1.79931

