
===========================================================================
 report_power
============================================================================
======================= Fastest Corner ===================================

Group                  Internal  Switching    Leakage      Total
                          Power      Power      Power      Power (Watts)
----------------------------------------------------------------
Sequential             9.32e-05   3.24e-05   7.82e-08   1.26e-04  27.7%
Combinational          1.56e-04   1.71e-04   5.89e-09   3.28e-04  72.3%
Macro                  0.00e+00   0.00e+00   0.00e+00   0.00e+00   0.0%
Pad                    0.00e+00   0.00e+00   0.00e+00   0.00e+00   0.0%
----------------------------------------------------------------
Total                  2.50e-04   2.03e-04   8.41e-08   4.53e-04 100.0%
                          55.1%      44.9%       0.0%

======================= Slowest Corner ===================================

Group                  Internal  Switching    Leakage      Total
                          Power      Power      Power      Power (Watts)
----------------------------------------------------------------
Sequential             6.23e-05   2.11e-05   3.12e-07   8.37e-05  26.9%
Combinational          1.13e-04   1.13e-04   7.36e-07   2.28e-04  73.1%
Macro                  0.00e+00   0.00e+00   0.00e+00   0.00e+00   0.0%
Pad                    0.00e+00   0.00e+00   0.00e+00   0.00e+00   0.0%
----------------------------------------------------------------
Total                  1.76e-04   1.34e-04   1.05e-06   3.11e-04 100.0%
                          56.5%      43.2%       0.3%

======================= Typical Corner ===================================

Group                  Internal  Switching    Leakage      Total
                          Power      Power      Power      Power (Watts)
----------------------------------------------------------------
Sequential             8.03e-05   2.71e-05   7.82e-08   1.08e-04  27.5%
Combinational          1.39e-04   1.45e-04   5.11e-09   2.84e-04  72.5%
Macro                  0.00e+00   0.00e+00   0.00e+00   0.00e+00   0.0%
Pad                    0.00e+00   0.00e+00   0.00e+00   0.00e+00   0.0%
----------------------------------------------------------------
Total                  2.20e-04   1.72e-04   8.33e-08   3.91e-04 100.0%
                          56.1%      43.9%       0.0%

