Mon Mar 23 04:21:14 UTC 2026 - Executing "openroad -exit -no_init -python /openlane/scripts/odbpy/lefutil.py get_metal_layers -o /home/sandeep/low_power_iot/runs/RUN_2026.03.23_04.21.14/tmp/layers.list /home/sandeep/.ciel/sky130A/libs.ref/sky130_fd_sc_hd/techlef/sky130_fd_sc_hd__nom.tlef"

Mon Mar 23 04:21:15 UTC 2026 - Executing "/openlane/scripts/mergeLef.py -o /home/sandeep/low_power_iot/runs/RUN_2026.03.23_04.21.14/tmp/merged.nom.lef -i /home/sandeep/.ciel/sky130A/libs.ref/sky130_fd_sc_hd/techlef/sky130_fd_sc_hd__nom.tlef {/home/sandeep/.ciel/sky130A/libs.ref/sky130_fd_sc_hd/lef/sky130_fd_sc_hd.lef /home/sandeep/.ciel/sky130A/libs.ref/sky130_fd_sc_hd/lef/sky130_ef_sc_hd.lef} |& tee /dev/null"

Mon Mar 23 04:21:15 UTC 2026 - Executing "/openlane/scripts/mergeLef.py -o /home/sandeep/low_power_iot/runs/RUN_2026.03.23_04.21.14/tmp/merged.min.lef -i /home/sandeep/.ciel/sky130A/libs.ref/sky130_fd_sc_hd/techlef/sky130_fd_sc_hd__min.tlef {/home/sandeep/.ciel/sky130A/libs.ref/sky130_fd_sc_hd/lef/sky130_fd_sc_hd.lef /home/sandeep/.ciel/sky130A/libs.ref/sky130_fd_sc_hd/lef/sky130_ef_sc_hd.lef} |& tee /dev/null"

Mon Mar 23 04:21:15 UTC 2026 - Executing "/openlane/scripts/mergeLef.py -o /home/sandeep/low_power_iot/runs/RUN_2026.03.23_04.21.14/tmp/merged.max.lef -i /home/sandeep/.ciel/sky130A/libs.ref/sky130_fd_sc_hd/techlef/sky130_fd_sc_hd__max.tlef {/home/sandeep/.ciel/sky130A/libs.ref/sky130_fd_sc_hd/lef/sky130_fd_sc_hd.lef /home/sandeep/.ciel/sky130A/libs.ref/sky130_fd_sc_hd/lef/sky130_ef_sc_hd.lef} |& tee /dev/null"

Mon Mar 23 04:21:15 UTC 2026 - Executing "python3 /openlane/scripts/mergeLib.py --output /home/sandeep/low_power_iot/runs/RUN_2026.03.23_04.21.14/tmp/synthesis/merged.lib --name sky130A_merged /home/sandeep/.ciel/sky130A/libs.ref/sky130_fd_sc_hd/lib/sky130_fd_sc_hd__tt_025C_1v80.lib"

Mon Mar 23 04:21:15 UTC 2026 - Executing "python3 /openlane/scripts/libtrim.py --cell-file /home/sandeep/low_power_iot/runs/RUN_2026.03.23_04.21.14/tmp/synthesis/trimmed.lib.exclude.list --output /home/sandeep/low_power_iot/runs/RUN_2026.03.23_04.21.14/tmp/synthesis/trimmed.lib /home/sandeep/low_power_iot/runs/RUN_2026.03.23_04.21.14/tmp/synthesis/merged.lib"

Mon Mar 23 04:21:15 UTC 2026 - Executing "python3 /openlane/scripts/libtrim.py --cell-file /home/sandeep/low_power_iot/runs/RUN_2026.03.23_04.21.14/tmp/cts/cts.lib.exclude.list --output /home/sandeep/low_power_iot/runs/RUN_2026.03.23_04.21.14/tmp/cts/cts.lib /home/sandeep/.ciel/sky130A/libs.ref/sky130_fd_sc_hd/lib/sky130_fd_sc_hd__tt_025C_1v80.lib"

Mon Mar 23 04:21:16 UTC 2026 - Executing "python3 /openlane/scripts/libtrim.py --cell-file /home/sandeep/low_power_iot/runs/RUN_2026.03.23_04.21.14/tmp/cts/cts-fastest.lib.exclude.list --output /home/sandeep/low_power_iot/runs/RUN_2026.03.23_04.21.14/tmp/cts/cts-fastest.lib /home/sandeep/.ciel/sky130A/libs.ref/sky130_fd_sc_hd/lib/sky130_fd_sc_hd__ff_n40C_1v95.lib"

Mon Mar 23 04:21:16 UTC 2026 - Executing "python3 /openlane/scripts/libtrim.py --cell-file /home/sandeep/low_power_iot/runs/RUN_2026.03.23_04.21.14/tmp/cts/cts-slowest.lib.exclude.list --output /home/sandeep/low_power_iot/runs/RUN_2026.03.23_04.21.14/tmp/cts/cts-slowest.lib /home/sandeep/.ciel/sky130A/libs.ref/sky130_fd_sc_hd/lib/sky130_fd_sc_hd__ss_100C_1v60.lib"

Mon Mar 23 04:21:16 UTC 2026 - Executing "python3 /openlane/scripts/new_tracks.py -i /home/sandeep/.ciel/sky130A/libs.tech/openlane/sky130_fd_sc_hd/tracks.info -o /home/sandeep/low_power_iot/runs/RUN_2026.03.23_04.21.14/tmp/routing/config.tracks"

Mon Mar 23 04:21:16 UTC 2026 - Executing "echo {OpenLane ff5509f65b17bfa4068d5336495ab1718987ff69} > /home/sandeep/low_power_iot/runs/RUN_2026.03.23_04.21.14/OPENLANE_COMMIT"

Mon Mar 23 04:21:16 UTC 2026 - Executing "bash -c {verilator  --lint-only  -Wall  --Wno-DECLFILENAME  --top-module iot_core_top  /home/sandeep/low_power_iot/rtl/alu.v /home/sandeep/low_power_iot/rtl/clock_gating_unit.v /home/sandeep/low_power_iot/rtl/instruction_decoder.v /home/sandeep/low_power_iot/rtl/instruction_memory.v /home/sandeep/low_power_iot/rtl/program_counter.v /home/sandeep/low_power_iot/rtl/register_file.v /home/sandeep/low_power_iot/rtl/iot_core_top.v -Wno-fatal --relative-includes |& tee /home/sandeep/low_power_iot/runs/RUN_2026.03.23_04.21.14/logs/synthesis/linter.log /dev/null}"

Mon Mar 23 04:21:16 UTC 2026 - Executing "sed -E {s/^([[:space:]]+)pg_pin(.*)/\1pin\2\n\1    direction : "inout";/g} /home/sandeep/.ciel/sky130A/libs.ref/sky130_fd_sc_hd/lib/sky130_fd_sc_hd__tt_025C_1v80.lib > /home/sandeep/low_power_iot/runs/RUN_2026.03.23_04.21.14/tmp/synthesis/1-sky130_fd_sc_hd__tt_025C_1v80.no_pg.lib"

Mon Mar 23 04:21:16 UTC 2026 - Executing "sed -E {s/^([[:space:]]+)pg_pin(.*)/\1pin\2\n\1    direction : "inout";/g} /home/sandeep/low_power_iot/runs/RUN_2026.03.23_04.21.14/tmp/synthesis/trimmed.lib > /home/sandeep/low_power_iot/runs/RUN_2026.03.23_04.21.14/tmp/synthesis/1-trimmed.no_pg.lib"

Mon Mar 23 04:21:16 UTC 2026 - Executing "yosys -c /openlane/scripts/yosys/synth.tcl |& tee /dev/null /home/sandeep/low_power_iot/runs/RUN_2026.03.23_04.21.14/logs/synthesis/1-synthesis.log"

Mon Mar 23 04:21:18 UTC 2026 - Executing "sed -i.bak -e {s/\(set ::env(CURRENT_NETLIST)\).*/\1 \/home\/sandeep\/low_power_iot\/runs\/RUN_2026.03.23_04.21.14\/results\/synthesis\/iot_core_top.v/} /home/sandeep/low_power_iot/runs/RUN_2026.03.23_04.21.14/config.tcl"

Mon Mar 23 04:21:18 UTC 2026 - Executing "sed -i.bak /defparam/d /home/sandeep/low_power_iot/runs/RUN_2026.03.23_04.21.14/results/synthesis/iot_core_top.v"

Mon Mar 23 04:21:19 UTC 2026 - Executing "sta -exit -no_init /openlane/scripts/openroad/sta/multi_corner.tcl |& tee /dev/null /home/sandeep/low_power_iot/runs/RUN_2026.03.23_04.21.14/logs/synthesis/2-sta.log"

Mon Mar 23 04:21:19 UTC 2026 - Executing "openroad -exit /openlane/scripts/openroad/floorplan.tcl |& tee /dev/null /home/sandeep/low_power_iot/runs/RUN_2026.03.23_04.21.14/logs/floorplan/3-initial_fp.log"

Mon Mar 23 04:21:19 UTC 2026 - Executing "openroad -exit -no_init -python /openlane/scripts/odbpy/defutil.py extract_core_dims --output-data /home/sandeep/low_power_iot/runs/RUN_2026.03.23_04.21.14/tmp/dimensions.txt --input-lef /home/sandeep/low_power_iot/runs/RUN_2026.03.23_04.21.14/tmp/merged.nom.lef /home/sandeep/low_power_iot/runs/RUN_2026.03.23_04.21.14/tmp/floorplan/3-initial_fp.def"

Mon Mar 23 04:21:20 UTC 2026 - Executing "openroad -exit /openlane/scripts/openroad/ioplacer.tcl |& tee /dev/null /home/sandeep/low_power_iot/runs/RUN_2026.03.23_04.21.14/logs/floorplan/4-io.log"

Mon Mar 23 04:21:20 UTC 2026 - Executing "openroad -exit /openlane/scripts/openroad/tapcell.tcl |& tee /dev/null /home/sandeep/low_power_iot/runs/RUN_2026.03.23_04.21.14/logs/floorplan/5-tap.log"

Mon Mar 23 04:21:21 UTC 2026 - Executing "openroad -exit /openlane/scripts/openroad/pdn.tcl |& tee /dev/null /home/sandeep/low_power_iot/runs/RUN_2026.03.23_04.21.14/logs/floorplan/6-pdn.log"

Mon Mar 23 04:21:21 UTC 2026 - Executing "openroad -exit /openlane/scripts/openroad/gpl.tcl |& tee /dev/null /home/sandeep/low_power_iot/runs/RUN_2026.03.23_04.21.14/logs/placement/7-global.log"

Mon Mar 23 04:21:22 UTC 2026 - Executing "sed -i.bak -e {s/\(set ::env(CURRENT_NETLIST)\).*/\1 \/home\/sandeep\/low_power_iot\/runs\/RUN_2026.03.23_04.21.14\/tmp\/placement\/7-global.nl.v/} /home/sandeep/low_power_iot/runs/RUN_2026.03.23_04.21.14/config.tcl"

Mon Mar 23 04:21:22 UTC 2026 - Executing "openroad -exit /openlane/scripts/openroad/sta/multi_corner.tcl |& tee /dev/null /home/sandeep/low_power_iot/runs/RUN_2026.03.23_04.21.14/logs/placement/8-gpl_sta.log"

Mon Mar 23 04:21:22 UTC 2026 - Executing "openroad -exit /openlane/scripts/openroad/resizer.tcl |& tee /dev/null /home/sandeep/low_power_iot/runs/RUN_2026.03.23_04.21.14/logs/placement/9-resizer.log"

Mon Mar 23 04:21:23 UTC 2026 - Executing "sed -i.bak -e {s/\(set ::env(CURRENT_NETLIST)\).*/\1 \/home\/sandeep\/low_power_iot\/runs\/RUN_2026.03.23_04.21.14\/tmp\/placement\/9-resizer.nl.v/} /home/sandeep/low_power_iot/runs/RUN_2026.03.23_04.21.14/config.tcl"

Mon Mar 23 04:21:24 UTC 2026 - Executing "openroad -exit /openlane/scripts/openroad/dpl.tcl |& tee /dev/null /home/sandeep/low_power_iot/runs/RUN_2026.03.23_04.21.14/logs/placement/10-detailed.log"

Mon Mar 23 04:21:24 UTC 2026 - Executing "sed -i.bak -e {s/\(set ::env(CURRENT_NETLIST)\).*/\1 \/home\/sandeep\/low_power_iot\/runs\/RUN_2026.03.23_04.21.14\/results\/placement\/iot_core_top.nl.v/} /home/sandeep/low_power_iot/runs/RUN_2026.03.23_04.21.14/config.tcl"

Mon Mar 23 04:21:24 UTC 2026 - Executing "openroad -exit /openlane/scripts/openroad/sta/multi_corner.tcl |& tee /dev/null /home/sandeep/low_power_iot/runs/RUN_2026.03.23_04.21.14/logs/placement/11-dpl_sta.log"

Mon Mar 23 04:21:24 UTC 2026 - Executing "openroad -exit /openlane/scripts/openroad/cts.tcl |& tee /dev/null /home/sandeep/low_power_iot/runs/RUN_2026.03.23_04.21.14/logs/cts/12-cts.log"

Mon Mar 23 04:21:44 UTC 2026 - Executing "openroad -exit /openlane/scripts/openroad/sta/multi_corner.tcl |& tee /dev/null /home/sandeep/low_power_iot/runs/RUN_2026.03.23_04.21.14/logs/cts/13-cts_sta.log"

Mon Mar 23 04:21:45 UTC 2026 - Executing "openroad -exit /openlane/scripts/openroad/resizer_timing.tcl |& tee /dev/null /home/sandeep/low_power_iot/runs/RUN_2026.03.23_04.21.14/logs/cts/14-resizer.log"

Mon Mar 23 04:21:46 UTC 2026 - Executing "sed -i.bak -e {s/\(set ::env(CURRENT_NETLIST)\).*/\1 \/home\/sandeep\/low_power_iot\/runs\/RUN_2026.03.23_04.21.14\/tmp\/cts\/14-iot_core_top.resized.nl.v/} /home/sandeep/low_power_iot/runs/RUN_2026.03.23_04.21.14/config.tcl"

Mon Mar 23 04:21:46 UTC 2026 - Executing "openroad -exit /openlane/scripts/openroad/resizer_routing_design.tcl |& tee /dev/null /home/sandeep/low_power_iot/runs/RUN_2026.03.23_04.21.14/logs/routing/15-resizer_design.log"

Mon Mar 23 04:21:47 UTC 2026 - Executing "sed -i.bak -e {s/\(set ::env(CURRENT_NETLIST)\).*/\1 \/home\/sandeep\/low_power_iot\/runs\/RUN_2026.03.23_04.21.14\/tmp\/15-iot_core_top.nl.v/} /home/sandeep/low_power_iot/runs/RUN_2026.03.23_04.21.14/config.tcl"

Mon Mar 23 04:21:47 UTC 2026 - Executing "openroad -exit /openlane/scripts/openroad/sta/multi_corner.tcl |& tee /dev/null /home/sandeep/low_power_iot/runs/RUN_2026.03.23_04.21.14/logs/routing/16-rsz_design_sta.log"

Mon Mar 23 04:21:47 UTC 2026 - Executing "openroad -exit /openlane/scripts/openroad/resizer_routing_timing.tcl |& tee /dev/null /home/sandeep/low_power_iot/runs/RUN_2026.03.23_04.21.14/logs/routing/17-resizer_timing.log"

Mon Mar 23 04:21:48 UTC 2026 - Executing "sed -i.bak -e {s/\(set ::env(CURRENT_NETLIST)\).*/\1 \/home\/sandeep\/low_power_iot\/runs\/RUN_2026.03.23_04.21.14\/tmp\/17-iot_core_top.nl.v/} /home/sandeep/low_power_iot/runs/RUN_2026.03.23_04.21.14/config.tcl"

Mon Mar 23 04:21:48 UTC 2026 - Executing "openroad -exit /openlane/scripts/openroad/sta/multi_corner.tcl |& tee /dev/null /home/sandeep/low_power_iot/runs/RUN_2026.03.23_04.21.14/logs/routing/18-rsz_timing_sta.log"

Mon Mar 23 04:21:48 UTC 2026 - Executing "openroad -exit /openlane/scripts/openroad/groute.tcl |& tee /dev/null /home/sandeep/low_power_iot/runs/RUN_2026.03.23_04.21.14/logs/routing/19-global.log"

Mon Mar 23 04:21:49 UTC 2026 - Executing "openroad -exit /openlane/scripts/openroad/write_views.tcl |& tee /dev/null /home/sandeep/low_power_iot/runs/RUN_2026.03.23_04.21.14/logs/routing/19-global_write_netlist.log"

Mon Mar 23 04:21:49 UTC 2026 - Executing "sed -i.bak -e {s/\(set ::env(CURRENT_NETLIST)\).*/\1 \/home\/sandeep\/low_power_iot\/runs\/RUN_2026.03.23_04.21.14\/tmp\/routing\/global.nl.v/} /home/sandeep/low_power_iot/runs/RUN_2026.03.23_04.21.14/config.tcl"

Mon Mar 23 04:21:49 UTC 2026 - Executing "openroad -exit /openlane/scripts/openroad/sta/multi_corner.tcl |& tee /dev/null /home/sandeep/low_power_iot/runs/RUN_2026.03.23_04.21.14/logs/routing/21-grt_sta.log"

Mon Mar 23 04:21:50 UTC 2026 - Executing "openroad -exit /openlane/scripts/openroad/fill.tcl |& tee /dev/null /home/sandeep/low_power_iot/runs/RUN_2026.03.23_04.21.14/logs/routing/22-fill.log"

Mon Mar 23 04:21:50 UTC 2026 - Executing "sed -i.bak -e {s/\(set ::env(CURRENT_NETLIST)\).*/\1 \/home\/sandeep\/low_power_iot\/runs\/RUN_2026.03.23_04.21.14\/tmp\/routing\/22-fill.nl.v/} /home/sandeep/low_power_iot/runs/RUN_2026.03.23_04.21.14/config.tcl"

Mon Mar 23 04:21:50 UTC 2026 - Executing "openroad -exit /openlane/scripts/openroad/droute.tcl |& tee /dev/null /home/sandeep/low_power_iot/runs/RUN_2026.03.23_04.21.14/logs/routing/23-detailed.log"

Mon Mar 23 04:21:59 UTC 2026 - Executing "sed -i.bak -e {s/\(set ::env(CURRENT_NETLIST)\).*/\1 \/home\/sandeep\/low_power_iot\/runs\/RUN_2026.03.23_04.21.14\/results\/routing\/iot_core_top.nl.v/} /home/sandeep/low_power_iot/runs/RUN_2026.03.23_04.21.14/config.tcl"

Mon Mar 23 04:21:59 UTC 2026 - Executing "python3 /openlane/scripts/drc_rosetta.py tr to_klayout -o /home/sandeep/low_power_iot/runs/RUN_2026.03.23_04.21.14/reports/routing/drt.klayout.xml --design-name iot_core_top /home/sandeep/low_power_iot/runs/RUN_2026.03.23_04.21.14/reports/routing/drt.drc"

Mon Mar 23 04:21:59 UTC 2026 - Executing "openroad -exit -no_init -python /openlane/scripts/odbpy/wire_lengths.py --report-out /home/sandeep/low_power_iot/runs/RUN_2026.03.23_04.21.14/reports/routing/24-wire_lengths.csv --input-lef /home/sandeep/low_power_iot/runs/RUN_2026.03.23_04.21.14/tmp/merged.nom.lef --output-def /dev/null --output /home/sandeep/low_power_iot/runs/RUN_2026.03.23_04.21.14/results/routing/iot_core_top.odb /home/sandeep/low_power_iot/runs/RUN_2026.03.23_04.21.14/results/routing/iot_core_top.odb |& tee /dev/null /home/sandeep/low_power_iot/runs/RUN_2026.03.23_04.21.14/logs/routing/24-wire_lengths.log"

Mon Mar 23 04:21:59 UTC 2026 - Executing "openroad -exit /openlane/scripts/openroad/rcx.tcl |& tee /dev/null /home/sandeep/low_power_iot/runs/RUN_2026.03.23_04.21.14/logs/signoff/25-parasitics_extraction.min.log"

Mon Mar 23 04:22:00 UTC 2026 - Executing "sta -exit -no_init /openlane/scripts/openroad/sta/multi_corner.tcl |& tee /dev/null /home/sandeep/low_power_iot/runs/RUN_2026.03.23_04.21.14/logs/signoff/26-rcx_mcsta.min.log"

Mon Mar 23 04:22:01 UTC 2026 - Executing "openroad -exit /openlane/scripts/openroad/rcx.tcl |& tee /dev/null /home/sandeep/low_power_iot/runs/RUN_2026.03.23_04.21.14/logs/signoff/27-parasitics_extraction.max.log"

Mon Mar 23 04:22:01 UTC 2026 - Executing "sta -exit -no_init /openlane/scripts/openroad/sta/multi_corner.tcl |& tee /dev/null /home/sandeep/low_power_iot/runs/RUN_2026.03.23_04.21.14/logs/signoff/28-rcx_mcsta.max.log"

Mon Mar 23 04:22:02 UTC 2026 - Executing "openroad -exit /openlane/scripts/openroad/rcx.tcl |& tee /dev/null /home/sandeep/low_power_iot/runs/RUN_2026.03.23_04.21.14/logs/signoff/29-parasitics_extraction.nom.log"

Mon Mar 23 04:22:02 UTC 2026 - Executing "sta -exit -no_init /openlane/scripts/openroad/sta/multi_corner.tcl |& tee /dev/null /home/sandeep/low_power_iot/runs/RUN_2026.03.23_04.21.14/logs/signoff/30-rcx_mcsta.nom.log"

Mon Mar 23 04:22:03 UTC 2026 - Executing "sta -exit -no_init /openlane/scripts/openroad/sta/multi_corner.tcl |& tee /dev/null /home/sandeep/low_power_iot/runs/RUN_2026.03.23_04.21.14/logs/signoff/31-rcx_sta.log"

Mon Mar 23 04:22:04 UTC 2026 - Executing "openroad -exit /openlane/scripts/openroad/irdrop.tcl |& tee /dev/null /home/sandeep/low_power_iot/runs/RUN_2026.03.23_04.21.14/logs/signoff/32-irdrop.log"

Mon Mar 23 04:22:04 UTC 2026 - Executing "magic -noconsole -dnull -rcfile /home/sandeep/.ciel/sky130A/libs.tech/magic/sky130A.magicrc < /openlane/scripts/magic/wrapper.tcl |& tee /dev/null /home/sandeep/low_power_iot/runs/RUN_2026.03.23_04.21.14/logs/signoff/33-gdsii.log"

Mon Mar 23 04:22:05 UTC 2026 - Executing "magic -noconsole -dnull -rcfile /home/sandeep/.ciel/sky130A/libs.tech/magic/sky130A.magicrc < /openlane/scripts/magic/wrapper.tcl |& tee /dev/null /home/sandeep/low_power_iot/runs/RUN_2026.03.23_04.21.14/logs/signoff/33-gds_ptrs.log"

Mon Mar 23 04:22:05 UTC 2026 - Executing "sed -i.bak -n {/^<< properties >>/,/^<< end >>/p} /home/sandeep/low_power_iot/runs/RUN_2026.03.23_04.21.14/tmp/signoff/gds_ptrs.mag"

Mon Mar 23 04:22:05 UTC 2026 - Executing "magic -noconsole -dnull -rcfile /home/sandeep/.ciel/sky130A/libs.tech/magic/sky130A.magicrc < /openlane/scripts/magic/wrapper.tcl |& tee /dev/null /home/sandeep/low_power_iot/runs/RUN_2026.03.23_04.21.14/logs/signoff/33-lef.log"

Mon Mar 23 04:22:06 UTC 2026 - Executing "magic -noconsole -dnull -rcfile /home/sandeep/.ciel/sky130A/libs.tech/magic/sky130A.magicrc < /openlane/scripts/magic/wrapper.tcl |& tee /dev/null /home/sandeep/low_power_iot/runs/RUN_2026.03.23_04.21.14/logs/signoff/33-maglef.log"

Mon Mar 23 04:22:06 UTC 2026 - Executing "python3 /openlane/scripts/klayout/stream_out.py --output /home/sandeep/low_power_iot/runs/RUN_2026.03.23_04.21.14/results/signoff/iot_core_top.klayout.gds --lyt /home/sandeep/.ciel/sky130A/libs.tech/klayout/tech/sky130A.lyt --lym /home/sandeep/.ciel/sky130A/libs.tech/klayout/tech/sky130A.map --lyp /home/sandeep/.ciel/sky130A/libs.tech/klayout/tech/sky130A.lyp --top iot_core_top --with-gds-file /home/sandeep/.ciel/sky130A/libs.ref/sky130_fd_sc_hd/gds/sky130_fd_sc_hd.gds --input-lef /home/sandeep/low_power_iot/runs/RUN_2026.03.23_04.21.14/tmp/merged.nom.lef /home/sandeep/low_power_iot/runs/RUN_2026.03.23_04.21.14/results/routing/iot_core_top.def |& tee /dev/null /home/sandeep/low_power_iot/runs/RUN_2026.03.23_04.21.14/logs/signoff/34-gdsii-klayout.log"

Mon Mar 23 04:22:07 UTC 2026 - Executing "klayout -b -r /openlane/scripts/klayout/xor.drc -rd a=/home/sandeep/low_power_iot/runs/RUN_2026.03.23_04.21.14/results/signoff/iot_core_top.gds -rd b=/home/sandeep/low_power_iot/runs/RUN_2026.03.23_04.21.14/results/signoff/iot_core_top.klayout.gds -rd jobs=1 -rd rdb_out=/home/sandeep/low_power_iot/runs/RUN_2026.03.23_04.21.14/reports/signoff/35-xor.xml -rd ignore=81/14 -rd rpt_out=/home/sandeep/low_power_iot/runs/RUN_2026.03.23_04.21.14/reports/signoff/35-xor.rpt |& tee /dev/null /home/sandeep/low_power_iot/runs/RUN_2026.03.23_04.21.14/logs/signoff/35-xor.log"

Mon Mar 23 04:22:09 UTC 2026 - Executing "magic -noconsole -dnull -rcfile /home/sandeep/.ciel/sky130A/libs.tech/magic/sky130A.magicrc < /openlane/scripts/magic/wrapper.tcl |& tee /dev/null /home/sandeep/low_power_iot/runs/RUN_2026.03.23_04.21.14/logs/signoff/36-spice.log"

Mon Mar 23 04:22:11 UTC 2026 - Executing "openroad -exit -no_init -python /openlane/scripts/odbpy/power_utils.py write_powered_def --output /home/sandeep/low_power_iot/runs/RUN_2026.03.23_04.21.14/tmp/signoff/36-iot_core_top.p.def --input-lef /home/sandeep/low_power_iot/runs/RUN_2026.03.23_04.21.14/tmp/merged.nom.lef --power-port VPWR --ground-port VGND --powered-netlist {} /home/sandeep/low_power_iot/runs/RUN_2026.03.23_04.21.14/results/routing/iot_core_top.def |& tee /dev/null /home/sandeep/low_power_iot/runs/RUN_2026.03.23_04.21.14/logs/signoff/37-write_powered_def.log"

Mon Mar 23 04:22:12 UTC 2026 - Executing "openroad -exit /openlane/scripts/openroad/write_views.tcl |& tee /dev/null /home/sandeep/low_power_iot/runs/RUN_2026.03.23_04.21.14/logs/signoff/37-write_powered_verilog.log"

Mon Mar 23 04:22:12 UTC 2026 - Executing "sed -i.bak -e {s/\(set ::env(CURRENT_NETLIST)\).*/\1 \/home\/sandeep\/low_power_iot\/runs\/RUN_2026.03.23_04.21.14\/tmp\/signoff\/36-iot_core_top.nl.v/} /home/sandeep/low_power_iot/runs/RUN_2026.03.23_04.21.14/config.tcl"

Mon Mar 23 04:22:12 UTC 2026 - Executing "netgen -batch source /home/sandeep/low_power_iot/runs/RUN_2026.03.23_04.21.14/tmp/signoff/39-setup_file.lef.lvs |& tee /dev/null /home/sandeep/low_power_iot/runs/RUN_2026.03.23_04.21.14/logs/signoff/39-lvs.lef.log"

Mon Mar 23 04:22:12 UTC 2026 - Executing "magic -noconsole -dnull -rcfile /home/sandeep/.ciel/sky130A/libs.tech/magic/sky130A.magicrc < /openlane/scripts/magic/wrapper.tcl |& tee /dev/null /home/sandeep/low_power_iot/runs/RUN_2026.03.23_04.21.14/logs/signoff/40-drc.log"

Mon Mar 23 04:22:13 UTC 2026 - Executing "python3 /openlane/scripts/drc_rosetta.py magic to_tcl -o /home/sandeep/low_power_iot/runs/RUN_2026.03.23_04.21.14/reports/signoff/drc.tcl /home/sandeep/low_power_iot/runs/RUN_2026.03.23_04.21.14/reports/signoff/drc.rpt"

Mon Mar 23 04:22:13 UTC 2026 - Executing "python3 /openlane/scripts/drc_rosetta.py magic to_tr -o /home/sandeep/low_power_iot/runs/RUN_2026.03.23_04.21.14/reports/signoff/drc.tr /home/sandeep/low_power_iot/runs/RUN_2026.03.23_04.21.14/reports/signoff/drc.rpt"

Mon Mar 23 04:22:13 UTC 2026 - Executing "python3 /openlane/scripts/drc_rosetta.py tr to_klayout -o /home/sandeep/low_power_iot/runs/RUN_2026.03.23_04.21.14/reports/signoff/drc.klayout.xml --design-name iot_core_top /home/sandeep/low_power_iot/runs/RUN_2026.03.23_04.21.14/reports/signoff/drc.tr"

Mon Mar 23 04:22:13 UTC 2026 - Executing "python3 /openlane/scripts/drc_rosetta.py magic to_rdb -o /home/sandeep/low_power_iot/runs/RUN_2026.03.23_04.21.14/reports/signoff/drc.rdb /home/sandeep/low_power_iot/runs/RUN_2026.03.23_04.21.14/reports/signoff/drc.rpt"

Mon Mar 23 04:22:13 UTC 2026 - Executing "openroad -exit /openlane/scripts/openroad/antenna_check.tcl |& tee /dev/null /home/sandeep/low_power_iot/runs/RUN_2026.03.23_04.21.14/logs/signoff/41-arc.log"

Mon Mar 23 04:22:14 UTC 2026 - Executing "python3 /openlane/scripts/extract_antenna_violators.py --output /home/sandeep/low_power_iot/runs/RUN_2026.03.23_04.21.14/reports/signoff/41-antenna_violators.rpt --plain-out /home/sandeep/low_power_iot/runs/RUN_2026.03.23_04.21.14/reports/signoff/41-antenna_violators_pins.txt /home/sandeep/low_power_iot/runs/RUN_2026.03.23_04.21.14/logs/signoff/41-arc.log"

Mon Mar 23 04:22:14 UTC 2026 - Executing "awk -v vdd=VPWR -v gnd=VGND -f /home/sandeep/.ciel/sky130A/libs.tech/openlane/cvc/power.awk /home/sandeep/low_power_iot/runs/RUN_2026.03.23_04.21.14/tmp/signoff/36-iot_core_top.nl.v > /home/sandeep/low_power_iot/runs/RUN_2026.03.23_04.21.14/tmp/signoff/iot_core_top.power"

Mon Mar 23 04:22:14 UTC 2026 - Executing "awk -f /home/sandeep/.ciel/sky130A/libs.tech/openlane/cvc/cdl.awk /home/sandeep/.ciel/sky130A/libs.ref/sky130_fd_sc_hd/cdl/sky130_fd_sc_hd.cdl /home/sandeep/low_power_iot/runs/RUN_2026.03.23_04.21.14/results/signoff/iot_core_top.lef.spice > /home/sandeep/low_power_iot/runs/RUN_2026.03.23_04.21.14/tmp/signoff/iot_core_top.cdl"

Mon Mar 23 04:22:14 UTC 2026 - Executing "cvc_rv /home/sandeep/.ciel/sky130A/libs.tech/openlane/cvc/cvcrc |& tee /dev/null /home/sandeep/low_power_iot/runs/RUN_2026.03.23_04.21.14/logs/signoff/42-erc_screen.log"

